<?xml version="1.0" encoding="UTF-8"?>
<!-- Generated by org.testng.reporters.JUnitXMLReporter -->
<testsuite ignored="0" hostname="YOGESH-CHAUHAN" failures="0" tests="2456" name="Edge tests" time="40.801" errors="0" timestamp="2025-07-28T14:56:32 IST">
  <testcase classname="VGApplication.VG_UP.Stage_2" name="registrationfirst" time="0.02"/>
  <testcase classname="VGApplication.VG_UP.Stage_2" name="registrationfirst" time="0.0">
    <skipped/>
  </testcase> <!-- registrationfirst -->
  <testcase classname="VGApplication.VG_UP.Stage_2" name="registrationfirst" time="0.0">
    <skipped/>
  </testcase> <!-- registrationfirst -->
  <testcase classname="VGApplication.VG_UP.Stage_2" name="registrationfirst" time="0.001">
    <skipped/>
  </testcase> <!-- registrationfirst -->
  <testcase classname="VGApplication.VG_UP.Stage_2" name="registrationfirst" time="0.0">
    <skipped/>
  </testcase> <!-- registrationfirst -->
  <testcase classname="VGApplication.VG_UP.Stage_2" name="registrationfirst" time="0.0">
    <skipped/>
  </testcase> <!-- registrationfirst -->
  <testcase classname="VGApplication.VG_UP.Stage_2" name="registrationfirst" time="0.0">
    <skipped/>
  </testcase> <!-- registrationfirst -->
  <testcase classname="VGApplication.VG_UP.Stage_2" name="registrationfirst" time="0.0">
    <skipped/>
  </testcase> <!-- registrationfirst -->
  <testcase classname="VGApplication.VG_UP.Stage_2" name="registrationfirst" time="0.0">
    <skipped/>
  </testcase> <!-- registrationfirst -->
  <testcase classname="VGApplication.VG_UP.Stage_2" name="registrationfirst" time="0.001">
    <skipped/>
  </testcase> <!-- registrationfirst -->
  <testcase classname="VGApplication.VG_UP.Stage_2" name="registrationfirst" time="0.001">
    <skipped/>
  </testcase> <!-- registrationfirst -->
  <testcase classname="VGApplication.VG_UP.Stage_2" name="registrationfirst" time="0.0">
    <skipped/>
  </testcase> <!-- registrationfirst -->
  <testcase classname="VGApplication.VG_UP.Stage_2" name="registrationfirst" time="0.0">
    <skipped/>
  </testcase> <!-- registrationfirst -->
  <testcase classname="VGApplication.VG_UP.Stage_2" name="registrationfirst" time="0.0">
    <skipped/>
  </testcase> <!-- registrationfirst -->
  <testcase classname="VGApplication.VG_UP.Stage_2" name="registrationfirst" time="0.0">
    <skipped/>
  </testcase> <!-- registrationfirst -->
  <testcase classname="VGApplication.VG_UP.Stage_2" name="registrationfirst" time="0.0">
    <skipped/>
  </testcase> <!-- registrationfirst -->
  <testcase classname="VGApplication.VG_UP.Stage_2" name="registrationfirst" time="0.0">
    <skipped/>
  </testcase> <!-- registrationfirst -->
  <testcase classname="VGApplication.VG_UP.Stage_2" name="registrationfirst" time="0.0">
    <skipped/>
  </testcase> <!-- registrationfirst -->
  <testcase classname="VGApplication.VG_UP.Stage_2" name="registrationfirst" time="0.0">
    <skipped/>
  </testcase> <!-- registrationfirst -->
  <testcase classname="VGApplication.VG_UP.Stage_2" name="registrationfirst" time="0.0">
    <skipped/>
  </testcase> <!-- registrationfirst -->
  <testcase classname="VGApplication.VG_UP.Stage_2" name="registrationfirst" time="0.0">
    <skipped/>
  </testcase> <!-- registrationfirst -->
  <testcase classname="VGApplication.VG_UP.Stage_2" name="registrationfirst" time="0.0">
    <skipped/>
  </testcase> <!-- registrationfirst -->
  <testcase classname="VGApplication.VG_UP.Stage_2" name="registrationfirst" time="0.0">
    <skipped/>
  </testcase> <!-- registrationfirst -->
  <testcase classname="VGApplication.VG_UP.Stage_2" name="registrationfirst" time="0.0">
    <skipped/>
  </testcase> <!-- registrationfirst -->
  <testcase classname="VGApplication.VG_UP.Stage_2" name="registrationfirst" time="0.0">
    <skipped/>
  </testcase> <!-- registrationfirst -->
  <testcase classname="VGApplication.VG_UP.Stage_2" name="registrationfirst" time="0.0">
    <skipped/>
  </testcase> <!-- registrationfirst -->
  <testcase classname="VGApplication.VG_UP.Stage_2" name="registrationfirst" time="0.0">
    <skipped/>
  </testcase> <!-- registrationfirst -->
  <testcase classname="VGApplication.VG_UP.Stage_2" name="registrationfirst" time="0.0">
    <skipped/>
  </testcase> <!-- registrationfirst -->
  <testcase classname="VGApplication.VG_UP.Stage_2" name="registrationfirst" time="0.0">
    <skipped/>
  </testcase> <!-- registrationfirst -->
  <testcase classname="VGApplication.VG_UP.Stage_2" name="registrationfirst" time="0.0">
    <skipped/>
  </testcase> <!-- registrationfirst -->
  <testcase classname="VGApplication.VG_UP.Stage_2" name="registrationfirst" time="0.0">
    <skipped/>
  </testcase> <!-- registrationfirst -->
  <testcase classname="VGApplication.VG_UP.Stage_2" name="registrationfirst" time="0.0">
    <skipped/>
  </testcase> <!-- registrationfirst -->
  <testcase classname="VGApplication.VG_UP.Stage_2" name="registrationfirst" time="0.0">
    <skipped/>
  </testcase> <!-- registrationfirst -->
  <testcase classname="VGApplication.VG_UP.Stage_2" name="registrationfirst" time="0.0">
    <skipped/>
  </testcase> <!-- registrationfirst -->
  <testcase classname="VGApplication.VG_UP.Stage_2" name="registrationfirst" time="0.0">
    <skipped/>
  </testcase> <!-- registrationfirst -->
  <testcase classname="VGApplication.VG_UP.Stage_2" name="registrationfirst" time="0.0">
    <skipped/>
  </testcase> <!-- registrationfirst -->
  <testcase classname="VGApplication.VG_UP.Stage_2" name="registrationfirst" time="0.0">
    <skipped/>
  </testcase> <!-- registrationfirst -->
  <testcase classname="VGApplication.VG_UP.Stage_2" name="registrationfirst" time="0.0">
    <skipped/>
  </testcase> <!-- registrationfirst -->
  <testcase classname="VGApplication.VG_UP.Stage_2" name="registrationfirst" time="0.0">
    <skipped/>
  </testcase> <!-- registrationfirst -->
  <testcase classname="VGApplication.VG_UP.Stage_2" name="registrationfirst" time="0.0">
    <skipped/>
  </testcase> <!-- registrationfirst -->
  <testcase classname="VGApplication.VG_UP.Stage_2" name="registrationfirst" time="0.0">
    <skipped/>
  </testcase> <!-- registrationfirst -->
  <testcase classname="VGApplication.VG_UP.Stage_2" name="registrationfirst" time="0.0">
    <skipped/>
  </testcase> <!-- registrationfirst -->
  <testcase classname="VGApplication.VG_UP.Stage_2" name="registrationfirst" time="0.0">
    <skipped/>
  </testcase> <!-- registrationfirst -->
  <testcase classname="VGApplication.VG_UP.Stage_2" name="registrationfirst" time="0.0">
    <skipped/>
  </testcase> <!-- registrationfirst -->
  <testcase classname="VGApplication.VG_UP.Stage_2" name="registrationfirst" time="0.0">
    <skipped/>
  </testcase> <!-- registrationfirst -->
  <testcase classname="VGApplication.VG_UP.Stage_2" name="registrationfirst" time="0.0">
    <skipped/>
  </testcase> <!-- registrationfirst -->
  <testcase classname="VGApplication.VG_UP.Stage_2" name="registrationfirst" time="0.0">
    <skipped/>
  </testcase> <!-- registrationfirst -->
  <testcase classname="VGApplication.VG_UP.Stage_2" name="registrationfirst" time="0.0">
    <skipped/>
  </testcase> <!-- registrationfirst -->
  <testcase classname="VGApplication.VG_UP.Stage_2" name="registrationfirst" time="0.0">
    <skipped/>
  </testcase> <!-- registrationfirst -->
  <testcase classname="VGApplication.VG_UP.Stage_2" name="registrationfirst" time="0.0">
    <skipped/>
  </testcase> <!-- registrationfirst -->
  <testcase classname="VGApplication.VG_UP.Stage_2" name="registrationfirst" time="0.0">
    <skipped/>
  </testcase> <!-- registrationfirst -->
  <testcase classname="VGApplication.VG_UP.Stage_2" name="registrationfirst" time="0.0">
    <skipped/>
  </testcase> <!-- registrationfirst -->
  <testcase classname="VGApplication.VG_UP.Stage_2" name="registrationfirst" time="0.0">
    <skipped/>
  </testcase> <!-- registrationfirst -->
  <testcase classname="VGApplication.VG_UP.Stage_2" name="registrationfirst" time="0.0">
    <skipped/>
  </testcase> <!-- registrationfirst -->
  <testcase classname="VGApplication.VG_UP.Stage_2" name="registrationfirst" time="0.0">
    <skipped/>
  </testcase> <!-- registrationfirst -->
  <testcase classname="VGApplication.VG_UP.Stage_2" name="registrationfirst" time="0.0">
    <skipped/>
  </testcase> <!-- registrationfirst -->
  <testcase classname="VGApplication.VG_UP.Stage_2" name="registrationfirst" time="0.0">
    <skipped/>
  </testcase> <!-- registrationfirst -->
  <testcase classname="VGApplication.VG_UP.Stage_2" name="registrationfirst" time="0.0">
    <skipped/>
  </testcase> <!-- registrationfirst -->
  <testcase classname="VGApplication.VG_UP.Stage_2" name="registrationfirst" time="0.0">
    <skipped/>
  </testcase> <!-- registrationfirst -->
  <testcase classname="VGApplication.VG_UP.Stage_2" name="registrationfirst" time="0.0">
    <skipped/>
  </testcase> <!-- registrationfirst -->
  <testcase classname="VGApplication.VG_UP.Stage_2" name="registrationfirst" time="0.0">
    <skipped/>
  </testcase> <!-- registrationfirst -->
  <testcase classname="VGApplication.VG_UP.Stage_2" name="registrationfirst" time="0.0">
    <skipped/>
  </testcase> <!-- registrationfirst -->
  <testcase classname="VGApplication.VG_UP.Stage_2" name="registrationfirst" time="0.0">
    <skipped/>
  </testcase> <!-- registrationfirst -->
  <testcase classname="VGApplication.VG_UP.Stage_2" name="registrationfirst" time="0.0">
    <skipped/>
  </testcase> <!-- registrationfirst -->
  <testcase classname="VGApplication.VG_UP.Stage_2" name="registrationfirst" time="0.0">
    <skipped/>
  </testcase> <!-- registrationfirst -->
  <testcase classname="VGApplication.VG_UP.Stage_2" name="registrationfirst" time="0.0">
    <skipped/>
  </testcase> <!-- registrationfirst -->
  <testcase classname="VGApplication.VG_UP.Stage_2" name="registrationfirst" time="0.0">
    <skipped/>
  </testcase> <!-- registrationfirst -->
  <testcase classname="VGApplication.VG_UP.Stage_2" name="registrationfirst" time="0.0">
    <skipped/>
  </testcase> <!-- registrationfirst -->
  <testcase classname="VGApplication.VG_UP.Stage_2" name="registrationfirst" time="0.0">
    <skipped/>
  </testcase> <!-- registrationfirst -->
  <testcase classname="VGApplication.VG_UP.Stage_2" name="registrationfirst" time="0.0">
    <skipped/>
  </testcase> <!-- registrationfirst -->
  <testcase classname="VGApplication.VG_UP.Stage_2" name="registrationfirst" time="0.0">
    <skipped/>
  </testcase> <!-- registrationfirst -->
  <testcase classname="VGApplication.VG_UP.Stage_2" name="registrationfirst" time="0.0">
    <skipped/>
  </testcase> <!-- registrationfirst -->
  <testcase classname="VGApplication.VG_UP.Stage_2" name="registrationfirst" time="0.0">
    <skipped/>
  </testcase> <!-- registrationfirst -->
  <testcase classname="VGApplication.VG_UP.Stage_2" name="registrationfirst" time="0.0">
    <skipped/>
  </testcase> <!-- registrationfirst -->
  <testcase classname="VGApplication.VG_UP.Stage_2" name="registrationfirst" time="0.0">
    <skipped/>
  </testcase> <!-- registrationfirst -->
  <testcase classname="VGApplication.VG_UP.Stage_2" name="registrationfirst" time="0.001">
    <skipped/>
  </testcase> <!-- registrationfirst -->
  <testcase classname="VGApplication.VG_UP.Stage_2" name="registrationfirst" time="0.0">
    <skipped/>
  </testcase> <!-- registrationfirst -->
  <testcase classname="VGApplication.VG_UP.Stage_2" name="registrationfirst" time="0.0">
    <skipped/>
  </testcase> <!-- registrationfirst -->
  <testcase classname="VGApplication.VG_UP.Stage_2" name="registrationfirst" time="0.0">
    <skipped/>
  </testcase> <!-- registrationfirst -->
  <testcase classname="VGApplication.VG_UP.Stage_2" name="registrationfirst" time="0.0">
    <skipped/>
  </testcase> <!-- registrationfirst -->
  <testcase classname="VGApplication.VG_UP.Stage_2" name="registrationfirst" time="0.0">
    <skipped/>
  </testcase> <!-- registrationfirst -->
  <testcase classname="VGApplication.VG_UP.Stage_2" name="registrationfirst" time="0.0">
    <skipped/>
  </testcase> <!-- registrationfirst -->
  <testcase classname="VGApplication.VG_UP.Stage_2" name="registrationfirst" time="0.0">
    <skipped/>
  </testcase> <!-- registrationfirst -->
  <testcase classname="VGApplication.VG_UP.Stage_2" name="registrationfirst" time="0.0">
    <skipped/>
  </testcase> <!-- registrationfirst -->
  <testcase classname="VGApplication.VG_UP.Stage_2" name="registrationfirst" time="0.0">
    <skipped/>
  </testcase> <!-- registrationfirst -->
  <testcase classname="VGApplication.VG_UP.Stage_2" name="registrationfirst" time="0.0">
    <skipped/>
  </testcase> <!-- registrationfirst -->
  <testcase classname="VGApplication.VG_UP.Stage_2" name="registrationfirst" time="0.0">
    <skipped/>
  </testcase> <!-- registrationfirst -->
  <testcase classname="VGApplication.VG_UP.Stage_2" name="registrationfirst" time="0.0">
    <skipped/>
  </testcase> <!-- registrationfirst -->
  <testcase classname="VGApplication.VG_UP.Stage_2" name="registrationfirst" time="0.0">
    <skipped/>
  </testcase> <!-- registrationfirst -->
  <testcase classname="VGApplication.VG_UP.Stage_2" name="registrationfirst" time="0.0">
    <skipped/>
  </testcase> <!-- registrationfirst -->
  <testcase classname="VGApplication.VG_UP.Stage_2" name="registrationfirst" time="0.0">
    <skipped/>
  </testcase> <!-- registrationfirst -->
  <testcase classname="VGApplication.VG_UP.Stage_2" name="registrationfirst" time="0.0">
    <skipped/>
  </testcase> <!-- registrationfirst -->
  <testcase classname="VGApplication.VG_UP.Stage_2" name="registrationfirst" time="0.0">
    <skipped/>
  </testcase> <!-- registrationfirst -->
  <testcase classname="VGApplication.VG_UP.Stage_2" name="registrationfirst" time="0.0">
    <skipped/>
  </testcase> <!-- registrationfirst -->
  <testcase classname="VGApplication.VG_UP.Stage_2" name="registrationfirst" time="0.0">
    <skipped/>
  </testcase> <!-- registrationfirst -->
  <testcase classname="VGApplication.VG_UP.Stage_2" name="registrationfirst" time="0.0">
    <skipped/>
  </testcase> <!-- registrationfirst -->
  <testcase classname="VGApplication.VG_UP.Stage_2" name="registrationfirst" time="0.0">
    <skipped/>
  </testcase> <!-- registrationfirst -->
  <testcase classname="VGApplication.VG_UP.Stage_2" name="registrationfirst" time="0.0">
    <skipped/>
  </testcase> <!-- registrationfirst -->
  <testcase classname="VGApplication.VG_UP.Stage_2" name="registrationfirst" time="0.0">
    <skipped/>
  </testcase> <!-- registrationfirst -->
  <testcase classname="VGApplication.VG_UP.Stage_2" name="registrationfirst" time="0.0">
    <skipped/>
  </testcase> <!-- registrationfirst -->
  <testcase classname="VGApplication.VG_UP.Stage_2" name="registrationfirst" time="0.0">
    <skipped/>
  </testcase> <!-- registrationfirst -->
  <testcase classname="VGApplication.VG_UP.Stage_2" name="registrationfirst" time="0.0">
    <skipped/>
  </testcase> <!-- registrationfirst -->
  <testcase classname="VGApplication.VG_UP.Stage_2" name="registrationfirst" time="0.0">
    <skipped/>
  </testcase> <!-- registrationfirst -->
  <testcase classname="VGApplication.VG_UP.Stage_2" name="registrationfirst" time="0.0">
    <skipped/>
  </testcase> <!-- registrationfirst -->
  <testcase classname="VGApplication.VG_UP.Stage_2" name="registrationfirst" time="0.0">
    <skipped/>
  </testcase> <!-- registrationfirst -->
  <testcase classname="VGApplication.VG_UP.Stage_2" name="registrationfirst" time="0.0">
    <skipped/>
  </testcase> <!-- registrationfirst -->
  <testcase classname="VGApplication.VG_UP.Stage_2" name="registrationfirst" time="0.0">
    <skipped/>
  </testcase> <!-- registrationfirst -->
  <testcase classname="VGApplication.VG_UP.Stage_2" name="registrationfirst" time="0.0">
    <skipped/>
  </testcase> <!-- registrationfirst -->
  <testcase classname="VGApplication.VG_UP.Stage_2" name="registrationfirst" time="0.0">
    <skipped/>
  </testcase> <!-- registrationfirst -->
  <testcase classname="VGApplication.VG_UP.Stage_2" name="registrationfirst" time="0.0">
    <skipped/>
  </testcase> <!-- registrationfirst -->
  <testcase classname="VGApplication.VG_UP.Stage_2" name="registrationfirst" time="0.0">
    <skipped/>
  </testcase> <!-- registrationfirst -->
  <testcase classname="VGApplication.VG_UP.Stage_2" name="registrationfirst" time="0.0">
    <skipped/>
  </testcase> <!-- registrationfirst -->
  <testcase classname="VGApplication.VG_UP.Stage_2" name="registrationfirst" time="0.0">
    <skipped/>
  </testcase> <!-- registrationfirst -->
  <testcase classname="VGApplication.VG_UP.Stage_2" name="registrationfirst" time="0.0">
    <skipped/>
  </testcase> <!-- registrationfirst -->
  <testcase classname="VGApplication.VG_UP.Stage_2" name="registrationfirst" time="0.0">
    <skipped/>
  </testcase> <!-- registrationfirst -->
  <testcase classname="VGApplication.VG_UP.Stage_2" name="registrationfirst" time="0.0">
    <skipped/>
  </testcase> <!-- registrationfirst -->
  <testcase classname="VGApplication.VG_UP.Stage_2" name="registrationfirst" time="0.0">
    <skipped/>
  </testcase> <!-- registrationfirst -->
  <testcase classname="VGApplication.VG_UP.Stage_2" name="registrationfirst" time="0.0">
    <skipped/>
  </testcase> <!-- registrationfirst -->
  <testcase classname="VGApplication.VG_UP.Stage_2" name="registrationfirst" time="0.0">
    <skipped/>
  </testcase> <!-- registrationfirst -->
  <testcase classname="VGApplication.VG_UP.Stage_2" name="registrationfirst" time="0.0">
    <skipped/>
  </testcase> <!-- registrationfirst -->
  <testcase classname="VGApplication.VG_UP.Stage_2" name="registrationfirst" time="0.0">
    <skipped/>
  </testcase> <!-- registrationfirst -->
  <testcase classname="VGApplication.VG_UP.Stage_2" name="registrationfirst" time="0.0">
    <skipped/>
  </testcase> <!-- registrationfirst -->
  <testcase classname="VGApplication.VG_UP.Stage_2" name="registrationfirst" time="0.0">
    <skipped/>
  </testcase> <!-- registrationfirst -->
  <testcase classname="VGApplication.VG_UP.Stage_2" name="registrationfirst" time="0.0">
    <skipped/>
  </testcase> <!-- registrationfirst -->
  <testcase classname="VGApplication.VG_UP.Stage_2" name="registrationfirst" time="0.0">
    <skipped/>
  </testcase> <!-- registrationfirst -->
  <testcase classname="VGApplication.VG_UP.Stage_2" name="registrationfirst" time="0.0">
    <skipped/>
  </testcase> <!-- registrationfirst -->
  <testcase classname="VGApplication.VG_UP.Stage_2" name="registrationfirst" time="0.0">
    <skipped/>
  </testcase> <!-- registrationfirst -->
  <testcase classname="VGApplication.VG_UP.Stage_2" name="registrationfirst" time="0.0">
    <skipped/>
  </testcase> <!-- registrationfirst -->
  <testcase classname="VGApplication.VG_UP.Stage_2" name="registrationfirst" time="0.0">
    <skipped/>
  </testcase> <!-- registrationfirst -->
  <testcase classname="VGApplication.VG_UP.Stage_2" name="registrationfirst" time="0.0">
    <skipped/>
  </testcase> <!-- registrationfirst -->
  <testcase classname="VGApplication.VG_UP.Stage_2" name="registrationfirst" time="0.0">
    <skipped/>
  </testcase> <!-- registrationfirst -->
  <testcase classname="VGApplication.VG_UP.Stage_2" name="registrationfirst" time="0.0">
    <skipped/>
  </testcase> <!-- registrationfirst -->
  <testcase classname="VGApplication.VG_UP.Stage_2" name="registrationfirst" time="0.0">
    <skipped/>
  </testcase> <!-- registrationfirst -->
  <testcase classname="VGApplication.VG_UP.Stage_2" name="registrationfirst" time="0.0">
    <skipped/>
  </testcase> <!-- registrationfirst -->
  <testcase classname="VGApplication.VG_UP.Stage_2" name="registrationfirst" time="0.0">
    <skipped/>
  </testcase> <!-- registrationfirst -->
  <testcase classname="VGApplication.VG_UP.Stage_2" name="registrationfirst" time="0.0">
    <skipped/>
  </testcase> <!-- registrationfirst -->
  <testcase classname="VGApplication.VG_UP.Stage_2" name="registrationfirst" time="0.0">
    <skipped/>
  </testcase> <!-- registrationfirst -->
  <testcase classname="VGApplication.VG_UP.Stage_2" name="registrationfirst" time="0.0">
    <skipped/>
  </testcase> <!-- registrationfirst -->
  <testcase classname="VGApplication.VG_UP.Stage_2" name="registrationfirst" time="0.0">
    <skipped/>
  </testcase> <!-- registrationfirst -->
  <testcase classname="VGApplication.VG_UP.Stage_2" name="registrationfirst" time="0.0">
    <skipped/>
  </testcase> <!-- registrationfirst -->
  <testcase classname="VGApplication.VG_UP.Stage_2" name="registrationfirst" time="0.0">
    <skipped/>
  </testcase> <!-- registrationfirst -->
  <testcase classname="VGApplication.VG_UP.Stage_2" name="registrationfirst" time="0.0">
    <skipped/>
  </testcase> <!-- registrationfirst -->
  <testcase classname="VGApplication.VG_UP.Stage_2" name="registrationfirst" time="0.0">
    <skipped/>
  </testcase> <!-- registrationfirst -->
  <testcase classname="VGApplication.VG_UP.Stage_2" name="registrationfirst" time="0.0">
    <skipped/>
  </testcase> <!-- registrationfirst -->
  <testcase classname="VGApplication.VG_UP.Stage_2" name="registrationfirst" time="0.0">
    <skipped/>
  </testcase> <!-- registrationfirst -->
  <testcase classname="VGApplication.VG_UP.Stage_2" name="registrationfirst" time="0.001">
    <skipped/>
  </testcase> <!-- registrationfirst -->
  <testcase classname="VGApplication.VG_UP.Stage_2" name="registrationfirst" time="0.0">
    <skipped/>
  </testcase> <!-- registrationfirst -->
  <testcase classname="VGApplication.VG_UP.Stage_2" name="registrationfirst" time="0.0">
    <skipped/>
  </testcase> <!-- registrationfirst -->
  <testcase classname="VGApplication.VG_UP.Stage_2" name="registrationfirst" time="0.0">
    <skipped/>
  </testcase> <!-- registrationfirst -->
  <testcase classname="VGApplication.VG_UP.Stage_2" name="registrationfirst" time="0.0">
    <skipped/>
  </testcase> <!-- registrationfirst -->
  <testcase classname="VGApplication.VG_UP.Stage_2" name="registrationfirst" time="0.0">
    <skipped/>
  </testcase> <!-- registrationfirst -->
  <testcase classname="VGApplication.VG_UP.Stage_2" name="registrationfirst" time="0.0">
    <skipped/>
  </testcase> <!-- registrationfirst -->
  <testcase classname="VGApplication.VG_UP.Stage_2" name="registrationfirst" time="0.0">
    <skipped/>
  </testcase> <!-- registrationfirst -->
  <testcase classname="VGApplication.VG_UP.Stage_2" name="registrationfirst" time="0.0">
    <skipped/>
  </testcase> <!-- registrationfirst -->
  <testcase classname="VGApplication.VG_UP.Stage_2" name="registrationfirst" time="0.0">
    <skipped/>
  </testcase> <!-- registrationfirst -->
  <testcase classname="VGApplication.VG_UP.Stage_2" name="registrationfirst" time="0.0">
    <skipped/>
  </testcase> <!-- registrationfirst -->
  <testcase classname="VGApplication.VG_UP.Stage_2" name="registrationfirst" time="0.0">
    <skipped/>
  </testcase> <!-- registrationfirst -->
  <testcase classname="VGApplication.VG_UP.Stage_2" name="registrationfirst" time="0.0">
    <skipped/>
  </testcase> <!-- registrationfirst -->
  <testcase classname="VGApplication.VG_UP.Stage_2" name="registrationfirst" time="0.0">
    <skipped/>
  </testcase> <!-- registrationfirst -->
  <testcase classname="VGApplication.VG_UP.Stage_2" name="registrationfirst" time="0.0">
    <skipped/>
  </testcase> <!-- registrationfirst -->
  <testcase classname="VGApplication.VG_UP.Stage_2" name="registrationfirst" time="0.0">
    <skipped/>
  </testcase> <!-- registrationfirst -->
  <testcase classname="VGApplication.VG_UP.Stage_2" name="registrationfirst" time="0.0">
    <skipped/>
  </testcase> <!-- registrationfirst -->
  <testcase classname="VGApplication.VG_UP.Stage_2" name="registrationfirst" time="0.0">
    <skipped/>
  </testcase> <!-- registrationfirst -->
  <testcase classname="VGApplication.VG_UP.Stage_2" name="registrationfirst" time="0.0">
    <skipped/>
  </testcase> <!-- registrationfirst -->
  <testcase classname="VGApplication.VG_UP.Stage_2" name="registrationfirst" time="0.0">
    <skipped/>
  </testcase> <!-- registrationfirst -->
  <testcase classname="VGApplication.VG_UP.Stage_2" name="registrationfirst" time="0.0">
    <skipped/>
  </testcase> <!-- registrationfirst -->
  <testcase classname="VGApplication.VG_UP.Stage_2" name="registrationfirst" time="0.0">
    <skipped/>
  </testcase> <!-- registrationfirst -->
  <testcase classname="VGApplication.VG_UP.Stage_2" name="registrationfirst" time="0.0">
    <skipped/>
  </testcase> <!-- registrationfirst -->
  <testcase classname="VGApplication.VG_UP.Stage_2" name="registrationfirst" time="0.0">
    <skipped/>
  </testcase> <!-- registrationfirst -->
  <testcase classname="VGApplication.VG_UP.Stage_2" name="registrationfirst" time="0.0">
    <skipped/>
  </testcase> <!-- registrationfirst -->
  <testcase classname="VGApplication.VG_UP.Stage_2" name="registrationfirst" time="0.0">
    <skipped/>
  </testcase> <!-- registrationfirst -->
  <testcase classname="VGApplication.VG_UP.Stage_2" name="registrationfirst" time="0.0">
    <skipped/>
  </testcase> <!-- registrationfirst -->
  <testcase classname="VGApplication.VG_UP.Stage_2" name="registrationfirst" time="0.0">
    <skipped/>
  </testcase> <!-- registrationfirst -->
  <testcase classname="VGApplication.VG_UP.Stage_2" name="registrationfirst" time="0.0">
    <skipped/>
  </testcase> <!-- registrationfirst -->
  <testcase classname="VGApplication.VG_UP.Stage_2" name="registrationfirst" time="0.0">
    <skipped/>
  </testcase> <!-- registrationfirst -->
  <testcase classname="VGApplication.VG_UP.Stage_2" name="registrationfirst" time="0.0">
    <skipped/>
  </testcase> <!-- registrationfirst -->
  <testcase classname="VGApplication.VG_UP.Stage_2" name="registrationfirst" time="0.0">
    <skipped/>
  </testcase> <!-- registrationfirst -->
  <testcase classname="VGApplication.VG_UP.Stage_2" name="registrationfirst" time="0.0">
    <skipped/>
  </testcase> <!-- registrationfirst -->
  <testcase classname="VGApplication.VG_UP.Stage_2" name="registrationfirst" time="0.0">
    <skipped/>
  </testcase> <!-- registrationfirst -->
  <testcase classname="VGApplication.VG_UP.Stage_2" name="registrationfirst" time="0.0">
    <skipped/>
  </testcase> <!-- registrationfirst -->
  <testcase classname="VGApplication.VG_UP.Stage_2" name="registrationfirst" time="0.0">
    <skipped/>
  </testcase> <!-- registrationfirst -->
  <testcase classname="VGApplication.VG_UP.Stage_2" name="registrationfirst" time="0.0">
    <skipped/>
  </testcase> <!-- registrationfirst -->
  <testcase classname="VGApplication.VG_UP.Stage_2" name="registrationfirst" time="0.0">
    <skipped/>
  </testcase> <!-- registrationfirst -->
  <testcase classname="VGApplication.VG_UP.Stage_2" name="registrationfirst" time="0.0">
    <skipped/>
  </testcase> <!-- registrationfirst -->
  <testcase classname="VGApplication.VG_UP.Stage_2" name="registrationfirst" time="0.0">
    <skipped/>
  </testcase> <!-- registrationfirst -->
  <testcase classname="VGApplication.VG_UP.Stage_2" name="registrationfirst" time="0.0">
    <skipped/>
  </testcase> <!-- registrationfirst -->
  <testcase classname="VGApplication.VG_UP.Stage_2" name="registrationfirst" time="0.0">
    <skipped/>
  </testcase> <!-- registrationfirst -->
  <testcase classname="VGApplication.VG_UP.Stage_2" name="registrationfirst" time="0.0">
    <skipped/>
  </testcase> <!-- registrationfirst -->
  <testcase classname="VGApplication.VG_UP.Stage_2" name="registrationfirst" time="0.0">
    <skipped/>
  </testcase> <!-- registrationfirst -->
  <testcase classname="VGApplication.VG_UP.Stage_2" name="registrationfirst" time="0.0">
    <skipped/>
  </testcase> <!-- registrationfirst -->
  <testcase classname="VGApplication.VG_UP.Stage_2" name="registrationfirst" time="0.0">
    <skipped/>
  </testcase> <!-- registrationfirst -->
  <testcase classname="VGApplication.VG_UP.Stage_2" name="registrationfirst" time="0.0">
    <skipped/>
  </testcase> <!-- registrationfirst -->
  <testcase classname="VGApplication.VG_UP.Stage_2" name="registrationfirst" time="0.0">
    <skipped/>
  </testcase> <!-- registrationfirst -->
  <testcase classname="VGApplication.VG_UP.Stage_2" name="registrationfirst" time="0.0">
    <skipped/>
  </testcase> <!-- registrationfirst -->
  <testcase classname="VGApplication.VG_UP.Stage_2" name="registrationfirst" time="0.0">
    <skipped/>
  </testcase> <!-- registrationfirst -->
  <testcase classname="VGApplication.VG_UP.Stage_2" name="registrationfirst" time="0.0">
    <skipped/>
  </testcase> <!-- registrationfirst -->
  <testcase classname="VGApplication.VG_UP.Stage_2" name="registrationfirst" time="0.0">
    <skipped/>
  </testcase> <!-- registrationfirst -->
  <testcase classname="VGApplication.VG_UP.Stage_2" name="registrationfirst" time="0.0">
    <skipped/>
  </testcase> <!-- registrationfirst -->
  <testcase classname="VGApplication.VG_UP.Stage_2" name="registrationfirst" time="0.0">
    <skipped/>
  </testcase> <!-- registrationfirst -->
  <testcase classname="VGApplication.VG_UP.Stage_2" name="registrationfirst" time="0.0">
    <skipped/>
  </testcase> <!-- registrationfirst -->
  <testcase classname="VGApplication.VG_UP.Stage_2" name="registrationfirst" time="0.0">
    <skipped/>
  </testcase> <!-- registrationfirst -->
  <testcase classname="VGApplication.VG_UP.Stage_2" name="registrationfirst" time="0.0">
    <skipped/>
  </testcase> <!-- registrationfirst -->
  <testcase classname="VGApplication.VG_UP.Stage_2" name="registrationfirst" time="0.0">
    <skipped/>
  </testcase> <!-- registrationfirst -->
  <testcase classname="VGApplication.VG_UP.Stage_2" name="registrationfirst" time="0.0">
    <skipped/>
  </testcase> <!-- registrationfirst -->
  <testcase classname="VGApplication.VG_UP.Stage_2" name="registrationfirst" time="0.0">
    <skipped/>
  </testcase> <!-- registrationfirst -->
  <testcase classname="VGApplication.VG_UP.Stage_2" name="registrationfirst" time="0.0">
    <skipped/>
  </testcase> <!-- registrationfirst -->
  <testcase classname="VGApplication.VG_UP.Stage_2" name="registrationfirst" time="0.0">
    <skipped/>
  </testcase> <!-- registrationfirst -->
  <testcase classname="VGApplication.VG_UP.Stage_2" name="registrationfirst" time="0.0">
    <skipped/>
  </testcase> <!-- registrationfirst -->
  <testcase classname="VGApplication.VG_UP.Stage_2" name="registrationfirst" time="0.0">
    <skipped/>
  </testcase> <!-- registrationfirst -->
  <testcase classname="VGApplication.VG_UP.Stage_2" name="registrationfirst" time="0.0">
    <skipped/>
  </testcase> <!-- registrationfirst -->
  <testcase classname="VGApplication.VG_UP.Stage_2" name="registrationfirst" time="0.0">
    <skipped/>
  </testcase> <!-- registrationfirst -->
  <testcase classname="VGApplication.VG_UP.Stage_2" name="registrationfirst" time="0.0">
    <skipped/>
  </testcase> <!-- registrationfirst -->
  <testcase classname="VGApplication.VG_UP.Stage_2" name="registrationfirst" time="0.0">
    <skipped/>
  </testcase> <!-- registrationfirst -->
  <testcase classname="VGApplication.VG_UP.Stage_2" name="registrationfirst" time="0.0">
    <skipped/>
  </testcase> <!-- registrationfirst -->
  <testcase classname="VGApplication.VG_UP.Stage_2" name="registrationfirst" time="0.0">
    <skipped/>
  </testcase> <!-- registrationfirst -->
  <testcase classname="VGApplication.VG_UP.Stage_2" name="registrationfirst" time="0.0">
    <skipped/>
  </testcase> <!-- registrationfirst -->
  <testcase classname="VGApplication.VG_UP.Stage_2" name="registrationfirst" time="0.0">
    <skipped/>
  </testcase> <!-- registrationfirst -->
  <testcase classname="VGApplication.VG_UP.Stage_2" name="registrationfirst" time="0.0">
    <skipped/>
  </testcase> <!-- registrationfirst -->
  <testcase classname="VGApplication.VG_UP.Stage_2" name="registrationfirst" time="0.0">
    <skipped/>
  </testcase> <!-- registrationfirst -->
  <testcase classname="VGApplication.VG_UP.Stage_2" name="registrationfirst" time="0.0">
    <skipped/>
  </testcase> <!-- registrationfirst -->
  <testcase classname="VGApplication.VG_UP.Stage_2" name="registrationfirst" time="0.0">
    <skipped/>
  </testcase> <!-- registrationfirst -->
  <testcase classname="VGApplication.VG_UP.Stage_2" name="registrationfirst" time="0.0">
    <skipped/>
  </testcase> <!-- registrationfirst -->
  <testcase classname="VGApplication.VG_UP.Stage_2" name="registrationfirst" time="0.0">
    <skipped/>
  </testcase> <!-- registrationfirst -->
  <testcase classname="VGApplication.VG_UP.Stage_2" name="registrationfirst" time="0.0">
    <skipped/>
  </testcase> <!-- registrationfirst -->
  <testcase classname="VGApplication.VG_UP.Stage_2" name="registrationfirst" time="0.0">
    <skipped/>
  </testcase> <!-- registrationfirst -->
  <testcase classname="VGApplication.VG_UP.Stage_2" name="registrationfirst" time="0.0">
    <skipped/>
  </testcase> <!-- registrationfirst -->
  <testcase classname="VGApplication.VG_UP.Stage_2" name="registrationfirst" time="0.0">
    <skipped/>
  </testcase> <!-- registrationfirst -->
  <testcase classname="VGApplication.VG_UP.Stage_2" name="registrationfirst" time="0.0">
    <skipped/>
  </testcase> <!-- registrationfirst -->
  <testcase classname="VGApplication.VG_UP.Stage_2" name="registrationfirst" time="0.0">
    <skipped/>
  </testcase> <!-- registrationfirst -->
  <testcase classname="VGApplication.VG_UP.Stage_2" name="registrationfirst" time="0.0">
    <skipped/>
  </testcase> <!-- registrationfirst -->
  <testcase classname="VGApplication.VG_UP.Stage_2" name="registrationfirst" time="0.0">
    <skipped/>
  </testcase> <!-- registrationfirst -->
  <testcase classname="VGApplication.VG_UP.Stage_2" name="registrationfirst" time="0.0">
    <skipped/>
  </testcase> <!-- registrationfirst -->
  <testcase classname="VGApplication.VG_UP.Stage_2" name="registrationfirst" time="0.0">
    <skipped/>
  </testcase> <!-- registrationfirst -->
  <testcase classname="VGApplication.VG_UP.Stage_2" name="registrationfirst" time="0.0">
    <skipped/>
  </testcase> <!-- registrationfirst -->
  <testcase classname="VGApplication.VG_UP.Stage_2" name="registrationfirst" time="0.0">
    <skipped/>
  </testcase> <!-- registrationfirst -->
  <testcase classname="VGApplication.VG_UP.Stage_2" name="registrationfirst" time="0.0">
    <skipped/>
  </testcase> <!-- registrationfirst -->
  <testcase classname="VGApplication.VG_UP.Stage_2" name="registrationfirst" time="0.0">
    <skipped/>
  </testcase> <!-- registrationfirst -->
  <testcase classname="VGApplication.VG_UP.Stage_2" name="registrationfirst" time="0.0">
    <skipped/>
  </testcase> <!-- registrationfirst -->
  <testcase classname="VGApplication.VG_UP.Stage_2" name="registrationfirst" time="0.0">
    <skipped/>
  </testcase> <!-- registrationfirst -->
  <testcase classname="VGApplication.VG_UP.Stage_2" name="registrationfirst" time="0.0">
    <skipped/>
  </testcase> <!-- registrationfirst -->
  <testcase classname="VGApplication.VG_UP.Stage_2" name="registrationfirst" time="0.0">
    <skipped/>
  </testcase> <!-- registrationfirst -->
  <testcase classname="VGApplication.VG_UP.Stage_2" name="registrationfirst" time="0.0">
    <skipped/>
  </testcase> <!-- registrationfirst -->
  <testcase classname="VGApplication.VG_UP.Stage_2" name="registrationfirst" time="0.0">
    <skipped/>
  </testcase> <!-- registrationfirst -->
  <testcase classname="VGApplication.VG_UP.Stage_2" name="registrationfirst" time="0.0">
    <skipped/>
  </testcase> <!-- registrationfirst -->
  <testcase classname="VGApplication.VG_UP.Stage_2" name="registrationfirst" time="0.0">
    <skipped/>
  </testcase> <!-- registrationfirst -->
  <testcase classname="VGApplication.VG_UP.Stage_2" name="registrationfirst" time="0.0">
    <skipped/>
  </testcase> <!-- registrationfirst -->
  <testcase classname="VGApplication.VG_UP.Stage_2" name="registrationfirst" time="0.0">
    <skipped/>
  </testcase> <!-- registrationfirst -->
  <testcase classname="VGApplication.VG_UP.Stage_2" name="registrationfirst" time="0.0">
    <skipped/>
  </testcase> <!-- registrationfirst -->
  <testcase classname="VGApplication.VG_UP.Stage_2" name="registrationfirst" time="0.0">
    <skipped/>
  </testcase> <!-- registrationfirst -->
  <testcase classname="VGApplication.VG_UP.Stage_2" name="registrationfirst" time="0.0">
    <skipped/>
  </testcase> <!-- registrationfirst -->
  <testcase classname="VGApplication.VG_UP.Stage_2" name="registrationfirst" time="0.0">
    <skipped/>
  </testcase> <!-- registrationfirst -->
  <testcase classname="VGApplication.VG_UP.Stage_2" name="registrationfirst" time="0.0">
    <skipped/>
  </testcase> <!-- registrationfirst -->
  <testcase classname="VGApplication.VG_UP.Stage_2" name="registrationfirst" time="0.0">
    <skipped/>
  </testcase> <!-- registrationfirst -->
  <testcase classname="VGApplication.VG_UP.Stage_2" name="registrationfirst" time="0.0">
    <skipped/>
  </testcase> <!-- registrationfirst -->
  <testcase classname="VGApplication.VG_UP.Stage_2" name="registrationfirst" time="0.0">
    <skipped/>
  </testcase> <!-- registrationfirst -->
  <testcase classname="VGApplication.VG_UP.Stage_2" name="registrationfirst" time="0.0">
    <skipped/>
  </testcase> <!-- registrationfirst -->
  <testcase classname="VGApplication.VG_UP.Stage_2" name="registrationfirst" time="0.0">
    <skipped/>
  </testcase> <!-- registrationfirst -->
  <testcase classname="VGApplication.VG_UP.Stage_2" name="registrationfirst" time="0.0">
    <skipped/>
  </testcase> <!-- registrationfirst -->
  <testcase classname="VGApplication.VG_UP.Stage_2" name="registrationfirst" time="0.0">
    <skipped/>
  </testcase> <!-- registrationfirst -->
  <testcase classname="VGApplication.VG_UP.Stage_2" name="registrationfirst" time="0.0">
    <skipped/>
  </testcase> <!-- registrationfirst -->
  <testcase classname="VGApplication.VG_UP.Stage_2" name="registrationfirst" time="0.0">
    <skipped/>
  </testcase> <!-- registrationfirst -->
  <testcase classname="VGApplication.VG_UP.Stage_2" name="registrationfirst" time="0.0">
    <skipped/>
  </testcase> <!-- registrationfirst -->
  <testcase classname="VGApplication.VG_UP.Stage_2" name="registrationfirst" time="0.0">
    <skipped/>
  </testcase> <!-- registrationfirst -->
  <testcase classname="VGApplication.VG_UP.Stage_2" name="registrationfirst" time="0.0">
    <skipped/>
  </testcase> <!-- registrationfirst -->
  <testcase classname="VGApplication.VG_UP.Stage_2" name="registrationfirst" time="0.0">
    <skipped/>
  </testcase> <!-- registrationfirst -->
  <testcase classname="VGApplication.VG_UP.Stage_2" name="registrationfirst" time="0.0">
    <skipped/>
  </testcase> <!-- registrationfirst -->
  <testcase classname="VGApplication.VG_UP.Stage_2" name="registrationfirst" time="0.0">
    <skipped/>
  </testcase> <!-- registrationfirst -->
  <testcase classname="VGApplication.VG_UP.Stage_2" name="registrationfirst" time="0.0">
    <skipped/>
  </testcase> <!-- registrationfirst -->
  <testcase classname="VGApplication.VG_UP.Stage_2" name="registrationfirst" time="0.0">
    <skipped/>
  </testcase> <!-- registrationfirst -->
  <testcase classname="VGApplication.VG_UP.Stage_2" name="registrationfirst" time="0.0">
    <skipped/>
  </testcase> <!-- registrationfirst -->
  <testcase classname="VGApplication.VG_UP.Stage_2" name="registrationfirst" time="0.0">
    <skipped/>
  </testcase> <!-- registrationfirst -->
  <testcase classname="VGApplication.VG_UP.Stage_2" name="registrationfirst" time="0.0">
    <skipped/>
  </testcase> <!-- registrationfirst -->
  <testcase classname="VGApplication.VG_UP.Stage_2" name="registrationfirst" time="0.0">
    <skipped/>
  </testcase> <!-- registrationfirst -->
  <testcase classname="VGApplication.VG_UP.Stage_2" name="registrationfirst" time="0.0">
    <skipped/>
  </testcase> <!-- registrationfirst -->
  <testcase classname="VGApplication.VG_UP.Stage_2" name="registrationfirst" time="0.0">
    <skipped/>
  </testcase> <!-- registrationfirst -->
  <testcase classname="VGApplication.VG_UP.Stage_2" name="registrationfirst" time="0.0">
    <skipped/>
  </testcase> <!-- registrationfirst -->
  <testcase classname="VGApplication.VG_UP.Stage_2" name="registrationfirst" time="0.0">
    <skipped/>
  </testcase> <!-- registrationfirst -->
  <testcase classname="VGApplication.VG_UP.Stage_2" name="registrationfirst" time="0.0">
    <skipped/>
  </testcase> <!-- registrationfirst -->
  <testcase classname="VGApplication.VG_UP.Stage_2" name="registrationfirst" time="0.0">
    <skipped/>
  </testcase> <!-- registrationfirst -->
  <testcase classname="VGApplication.VG_UP.Stage_2" name="registrationfirst" time="0.0">
    <skipped/>
  </testcase> <!-- registrationfirst -->
  <testcase classname="VGApplication.VG_UP.Stage_2" name="registrationfirst" time="0.0">
    <skipped/>
  </testcase> <!-- registrationfirst -->
  <testcase classname="VGApplication.VG_UP.Stage_2" name="registrationfirst" time="0.0">
    <skipped/>
  </testcase> <!-- registrationfirst -->
  <testcase classname="VGApplication.VG_UP.Stage_2" name="registrationfirst" time="0.0">
    <skipped/>
  </testcase> <!-- registrationfirst -->
  <testcase classname="VGApplication.VG_UP.Stage_2" name="registrationfirst" time="0.0">
    <skipped/>
  </testcase> <!-- registrationfirst -->
  <testcase classname="VGApplication.VG_UP.Stage_2" name="registrationfirst" time="0.0">
    <skipped/>
  </testcase> <!-- registrationfirst -->
  <testcase classname="VGApplication.VG_UP.Stage_2" name="registrationfirst" time="0.0">
    <skipped/>
  </testcase> <!-- registrationfirst -->
  <testcase classname="VGApplication.VG_UP.Stage_2" name="registrationfirst" time="0.0">
    <skipped/>
  </testcase> <!-- registrationfirst -->
  <testcase classname="VGApplication.VG_UP.Stage_2" name="registrationfirst" time="0.0">
    <skipped/>
  </testcase> <!-- registrationfirst -->
  <testcase classname="VGApplication.VG_UP.Stage_2" name="registrationfirst" time="0.0">
    <skipped/>
  </testcase> <!-- registrationfirst -->
  <testcase classname="VGApplication.VG_UP.Stage_2" name="registrationfirst" time="0.0">
    <skipped/>
  </testcase> <!-- registrationfirst -->
  <testcase classname="VGApplication.VG_UP.Stage_2" name="registrationfirst" time="0.0">
    <skipped/>
  </testcase> <!-- registrationfirst -->
  <testcase classname="VGApplication.VG_UP.Stage_2" name="registrationfirst" time="0.0">
    <skipped/>
  </testcase> <!-- registrationfirst -->
  <testcase classname="VGApplication.VG_UP.Stage_2" name="registrationfirst" time="0.0">
    <skipped/>
  </testcase> <!-- registrationfirst -->
  <testcase classname="VGApplication.VG_UP.Stage_2" name="registrationfirst" time="0.0">
    <skipped/>
  </testcase> <!-- registrationfirst -->
  <testcase classname="VGApplication.VG_UP.Stage_2" name="registrationfirst" time="0.0">
    <skipped/>
  </testcase> <!-- registrationfirst -->
  <testcase classname="VGApplication.VG_UP.Stage_2" name="registrationfirst" time="0.0">
    <skipped/>
  </testcase> <!-- registrationfirst -->
  <testcase classname="VGApplication.VG_UP.Stage_2" name="registrationfirst" time="0.0">
    <skipped/>
  </testcase> <!-- registrationfirst -->
  <testcase classname="VGApplication.VG_UP.Stage_2" name="registrationfirst" time="0.0">
    <skipped/>
  </testcase> <!-- registrationfirst -->
  <testcase classname="VGApplication.VG_UP.Stage_2" name="registrationfirst" time="0.0">
    <skipped/>
  </testcase> <!-- registrationfirst -->
  <testcase classname="VGApplication.VG_UP.Stage_2" name="registrationfirst" time="0.0">
    <skipped/>
  </testcase> <!-- registrationfirst -->
  <testcase classname="VGApplication.VG_UP.Stage_2" name="registrationfirst" time="0.0">
    <skipped/>
  </testcase> <!-- registrationfirst -->
  <testcase classname="VGApplication.VG_UP.Stage_2" name="registrationfirst" time="0.0">
    <skipped/>
  </testcase> <!-- registrationfirst -->
  <testcase classname="VGApplication.VG_UP.Stage_2" name="registrationfirst" time="0.0">
    <skipped/>
  </testcase> <!-- registrationfirst -->
  <testcase classname="VGApplication.VG_UP.Stage_2" name="registrationfirst" time="0.0">
    <skipped/>
  </testcase> <!-- registrationfirst -->
  <testcase classname="VGApplication.VG_UP.Stage_2" name="registrationfirst" time="0.0">
    <skipped/>
  </testcase> <!-- registrationfirst -->
  <testcase classname="VGApplication.VG_UP.Stage_2" name="registrationfirst" time="0.0">
    <skipped/>
  </testcase> <!-- registrationfirst -->
  <testcase classname="VGApplication.VG_UP.Stage_2" name="registrationfirst" time="0.0">
    <skipped/>
  </testcase> <!-- registrationfirst -->
  <testcase classname="VGApplication.VG_UP.Stage_2" name="registrationfirst" time="0.0">
    <skipped/>
  </testcase> <!-- registrationfirst -->
  <testcase classname="VGApplication.VG_UP.Stage_2" name="registrationfirst" time="0.0">
    <skipped/>
  </testcase> <!-- registrationfirst -->
  <testcase classname="VGApplication.VG_UP.Stage_2" name="registrationfirst" time="0.0">
    <skipped/>
  </testcase> <!-- registrationfirst -->
  <testcase classname="VGApplication.VG_UP.Stage_2" name="registrationfirst" time="0.0">
    <skipped/>
  </testcase> <!-- registrationfirst -->
  <testcase classname="VGApplication.VG_UP.Stage_2" name="registrationfirst" time="0.0">
    <skipped/>
  </testcase> <!-- registrationfirst -->
  <testcase classname="VGApplication.VG_UP.Stage_2" name="registrationfirst" time="0.0">
    <skipped/>
  </testcase> <!-- registrationfirst -->
  <testcase classname="VGApplication.VG_UP.Stage_2" name="registrationfirst" time="0.0">
    <skipped/>
  </testcase> <!-- registrationfirst -->
  <testcase classname="VGApplication.VG_UP.Stage_2" name="registrationfirst" time="0.0">
    <skipped/>
  </testcase> <!-- registrationfirst -->
  <testcase classname="VGApplication.VG_UP.Stage_2" name="registrationfirst" time="0.0">
    <skipped/>
  </testcase> <!-- registrationfirst -->
  <testcase classname="VGApplication.VG_UP.Stage_2" name="registrationfirst" time="0.0">
    <skipped/>
  </testcase> <!-- registrationfirst -->
  <testcase classname="VGApplication.VG_UP.Stage_2" name="registrationfirst" time="0.0">
    <skipped/>
  </testcase> <!-- registrationfirst -->
  <testcase classname="VGApplication.VG_UP.Stage_2" name="registrationfirst" time="0.0">
    <skipped/>
  </testcase> <!-- registrationfirst -->
  <testcase classname="VGApplication.VG_UP.Stage_2" name="registrationfirst" time="0.0">
    <skipped/>
  </testcase> <!-- registrationfirst -->
  <testcase classname="VGApplication.VG_UP.Stage_2" name="registrationfirst" time="0.0">
    <skipped/>
  </testcase> <!-- registrationfirst -->
  <testcase classname="VGApplication.VG_UP.Stage_2" name="registrationfirst" time="0.0">
    <skipped/>
  </testcase> <!-- registrationfirst -->
  <testcase classname="VGApplication.VG_UP.Stage_2" name="registrationfirst" time="0.0">
    <skipped/>
  </testcase> <!-- registrationfirst -->
  <testcase classname="VGApplication.VG_UP.Stage_2" name="registrationfirst" time="0.0">
    <skipped/>
  </testcase> <!-- registrationfirst -->
  <testcase classname="VGApplication.VG_UP.Stage_2" name="registrationfirst" time="0.0">
    <skipped/>
  </testcase> <!-- registrationfirst -->
  <testcase classname="VGApplication.VG_UP.Stage_2" name="registrationfirst" time="0.0">
    <skipped/>
  </testcase> <!-- registrationfirst -->
  <testcase classname="VGApplication.VG_UP.Stage_2" name="registrationfirst" time="0.0">
    <skipped/>
  </testcase> <!-- registrationfirst -->
  <testcase classname="VGApplication.VG_UP.Stage_2" name="registrationfirst" time="0.0">
    <skipped/>
  </testcase> <!-- registrationfirst -->
  <testcase classname="VGApplication.VG_UP.Stage_2" name="registrationfirst" time="0.0">
    <skipped/>
  </testcase> <!-- registrationfirst -->
  <testcase classname="VGApplication.VG_UP.Stage_2" name="registrationfirst" time="0.0">
    <skipped/>
  </testcase> <!-- registrationfirst -->
  <testcase classname="VGApplication.VG_UP.Stage_2" name="registrationfirst" time="0.0">
    <skipped/>
  </testcase> <!-- registrationfirst -->
  <testcase classname="VGApplication.VG_UP.Stage_2" name="registrationfirst" time="0.0">
    <skipped/>
  </testcase> <!-- registrationfirst -->
  <testcase classname="VGApplication.VG_UP.Stage_2" name="registrationfirst" time="0.0">
    <skipped/>
  </testcase> <!-- registrationfirst -->
  <testcase classname="VGApplication.VG_UP.Stage_2" name="registrationfirst" time="0.0">
    <skipped/>
  </testcase> <!-- registrationfirst -->
  <testcase classname="VGApplication.VG_UP.Stage_2" name="registrationfirst" time="0.0">
    <skipped/>
  </testcase> <!-- registrationfirst -->
  <testcase classname="VGApplication.VG_UP.Stage_2" name="registrationfirst" time="0.0">
    <skipped/>
  </testcase> <!-- registrationfirst -->
  <testcase classname="VGApplication.VG_UP.Stage_2" name="registrationfirst" time="0.0">
    <skipped/>
  </testcase> <!-- registrationfirst -->
  <testcase classname="VGApplication.VG_UP.Stage_2" name="registrationfirst" time="0.0">
    <skipped/>
  </testcase> <!-- registrationfirst -->
  <testcase classname="VGApplication.VG_UP.Stage_2" name="registrationfirst" time="0.0">
    <skipped/>
  </testcase> <!-- registrationfirst -->
  <testcase classname="VGApplication.VG_UP.Stage_2" name="registrationfirst" time="0.0">
    <skipped/>
  </testcase> <!-- registrationfirst -->
  <testcase classname="VGApplication.VG_UP.Stage_2" name="registrationfirst" time="0.0">
    <skipped/>
  </testcase> <!-- registrationfirst -->
  <testcase classname="VGApplication.VG_UP.Stage_2" name="registrationfirst" time="0.0">
    <skipped/>
  </testcase> <!-- registrationfirst -->
  <testcase classname="VGApplication.VG_UP.Stage_2" name="registrationfirst" time="0.0">
    <skipped/>
  </testcase> <!-- registrationfirst -->
  <testcase classname="VGApplication.VG_UP.Stage_2" name="registrationfirst" time="0.0">
    <skipped/>
  </testcase> <!-- registrationfirst -->
  <testcase classname="VGApplication.VG_UP.Stage_2" name="registrationfirst" time="0.0">
    <skipped/>
  </testcase> <!-- registrationfirst -->
  <testcase classname="VGApplication.VG_UP.Stage_2" name="registrationfirst" time="0.0">
    <skipped/>
  </testcase> <!-- registrationfirst -->
  <testcase classname="VGApplication.VG_UP.Stage_2" name="registrationfirst" time="0.0">
    <skipped/>
  </testcase> <!-- registrationfirst -->
  <testcase classname="VGApplication.VG_UP.Stage_2" name="registrationfirst" time="0.0">
    <skipped/>
  </testcase> <!-- registrationfirst -->
  <testcase classname="VGApplication.VG_UP.Stage_2" name="registrationfirst" time="0.0">
    <skipped/>
  </testcase> <!-- registrationfirst -->
  <testcase classname="VGApplication.VG_UP.Stage_2" name="registrationfirst" time="0.0">
    <skipped/>
  </testcase> <!-- registrationfirst -->
  <testcase classname="VGApplication.VG_UP.Stage_2" name="registrationfirst" time="0.0">
    <skipped/>
  </testcase> <!-- registrationfirst -->
  <testcase classname="VGApplication.VG_UP.Stage_2" name="registrationfirst" time="0.0">
    <skipped/>
  </testcase> <!-- registrationfirst -->
  <testcase classname="VGApplication.VG_UP.Stage_2" name="registrationfirst" time="0.0">
    <skipped/>
  </testcase> <!-- registrationfirst -->
  <testcase classname="VGApplication.VG_UP.Stage_2" name="registrationfirst" time="0.0">
    <skipped/>
  </testcase> <!-- registrationfirst -->
  <testcase classname="VGApplication.VG_UP.Stage_2" name="registrationfirst" time="0.0">
    <skipped/>
  </testcase> <!-- registrationfirst -->
  <testcase classname="VGApplication.VG_UP.Stage_2" name="registrationfirst" time="0.0">
    <skipped/>
  </testcase> <!-- registrationfirst -->
  <testcase classname="VGApplication.VG_UP.Stage_2" name="registrationfirst" time="0.0">
    <skipped/>
  </testcase> <!-- registrationfirst -->
  <testcase classname="VGApplication.VG_UP.Stage_2" name="registrationfirst" time="0.0">
    <skipped/>
  </testcase> <!-- registrationfirst -->
  <testcase classname="VGApplication.VG_UP.Stage_2" name="registrationfirst" time="0.0">
    <skipped/>
  </testcase> <!-- registrationfirst -->
  <testcase classname="VGApplication.VG_UP.Stage_2" name="registrationfirst" time="0.0">
    <skipped/>
  </testcase> <!-- registrationfirst -->
  <testcase classname="VGApplication.VG_UP.Stage_2" name="registrationfirst" time="0.0">
    <skipped/>
  </testcase> <!-- registrationfirst -->
  <testcase classname="VGApplication.VG_UP.Stage_2" name="registrationfirst" time="0.0">
    <skipped/>
  </testcase> <!-- registrationfirst -->
  <testcase classname="VGApplication.VG_UP.Stage_2" name="registrationfirst" time="0.0">
    <skipped/>
  </testcase> <!-- registrationfirst -->
  <testcase classname="VGApplication.VG_UP.Stage_2" name="registrationfirst" time="0.0">
    <skipped/>
  </testcase> <!-- registrationfirst -->
  <testcase classname="VGApplication.VG_UP.Stage_2" name="registrationfirst" time="0.0">
    <skipped/>
  </testcase> <!-- registrationfirst -->
  <testcase classname="VGApplication.VG_UP.Stage_2" name="registrationfirst" time="0.0">
    <skipped/>
  </testcase> <!-- registrationfirst -->
  <testcase classname="VGApplication.VG_UP.Stage_2" name="registrationfirst" time="0.0">
    <skipped/>
  </testcase> <!-- registrationfirst -->
  <testcase classname="VGApplication.VG_UP.Stage_2" name="registrationfirst" time="0.0">
    <skipped/>
  </testcase> <!-- registrationfirst -->
  <testcase classname="VGApplication.VG_UP.Stage_2" name="registrationfirst" time="0.0">
    <skipped/>
  </testcase> <!-- registrationfirst -->
  <testcase classname="VGApplication.VG_UP.Stage_2" name="registrationfirst" time="0.0">
    <skipped/>
  </testcase> <!-- registrationfirst -->
  <testcase classname="VGApplication.VG_UP.Stage_2" name="registrationfirst" time="0.0">
    <skipped/>
  </testcase> <!-- registrationfirst -->
  <testcase classname="VGApplication.VG_UP.Stage_2" name="registrationfirst" time="0.0">
    <skipped/>
  </testcase> <!-- registrationfirst -->
  <testcase classname="VGApplication.VG_UP.Stage_2" name="registrationfirst" time="0.0">
    <skipped/>
  </testcase> <!-- registrationfirst -->
  <testcase classname="VGApplication.VG_UP.Stage_2" name="registrationfirst" time="0.0">
    <skipped/>
  </testcase> <!-- registrationfirst -->
  <testcase classname="VGApplication.VG_UP.Stage_2" name="registrationfirst" time="0.0">
    <skipped/>
  </testcase> <!-- registrationfirst -->
  <testcase classname="VGApplication.VG_UP.Stage_2" name="registrationfirst" time="0.0">
    <skipped/>
  </testcase> <!-- registrationfirst -->
  <testcase classname="VGApplication.VG_UP.Stage_2" name="registrationfirst" time="0.0">
    <skipped/>
  </testcase> <!-- registrationfirst -->
  <testcase classname="VGApplication.VG_UP.Stage_2" name="registrationfirst" time="0.0">
    <skipped/>
  </testcase> <!-- registrationfirst -->
  <testcase classname="VGApplication.VG_UP.Stage_2" name="registrationfirst" time="0.0">
    <skipped/>
  </testcase> <!-- registrationfirst -->
  <testcase classname="VGApplication.VG_UP.Stage_2" name="registrationfirst" time="0.0">
    <skipped/>
  </testcase> <!-- registrationfirst -->
  <testcase classname="VGApplication.VG_UP.Stage_2" name="registrationfirst" time="0.0">
    <skipped/>
  </testcase> <!-- registrationfirst -->
  <testcase classname="VGApplication.VG_UP.Stage_2" name="registrationfirst" time="0.0">
    <skipped/>
  </testcase> <!-- registrationfirst -->
  <testcase classname="VGApplication.VG_UP.Stage_2" name="registrationfirst" time="0.0">
    <skipped/>
  </testcase> <!-- registrationfirst -->
  <testcase classname="VGApplication.VG_UP.Stage_2" name="registrationfirst" time="0.0">
    <skipped/>
  </testcase> <!-- registrationfirst -->
  <testcase classname="VGApplication.VG_UP.Stage_2" name="registrationfirst" time="0.0">
    <skipped/>
  </testcase> <!-- registrationfirst -->
  <testcase classname="VGApplication.VG_UP.Stage_2" name="registrationfirst" time="0.0">
    <skipped/>
  </testcase> <!-- registrationfirst -->
  <testcase classname="VGApplication.VG_UP.Stage_2" name="registrationfirst" time="0.0">
    <skipped/>
  </testcase> <!-- registrationfirst -->
  <testcase classname="VGApplication.VG_UP.Stage_2" name="registrationfirst" time="0.0">
    <skipped/>
  </testcase> <!-- registrationfirst -->
  <testcase classname="VGApplication.VG_UP.Stage_2" name="registrationfirst" time="0.0">
    <skipped/>
  </testcase> <!-- registrationfirst -->
  <testcase classname="VGApplication.VG_UP.Stage_2" name="registrationfirst" time="0.0">
    <skipped/>
  </testcase> <!-- registrationfirst -->
  <testcase classname="VGApplication.VG_UP.Stage_2" name="registrationfirst" time="0.0">
    <skipped/>
  </testcase> <!-- registrationfirst -->
  <testcase classname="VGApplication.VG_UP.Stage_2" name="registrationfirst" time="0.0">
    <skipped/>
  </testcase> <!-- registrationfirst -->
  <testcase classname="VGApplication.VG_UP.Stage_2" name="registrationfirst" time="0.0">
    <skipped/>
  </testcase> <!-- registrationfirst -->
  <testcase classname="VGApplication.VG_UP.Stage_2" name="registrationfirst" time="0.0">
    <skipped/>
  </testcase> <!-- registrationfirst -->
  <testcase classname="VGApplication.VG_UP.Stage_2" name="registrationfirst" time="0.0">
    <skipped/>
  </testcase> <!-- registrationfirst -->
  <testcase classname="VGApplication.VG_UP.Stage_2" name="registrationfirst" time="0.0">
    <skipped/>
  </testcase> <!-- registrationfirst -->
  <testcase classname="VGApplication.VG_UP.Stage_2" name="registrationfirst" time="0.0">
    <skipped/>
  </testcase> <!-- registrationfirst -->
  <testcase classname="VGApplication.VG_UP.Stage_2" name="registrationfirst" time="0.0">
    <skipped/>
  </testcase> <!-- registrationfirst -->
  <testcase classname="VGApplication.VG_UP.Stage_2" name="registrationfirst" time="0.0">
    <skipped/>
  </testcase> <!-- registrationfirst -->
  <testcase classname="VGApplication.VG_UP.Stage_2" name="registrationfirst" time="0.0">
    <skipped/>
  </testcase> <!-- registrationfirst -->
  <testcase classname="VGApplication.VG_UP.Stage_2" name="registrationfirst" time="0.0">
    <skipped/>
  </testcase> <!-- registrationfirst -->
  <testcase classname="VGApplication.VG_UP.Stage_2" name="registrationfirst" time="0.0">
    <skipped/>
  </testcase> <!-- registrationfirst -->
  <testcase classname="VGApplication.VG_UP.Stage_2" name="registrationfirst" time="0.0">
    <skipped/>
  </testcase> <!-- registrationfirst -->
  <testcase classname="VGApplication.VG_UP.Stage_2" name="registrationfirst" time="0.0">
    <skipped/>
  </testcase> <!-- registrationfirst -->
  <testcase classname="VGApplication.VG_UP.Stage_2" name="registrationfirst" time="0.0">
    <skipped/>
  </testcase> <!-- registrationfirst -->
  <testcase classname="VGApplication.VG_UP.Stage_2" name="registrationfirst" time="0.0">
    <skipped/>
  </testcase> <!-- registrationfirst -->
  <testcase classname="VGApplication.VG_UP.Stage_2" name="registrationfirst" time="0.0">
    <skipped/>
  </testcase> <!-- registrationfirst -->
  <testcase classname="VGApplication.VG_UP.Stage_2" name="registrationfirst" time="0.0">
    <skipped/>
  </testcase> <!-- registrationfirst -->
  <testcase classname="VGApplication.VG_UP.Stage_2" name="registrationfirst" time="0.0">
    <skipped/>
  </testcase> <!-- registrationfirst -->
  <testcase classname="VGApplication.VG_UP.Stage_2" name="registrationfirst" time="0.0">
    <skipped/>
  </testcase> <!-- registrationfirst -->
  <testcase classname="VGApplication.VG_UP.Stage_2" name="registrationfirst" time="0.0">
    <skipped/>
  </testcase> <!-- registrationfirst -->
  <testcase classname="VGApplication.VG_UP.Stage_2" name="registrationfirst" time="0.0">
    <skipped/>
  </testcase> <!-- registrationfirst -->
  <testcase classname="VGApplication.VG_UP.Stage_2" name="registrationfirst" time="0.0">
    <skipped/>
  </testcase> <!-- registrationfirst -->
  <testcase classname="VGApplication.VG_UP.Stage_2" name="registrationfirst" time="0.0">
    <skipped/>
  </testcase> <!-- registrationfirst -->
  <testcase classname="VGApplication.VG_UP.Stage_2" name="registrationfirst" time="0.0">
    <skipped/>
  </testcase> <!-- registrationfirst -->
  <testcase classname="VGApplication.VG_UP.Stage_2" name="registrationfirst" time="0.0">
    <skipped/>
  </testcase> <!-- registrationfirst -->
  <testcase classname="VGApplication.VG_UP.Stage_2" name="registrationfirst" time="0.0">
    <skipped/>
  </testcase> <!-- registrationfirst -->
  <testcase classname="VGApplication.VG_UP.Stage_2" name="registrationfirst" time="0.0">
    <skipped/>
  </testcase> <!-- registrationfirst -->
  <testcase classname="VGApplication.VG_UP.Stage_2" name="registrationfirst" time="0.0">
    <skipped/>
  </testcase> <!-- registrationfirst -->
  <testcase classname="VGApplication.VG_UP.Stage_2" name="registrationfirst" time="0.0">
    <skipped/>
  </testcase> <!-- registrationfirst -->
  <testcase classname="VGApplication.VG_UP.Stage_2" name="registrationfirst" time="0.0">
    <skipped/>
  </testcase> <!-- registrationfirst -->
  <testcase classname="VGApplication.VG_UP.Stage_2" name="registrationfirst" time="0.0">
    <skipped/>
  </testcase> <!-- registrationfirst -->
  <testcase classname="VGApplication.VG_UP.Stage_2" name="registrationfirst" time="0.0">
    <skipped/>
  </testcase> <!-- registrationfirst -->
  <testcase classname="VGApplication.VG_UP.Stage_2" name="registrationfirst" time="0.0">
    <skipped/>
  </testcase> <!-- registrationfirst -->
  <testcase classname="VGApplication.VG_UP.Stage_2" name="registrationfirst" time="0.0">
    <skipped/>
  </testcase> <!-- registrationfirst -->
  <testcase classname="VGApplication.VG_UP.Stage_2" name="registrationfirst" time="0.0">
    <skipped/>
  </testcase> <!-- registrationfirst -->
  <testcase classname="VGApplication.VG_UP.Stage_2" name="registrationfirst" time="0.0">
    <skipped/>
  </testcase> <!-- registrationfirst -->
  <testcase classname="VGApplication.VG_UP.Stage_2" name="registrationfirst" time="0.0">
    <skipped/>
  </testcase> <!-- registrationfirst -->
  <testcase classname="VGApplication.VG_UP.Stage_2" name="registrationfirst" time="0.0">
    <skipped/>
  </testcase> <!-- registrationfirst -->
  <testcase classname="VGApplication.VG_UP.Stage_2" name="registrationfirst" time="0.0">
    <skipped/>
  </testcase> <!-- registrationfirst -->
  <testcase classname="VGApplication.VG_UP.Stage_2" name="registrationfirst" time="0.0">
    <skipped/>
  </testcase> <!-- registrationfirst -->
  <testcase classname="VGApplication.VG_UP.Stage_2" name="registrationfirst" time="0.0">
    <skipped/>
  </testcase> <!-- registrationfirst -->
  <testcase classname="VGApplication.VG_UP.Stage_2" name="registrationfirst" time="0.0">
    <skipped/>
  </testcase> <!-- registrationfirst -->
  <testcase classname="VGApplication.VG_UP.Stage_2" name="registrationfirst" time="0.0">
    <skipped/>
  </testcase> <!-- registrationfirst -->
  <testcase classname="VGApplication.VG_UP.Stage_2" name="registrationfirst" time="0.0">
    <skipped/>
  </testcase> <!-- registrationfirst -->
  <testcase classname="VGApplication.VG_UP.Stage_2" name="registrationfirst" time="0.0">
    <skipped/>
  </testcase> <!-- registrationfirst -->
  <testcase classname="VGApplication.VG_UP.Stage_2" name="registrationfirst" time="0.0">
    <skipped/>
  </testcase> <!-- registrationfirst -->
  <testcase classname="VGApplication.VG_UP.Stage_2" name="registrationfirst" time="0.0">
    <skipped/>
  </testcase> <!-- registrationfirst -->
  <testcase classname="VGApplication.VG_UP.Stage_2" name="registrationfirst" time="0.0">
    <skipped/>
  </testcase> <!-- registrationfirst -->
  <testcase classname="VGApplication.VG_UP.Stage_2" name="registrationfirst" time="0.0">
    <skipped/>
  </testcase> <!-- registrationfirst -->
  <testcase classname="VGApplication.VG_UP.Stage_2" name="registrationfirst" time="0.0">
    <skipped/>
  </testcase> <!-- registrationfirst -->
  <testcase classname="VGApplication.VG_UP.Stage_2" name="registrationfirst" time="0.0">
    <skipped/>
  </testcase> <!-- registrationfirst -->
  <testcase classname="VGApplication.VG_UP.Stage_2" name="registrationfirst" time="0.0">
    <skipped/>
  </testcase> <!-- registrationfirst -->
  <testcase classname="VGApplication.VG_UP.Stage_2" name="registrationfirst" time="0.0">
    <skipped/>
  </testcase> <!-- registrationfirst -->
  <testcase classname="VGApplication.VG_UP.Stage_2" name="registrationfirst" time="0.0">
    <skipped/>
  </testcase> <!-- registrationfirst -->
  <testcase classname="VGApplication.VG_UP.Stage_2" name="registrationfirst" time="0.0">
    <skipped/>
  </testcase> <!-- registrationfirst -->
  <testcase classname="VGApplication.VG_UP.Stage_2" name="registrationfirst" time="0.0">
    <skipped/>
  </testcase> <!-- registrationfirst -->
  <testcase classname="VGApplication.VG_UP.Stage_2" name="registrationfirst" time="0.0">
    <skipped/>
  </testcase> <!-- registrationfirst -->
  <testcase classname="VGApplication.VG_UP.Stage_2" name="registrationfirst" time="0.0">
    <skipped/>
  </testcase> <!-- registrationfirst -->
  <testcase classname="VGApplication.VG_UP.Stage_2" name="registrationfirst" time="0.0">
    <skipped/>
  </testcase> <!-- registrationfirst -->
  <testcase classname="VGApplication.VG_UP.Stage_2" name="registrationfirst" time="0.0">
    <skipped/>
  </testcase> <!-- registrationfirst -->
  <testcase classname="VGApplication.VG_UP.Stage_2" name="registrationfirst" time="0.0">
    <skipped/>
  </testcase> <!-- registrationfirst -->
  <testcase classname="VGApplication.VG_UP.Stage_2" name="registrationfirst" time="0.0">
    <skipped/>
  </testcase> <!-- registrationfirst -->
  <testcase classname="VGApplication.VG_UP.Stage_2" name="registrationfirst" time="0.0">
    <skipped/>
  </testcase> <!-- registrationfirst -->
  <testcase classname="VGApplication.VG_UP.Stage_2" name="registrationfirst" time="0.0">
    <skipped/>
  </testcase> <!-- registrationfirst -->
  <testcase classname="VGApplication.VG_UP.Stage_2" name="registrationfirst" time="0.0">
    <skipped/>
  </testcase> <!-- registrationfirst -->
  <testcase classname="VGApplication.VG_UP.Stage_2" name="registrationfirst" time="0.0">
    <skipped/>
  </testcase> <!-- registrationfirst -->
  <testcase classname="VGApplication.VG_UP.Stage_2" name="registrationfirst" time="0.0">
    <skipped/>
  </testcase> <!-- registrationfirst -->
  <testcase classname="VGApplication.VG_UP.Stage_2" name="registrationfirst" time="0.0">
    <skipped/>
  </testcase> <!-- registrationfirst -->
  <testcase classname="VGApplication.VG_UP.Stage_2" name="registrationfirst" time="0.0">
    <skipped/>
  </testcase> <!-- registrationfirst -->
  <testcase classname="VGApplication.VG_UP.Stage_2" name="registrationfirst" time="0.0">
    <skipped/>
  </testcase> <!-- registrationfirst -->
  <testcase classname="VGApplication.VG_UP.Stage_2" name="registrationfirst" time="0.0">
    <skipped/>
  </testcase> <!-- registrationfirst -->
  <testcase classname="VGApplication.VG_UP.Stage_2" name="registrationfirst" time="0.0">
    <skipped/>
  </testcase> <!-- registrationfirst -->
  <testcase classname="VGApplication.VG_UP.Stage_2" name="registrationfirst" time="0.0">
    <skipped/>
  </testcase> <!-- registrationfirst -->
  <testcase classname="VGApplication.VG_UP.Stage_2" name="registrationfirst" time="0.0">
    <skipped/>
  </testcase> <!-- registrationfirst -->
  <testcase classname="VGApplication.VG_UP.Stage_2" name="registrationfirst" time="0.0">
    <skipped/>
  </testcase> <!-- registrationfirst -->
  <testcase classname="VGApplication.VG_UP.Stage_2" name="registrationfirst" time="0.0">
    <skipped/>
  </testcase> <!-- registrationfirst -->
  <testcase classname="VGApplication.VG_UP.Stage_2" name="registrationfirst" time="0.0">
    <skipped/>
  </testcase> <!-- registrationfirst -->
  <testcase classname="VGApplication.VG_UP.Stage_2" name="registrationfirst" time="0.0">
    <skipped/>
  </testcase> <!-- registrationfirst -->
  <testcase classname="VGApplication.VG_UP.Stage_2" name="registrationfirst" time="0.0">
    <skipped/>
  </testcase> <!-- registrationfirst -->
  <testcase classname="VGApplication.VG_UP.Stage_2" name="registrationfirst" time="0.0">
    <skipped/>
  </testcase> <!-- registrationfirst -->
  <testcase classname="VGApplication.VG_UP.Stage_2" name="registrationfirst" time="0.0">
    <skipped/>
  </testcase> <!-- registrationfirst -->
  <testcase classname="VGApplication.VG_UP.Stage_2" name="registrationfirst" time="0.0">
    <skipped/>
  </testcase> <!-- registrationfirst -->
  <testcase classname="VGApplication.VG_UP.Stage_2" name="registrationfirst" time="0.0">
    <skipped/>
  </testcase> <!-- registrationfirst -->
  <testcase classname="VGApplication.VG_UP.Stage_2" name="registrationfirst" time="0.0">
    <skipped/>
  </testcase> <!-- registrationfirst -->
  <testcase classname="VGApplication.VG_UP.Stage_2" name="registrationfirst" time="0.0">
    <skipped/>
  </testcase> <!-- registrationfirst -->
  <testcase classname="VGApplication.VG_UP.Stage_2" name="registrationfirst" time="0.0">
    <skipped/>
  </testcase> <!-- registrationfirst -->
  <testcase classname="VGApplication.VG_UP.Stage_2" name="registrationfirst" time="0.0">
    <skipped/>
  </testcase> <!-- registrationfirst -->
  <testcase classname="VGApplication.VG_UP.Stage_2" name="registrationfirst" time="0.0">
    <skipped/>
  </testcase> <!-- registrationfirst -->
  <testcase classname="VGApplication.VG_UP.Stage_2" name="registrationfirst" time="0.0">
    <skipped/>
  </testcase> <!-- registrationfirst -->
  <testcase classname="VGApplication.VG_UP.Stage_2" name="registrationfirst" time="0.0">
    <skipped/>
  </testcase> <!-- registrationfirst -->
  <testcase classname="VGApplication.VG_UP.Stage_2" name="registrationfirst" time="0.0">
    <skipped/>
  </testcase> <!-- registrationfirst -->
  <testcase classname="VGApplication.VG_UP.Stage_2" name="registrationfirst" time="0.0">
    <skipped/>
  </testcase> <!-- registrationfirst -->
  <testcase classname="VGApplication.VG_UP.Stage_2" name="registrationfirst" time="0.0">
    <skipped/>
  </testcase> <!-- registrationfirst -->
  <testcase classname="VGApplication.VG_UP.Stage_2" name="registrationfirst" time="0.0">
    <skipped/>
  </testcase> <!-- registrationfirst -->
  <testcase classname="VGApplication.VG_UP.Stage_2" name="registrationfirst" time="0.0">
    <skipped/>
  </testcase> <!-- registrationfirst -->
  <testcase classname="VGApplication.VG_UP.Stage_2" name="registrationfirst" time="0.0">
    <skipped/>
  </testcase> <!-- registrationfirst -->
  <testcase classname="VGApplication.VG_UP.Stage_2" name="registrationfirst" time="0.0">
    <skipped/>
  </testcase> <!-- registrationfirst -->
  <testcase classname="VGApplication.VG_UP.Stage_2" name="registrationfirst" time="0.0">
    <skipped/>
  </testcase> <!-- registrationfirst -->
  <testcase classname="VGApplication.VG_UP.Stage_2" name="registrationfirst" time="0.0">
    <skipped/>
  </testcase> <!-- registrationfirst -->
  <testcase classname="VGApplication.VG_UP.Stage_2" name="registrationfirst" time="0.0">
    <skipped/>
  </testcase> <!-- registrationfirst -->
  <testcase classname="VGApplication.VG_UP.Stage_2" name="registrationfirst" time="0.0">
    <skipped/>
  </testcase> <!-- registrationfirst -->
  <testcase classname="VGApplication.VG_UP.Stage_2" name="registrationfirst" time="0.0">
    <skipped/>
  </testcase> <!-- registrationfirst -->
  <testcase classname="VGApplication.VG_UP.Stage_2" name="registrationfirst" time="0.0">
    <skipped/>
  </testcase> <!-- registrationfirst -->
  <testcase classname="VGApplication.VG_UP.Stage_2" name="registrationfirst" time="0.0">
    <skipped/>
  </testcase> <!-- registrationfirst -->
  <testcase classname="VGApplication.VG_UP.Stage_2" name="registrationfirst" time="0.0">
    <skipped/>
  </testcase> <!-- registrationfirst -->
  <testcase classname="VGApplication.VG_UP.Stage_2" name="registrationfirst" time="0.0">
    <skipped/>
  </testcase> <!-- registrationfirst -->
  <testcase classname="VGApplication.VG_UP.Stage_2" name="registrationfirst" time="0.0">
    <skipped/>
  </testcase> <!-- registrationfirst -->
  <testcase classname="VGApplication.VG_UP.Stage_2" name="registrationfirst" time="0.0">
    <skipped/>
  </testcase> <!-- registrationfirst -->
  <testcase classname="VGApplication.VG_UP.Stage_2" name="registrationfirst" time="0.0">
    <skipped/>
  </testcase> <!-- registrationfirst -->
  <testcase classname="VGApplication.VG_UP.Stage_2" name="registrationfirst" time="0.0">
    <skipped/>
  </testcase> <!-- registrationfirst -->
  <testcase classname="VGApplication.VG_UP.Stage_2" name="registrationfirst" time="0.0">
    <skipped/>
  </testcase> <!-- registrationfirst -->
  <testcase classname="VGApplication.VG_UP.Stage_2" name="registrationfirst" time="0.0">
    <skipped/>
  </testcase> <!-- registrationfirst -->
  <testcase classname="VGApplication.VG_UP.Stage_2" name="registrationfirst" time="0.0">
    <skipped/>
  </testcase> <!-- registrationfirst -->
  <testcase classname="VGApplication.VG_UP.Stage_2" name="registrationfirst" time="0.0">
    <skipped/>
  </testcase> <!-- registrationfirst -->
  <testcase classname="VGApplication.VG_UP.Stage_2" name="registrationfirst" time="0.0">
    <skipped/>
  </testcase> <!-- registrationfirst -->
  <testcase classname="VGApplication.VG_UP.Stage_2" name="registrationfirst" time="0.0">
    <skipped/>
  </testcase> <!-- registrationfirst -->
  <testcase classname="VGApplication.VG_UP.Stage_2" name="registrationfirst" time="0.0">
    <skipped/>
  </testcase> <!-- registrationfirst -->
  <testcase classname="VGApplication.VG_UP.Stage_2" name="registrationfirst" time="0.0">
    <skipped/>
  </testcase> <!-- registrationfirst -->
  <testcase classname="VGApplication.VG_UP.Stage_2" name="registrationfirst" time="0.0">
    <skipped/>
  </testcase> <!-- registrationfirst -->
  <testcase classname="VGApplication.VG_UP.Stage_2" name="registrationfirst" time="0.0">
    <skipped/>
  </testcase> <!-- registrationfirst -->
  <testcase classname="VGApplication.VG_UP.Stage_2" name="registrationfirst" time="0.0">
    <skipped/>
  </testcase> <!-- registrationfirst -->
  <testcase classname="VGApplication.VG_UP.Stage_2" name="registrationfirst" time="0.0">
    <skipped/>
  </testcase> <!-- registrationfirst -->
  <testcase classname="VGApplication.VG_UP.Stage_2" name="registrationfirst" time="0.0">
    <skipped/>
  </testcase> <!-- registrationfirst -->
  <testcase classname="VGApplication.VG_UP.Stage_2" name="registrationfirst" time="0.0">
    <skipped/>
  </testcase> <!-- registrationfirst -->
  <testcase classname="VGApplication.VG_UP.Stage_2" name="registrationfirst" time="0.0">
    <skipped/>
  </testcase> <!-- registrationfirst -->
  <testcase classname="VGApplication.VG_UP.Stage_2" name="registrationfirst" time="0.0">
    <skipped/>
  </testcase> <!-- registrationfirst -->
  <testcase classname="VGApplication.VG_UP.Stage_2" name="registrationfirst" time="0.0">
    <skipped/>
  </testcase> <!-- registrationfirst -->
  <testcase classname="VGApplication.VG_UP.Stage_2" name="registrationfirst" time="0.0">
    <skipped/>
  </testcase> <!-- registrationfirst -->
  <testcase classname="VGApplication.VG_UP.Stage_2" name="registrationfirst" time="0.0">
    <skipped/>
  </testcase> <!-- registrationfirst -->
  <testcase classname="VGApplication.VG_UP.Stage_2" name="registrationfirst" time="0.0">
    <skipped/>
  </testcase> <!-- registrationfirst -->
  <testcase classname="VGApplication.VG_UP.Stage_2" name="registrationfirst" time="0.0">
    <skipped/>
  </testcase> <!-- registrationfirst -->
  <testcase classname="VGApplication.VG_UP.Stage_2" name="registrationfirst" time="0.0">
    <skipped/>
  </testcase> <!-- registrationfirst -->
  <testcase classname="VGApplication.VG_UP.Stage_2" name="registrationfirst" time="0.0">
    <skipped/>
  </testcase> <!-- registrationfirst -->
  <testcase classname="VGApplication.VG_UP.Stage_2" name="registrationfirst" time="0.0">
    <skipped/>
  </testcase> <!-- registrationfirst -->
  <testcase classname="VGApplication.VG_UP.Stage_2" name="registrationfirst" time="0.0">
    <skipped/>
  </testcase> <!-- registrationfirst -->
  <testcase classname="VGApplication.VG_UP.Stage_2" name="registrationfirst" time="0.0">
    <skipped/>
  </testcase> <!-- registrationfirst -->
  <testcase classname="VGApplication.VG_UP.Stage_2" name="registrationfirst" time="0.0">
    <skipped/>
  </testcase> <!-- registrationfirst -->
  <testcase classname="VGApplication.VG_UP.Stage_2" name="registrationfirst" time="0.0">
    <skipped/>
  </testcase> <!-- registrationfirst -->
  <testcase classname="VGApplication.VG_UP.Stage_2" name="registrationfirst" time="0.0">
    <skipped/>
  </testcase> <!-- registrationfirst -->
  <testcase classname="VGApplication.VG_UP.Stage_2" name="registrationfirst" time="0.0">
    <skipped/>
  </testcase> <!-- registrationfirst -->
  <testcase classname="VGApplication.VG_UP.Stage_2" name="registrationfirst" time="0.0">
    <skipped/>
  </testcase> <!-- registrationfirst -->
  <testcase classname="VGApplication.VG_UP.Stage_2" name="registrationfirst" time="0.0">
    <skipped/>
  </testcase> <!-- registrationfirst -->
  <testcase classname="VGApplication.VG_UP.Stage_2" name="registrationfirst" time="0.0">
    <skipped/>
  </testcase> <!-- registrationfirst -->
  <testcase classname="VGApplication.VG_UP.Stage_2" name="registrationfirst" time="0.0">
    <skipped/>
  </testcase> <!-- registrationfirst -->
  <testcase classname="VGApplication.VG_UP.Stage_2" name="registrationfirst" time="0.0">
    <skipped/>
  </testcase> <!-- registrationfirst -->
  <testcase classname="VGApplication.VG_UP.Stage_2" name="registrationfirst" time="0.0">
    <skipped/>
  </testcase> <!-- registrationfirst -->
  <testcase classname="VGApplication.VG_UP.Stage_2" name="registrationfirst" time="0.0">
    <skipped/>
  </testcase> <!-- registrationfirst -->
  <testcase classname="VGApplication.VG_UP.Stage_2" name="registrationfirst" time="0.0">
    <skipped/>
  </testcase> <!-- registrationfirst -->
  <testcase classname="VGApplication.VG_UP.Stage_2" name="registrationfirst" time="0.0">
    <skipped/>
  </testcase> <!-- registrationfirst -->
  <testcase classname="VGApplication.VG_UP.Stage_2" name="registrationfirst" time="0.0">
    <skipped/>
  </testcase> <!-- registrationfirst -->
  <testcase classname="VGApplication.VG_UP.Stage_2" name="registrationfirst" time="0.0">
    <skipped/>
  </testcase> <!-- registrationfirst -->
  <testcase classname="VGApplication.VG_UP.Stage_2" name="registrationfirst" time="0.0">
    <skipped/>
  </testcase> <!-- registrationfirst -->
  <testcase classname="VGApplication.VG_UP.Stage_2" name="registrationfirst" time="0.0">
    <skipped/>
  </testcase> <!-- registrationfirst -->
  <testcase classname="VGApplication.VG_UP.Stage_2" name="registrationfirst" time="0.0">
    <skipped/>
  </testcase> <!-- registrationfirst -->
  <testcase classname="VGApplication.VG_UP.Stage_2" name="registrationfirst" time="0.0">
    <skipped/>
  </testcase> <!-- registrationfirst -->
  <testcase classname="VGApplication.VG_UP.Stage_2" name="registrationfirst" time="0.0">
    <skipped/>
  </testcase> <!-- registrationfirst -->
  <testcase classname="VGApplication.VG_UP.Stage_2" name="registrationfirst" time="0.0">
    <skipped/>
  </testcase> <!-- registrationfirst -->
  <testcase classname="VGApplication.VG_UP.Stage_2" name="registrationfirst" time="0.0">
    <skipped/>
  </testcase> <!-- registrationfirst -->
  <testcase classname="VGApplication.VG_UP.Stage_2" name="registrationfirst" time="0.0">
    <skipped/>
  </testcase> <!-- registrationfirst -->
[...]
    <skipped/>
  </testcase> <!-- registrationfirst -->
  <testcase classname="VGApplication.VG_UP.Stage_2" name="registrationfirst" time="0.0">
    <skipped/>
  </testcase> <!-- registrationfirst -->
  <testcase classname="VGApplication.VG_UP.Stage_2" name="registrationfirst" time="0.0">
    <skipped/>
  </testcase> <!-- registrationfirst -->
  <testcase classname="VGApplication.VG_UP.Stage_2" name="registrationfirst" time="0.0">
    <skipped/>
  </testcase> <!-- registrationfirst -->
  <testcase classname="VGApplication.VG_UP.Stage_2" name="registrationfirst" time="0.0">
    <skipped/>
  </testcase> <!-- registrationfirst -->
  <testcase classname="VGApplication.VG_UP.Stage_2" name="registrationfirst" time="0.0">
    <skipped/>
  </testcase> <!-- registrationfirst -->
  <testcase classname="VGApplication.VG_UP.Stage_2" name="registrationfirst" time="0.0">
    <skipped/>
  </testcase> <!-- registrationfirst -->
  <testcase classname="VGApplication.VG_UP.Stage_2" name="registrationfirst" time="0.0">
    <skipped/>
  </testcase> <!-- registrationfirst -->
  <testcase classname="VGApplication.VG_UP.Stage_2" name="registrationfirst" time="0.0">
    <skipped/>
  </testcase> <!-- registrationfirst -->
  <testcase classname="VGApplication.VG_UP.Stage_2" name="registrationfirst" time="0.0">
    <skipped/>
  </testcase> <!-- registrationfirst -->
  <testcase classname="VGApplication.VG_UP.Stage_2" name="registrationfirst" time="0.0">
    <skipped/>
  </testcase> <!-- registrationfirst -->
  <testcase classname="VGApplication.VG_UP.Stage_2" name="registrationfirst" time="0.0">
    <skipped/>
  </testcase> <!-- registrationfirst -->
  <testcase classname="VGApplication.VG_UP.Stage_2" name="registrationfirst" time="0.0">
    <skipped/>
  </testcase> <!-- registrationfirst -->
  <testcase classname="VGApplication.VG_UP.Stage_2" name="registrationfirst" time="0.0">
    <skipped/>
  </testcase> <!-- registrationfirst -->
  <testcase classname="VGApplication.VG_UP.Stage_2" name="registrationfirst" time="0.0">
    <skipped/>
  </testcase> <!-- registrationfirst -->
  <testcase classname="VGApplication.VG_UP.Stage_2" name="registrationfirst" time="0.0">
    <skipped/>
  </testcase> <!-- registrationfirst -->
  <testcase classname="VGApplication.VG_UP.Stage_2" name="registrationfirst" time="0.0">
    <skipped/>
  </testcase> <!-- registrationfirst -->
  <testcase classname="VGApplication.VG_UP.Stage_2" name="registrationfirst" time="0.0">
    <skipped/>
  </testcase> <!-- registrationfirst -->
  <testcase classname="VGApplication.VG_UP.Stage_2" name="registrationfirst" time="0.0">
    <skipped/>
  </testcase> <!-- registrationfirst -->
  <testcase classname="VGApplication.VG_UP.Stage_2" name="registrationfirst" time="0.0">
    <skipped/>
  </testcase> <!-- registrationfirst -->
  <testcase classname="VGApplication.VG_UP.Stage_2" name="registrationfirst" time="0.0">
    <skipped/>
  </testcase> <!-- registrationfirst -->
  <testcase classname="VGApplication.VG_UP.Stage_2" name="registrationfirst" time="0.0">
    <skipped/>
  </testcase> <!-- registrationfirst -->
  <testcase classname="VGApplication.VG_UP.Stage_2" name="registrationfirst" time="0.0">
    <skipped/>
  </testcase> <!-- registrationfirst -->
  <testcase classname="VGApplication.VG_UP.Stage_2" name="registrationfirst" time="0.0">
    <skipped/>
  </testcase> <!-- registrationfirst -->
  <testcase classname="VGApplication.VG_UP.Stage_2" name="registrationfirst" time="0.0">
    <skipped/>
  </testcase> <!-- registrationfirst -->
  <testcase classname="VGApplication.VG_UP.Stage_2" name="registrationfirst" time="0.0">
    <skipped/>
  </testcase> <!-- registrationfirst -->
  <testcase classname="VGApplication.VG_UP.Stage_2" name="registrationfirst" time="0.0">
    <skipped/>
  </testcase> <!-- registrationfirst -->
  <testcase classname="VGApplication.VG_UP.Stage_2" name="registrationfirst" time="0.0">
    <skipped/>
  </testcase> <!-- registrationfirst -->
  <testcase classname="VGApplication.VG_UP.Stage_2" name="registrationfirst" time="0.0">
    <skipped/>
  </testcase> <!-- registrationfirst -->
  <testcase classname="VGApplication.VG_UP.Stage_2" name="registrationfirst" time="0.0">
    <skipped/>
  </testcase> <!-- registrationfirst -->
  <testcase classname="VGApplication.VG_UP.Stage_2" name="registrationfirst" time="0.0">
    <skipped/>
  </testcase> <!-- registrationfirst -->
  <testcase classname="VGApplication.VG_UP.Stage_2" name="registrationfirst" time="0.0">
    <skipped/>
  </testcase> <!-- registrationfirst -->
  <testcase classname="VGApplication.VG_UP.Stage_2" name="registrationfirst" time="0.0">
    <skipped/>
  </testcase> <!-- registrationfirst -->
  <testcase classname="VGApplication.VG_UP.Stage_2" name="registrationfirst" time="0.0">
    <skipped/>
  </testcase> <!-- registrationfirst -->
  <testcase classname="VGApplication.VG_UP.Stage_2" name="registrationfirst" time="0.0">
    <skipped/>
  </testcase> <!-- registrationfirst -->
  <testcase classname="VGApplication.VG_UP.Stage_2" name="registrationfirst" time="0.0">
    <skipped/>
  </testcase> <!-- registrationfirst -->
  <testcase classname="VGApplication.VG_UP.Stage_2" name="registrationfirst" time="0.0">
    <skipped/>
  </testcase> <!-- registrationfirst -->
  <testcase classname="VGApplication.VG_UP.Stage_2" name="registrationfirst" time="0.0">
    <skipped/>
  </testcase> <!-- registrationfirst -->
  <testcase classname="VGApplication.VG_UP.Stage_2" name="registrationfirst" time="0.0">
    <skipped/>
  </testcase> <!-- registrationfirst -->
  <testcase classname="VGApplication.VG_UP.Stage_2" name="registrationfirst" time="0.0">
    <skipped/>
  </testcase> <!-- registrationfirst -->
  <testcase classname="VGApplication.VG_UP.Stage_2" name="registrationfirst" time="0.0">
    <skipped/>
  </testcase> <!-- registrationfirst -->
  <testcase classname="VGApplication.VG_UP.Stage_2" name="registrationfirst" time="0.0">
    <skipped/>
  </testcase> <!-- registrationfirst -->
  <testcase classname="VGApplication.VG_UP.Stage_2" name="registrationfirst" time="0.0">
    <skipped/>
  </testcase> <!-- registrationfirst -->
  <testcase classname="VGApplication.VG_UP.Stage_2" name="registrationfirst" time="0.0">
    <skipped/>
  </testcase> <!-- registrationfirst -->
  <testcase classname="VGApplication.VG_UP.Stage_2" name="registrationfirst" time="0.0">
    <skipped/>
  </testcase> <!-- registrationfirst -->
  <testcase classname="VGApplication.VG_UP.Stage_2" name="registrationfirst" time="0.0">
    <skipped/>
  </testcase> <!-- registrationfirst -->
  <testcase classname="VGApplication.VG_UP.Stage_2" name="registrationfirst" time="0.0">
    <skipped/>
  </testcase> <!-- registrationfirst -->
  <testcase classname="VGApplication.VG_UP.Stage_2" name="registrationfirst" time="0.0">
    <skipped/>
  </testcase> <!-- registrationfirst -->
  <testcase classname="VGApplication.VG_UP.Stage_2" name="registrationfirst" time="0.0">
    <skipped/>
  </testcase> <!-- registrationfirst -->
  <testcase classname="VGApplication.VG_UP.Stage_2" name="registrationfirst" time="0.0">
    <skipped/>
  </testcase> <!-- registrationfirst -->
  <testcase classname="VGApplication.VG_UP.Stage_2" name="registrationfirst" time="0.0">
    <skipped/>
  </testcase> <!-- registrationfirst -->
  <testcase classname="VGApplication.VG_UP.Stage_2" name="registrationfirst" time="0.0">
    <skipped/>
  </testcase> <!-- registrationfirst -->
  <testcase classname="VGApplication.VG_UP.Stage_2" name="registrationfirst" time="0.0">
    <skipped/>
  </testcase> <!-- registrationfirst -->
  <testcase classname="VGApplication.VG_UP.Stage_2" name="registrationfirst" time="0.0">
    <skipped/>
  </testcase> <!-- registrationfirst -->
  <testcase classname="VGApplication.VG_UP.Stage_2" name="registrationfirst" time="0.0">
    <skipped/>
  </testcase> <!-- registrationfirst -->
  <testcase classname="VGApplication.VG_UP.Stage_2" name="registrationfirst" time="0.0">
    <skipped/>
  </testcase> <!-- registrationfirst -->
  <testcase classname="VGApplication.VG_UP.Stage_2" name="registrationfirst" time="0.0">
    <skipped/>
  </testcase> <!-- registrationfirst -->
  <testcase classname="VGApplication.VG_UP.Stage_2" name="registrationfirst" time="0.0">
    <skipped/>
  </testcase> <!-- registrationfirst -->
  <testcase classname="VGApplication.VG_UP.Stage_2" name="registrationfirst" time="0.0">
    <skipped/>
  </testcase> <!-- registrationfirst -->
  <testcase classname="VGApplication.VG_UP.Stage_2" name="registrationfirst" time="0.0">
    <skipped/>
  </testcase> <!-- registrationfirst -->
  <testcase classname="VGApplication.VG_UP.Stage_2" name="registrationfirst" time="0.0">
    <skipped/>
  </testcase> <!-- registrationfirst -->
  <testcase classname="VGApplication.VG_UP.Stage_2" name="registrationfirst" time="0.0">
    <skipped/>
  </testcase> <!-- registrationfirst -->
  <testcase classname="VGApplication.VG_UP.Stage_2" name="registrationfirst" time="0.0">
    <skipped/>
  </testcase> <!-- registrationfirst -->
  <testcase classname="VGApplication.VG_UP.Stage_2" name="registrationfirst" time="0.0">
    <skipped/>
  </testcase> <!-- registrationfirst -->
  <testcase classname="VGApplication.VG_UP.Stage_2" name="registrationfirst" time="0.0">
    <skipped/>
  </testcase> <!-- registrationfirst -->
  <testcase classname="VGApplication.VG_UP.Stage_2" name="registrationfirst" time="0.0">
    <skipped/>
  </testcase> <!-- registrationfirst -->
  <testcase classname="VGApplication.VG_UP.Stage_2" name="registrationfirst" time="0.0">
    <skipped/>
  </testcase> <!-- registrationfirst -->
  <testcase classname="VGApplication.VG_UP.Stage_2" name="registrationfirst" time="0.0">
    <skipped/>
  </testcase> <!-- registrationfirst -->
  <testcase classname="VGApplication.VG_UP.Stage_2" name="registrationfirst" time="0.0">
    <skipped/>
  </testcase> <!-- registrationfirst -->
  <testcase classname="VGApplication.VG_UP.Stage_2" name="registrationfirst" time="0.0">
    <skipped/>
  </testcase> <!-- registrationfirst -->
  <testcase classname="VGApplication.VG_UP.Stage_2" name="registrationfirst" time="0.0">
    <skipped/>
  </testcase> <!-- registrationfirst -->
  <testcase classname="VGApplication.VG_UP.Stage_2" name="registrationfirst" time="0.0">
    <skipped/>
  </testcase> <!-- registrationfirst -->
  <testcase classname="VGApplication.VG_UP.Stage_2" name="registrationfirst" time="0.0">
    <skipped/>
  </testcase> <!-- registrationfirst -->
  <testcase classname="VGApplication.VG_UP.Stage_2" name="registrationfirst" time="0.0">
    <skipped/>
  </testcase> <!-- registrationfirst -->
  <testcase classname="VGApplication.VG_UP.Stage_2" name="registrationfirst" time="0.0">
    <skipped/>
  </testcase> <!-- registrationfirst -->
  <testcase classname="VGApplication.VG_UP.Stage_2" name="registrationfirst" time="0.0">
    <skipped/>
  </testcase> <!-- registrationfirst -->
  <testcase classname="VGApplication.VG_UP.Stage_2" name="registrationfirst" time="0.0">
    <skipped/>
  </testcase> <!-- registrationfirst -->
  <testcase classname="VGApplication.VG_UP.Stage_2" name="registrationfirst" time="0.0">
    <skipped/>
  </testcase> <!-- registrationfirst -->
  <testcase classname="VGApplication.VG_UP.Stage_2" name="registrationfirst" time="0.0">
    <skipped/>
  </testcase> <!-- registrationfirst -->
  <testcase classname="VGApplication.VG_UP.Stage_2" name="registrationfirst" time="0.0">
    <skipped/>
  </testcase> <!-- registrationfirst -->
  <testcase classname="VGApplication.VG_UP.Stage_2" name="registrationfirst" time="0.0">
    <skipped/>
  </testcase> <!-- registrationfirst -->
  <testcase classname="VGApplication.VG_UP.Stage_2" name="registrationfirst" time="0.0">
    <skipped/>
  </testcase> <!-- registrationfirst -->
  <testcase classname="VGApplication.VG_UP.Stage_2" name="registrationfirst" time="0.0">
    <skipped/>
  </testcase> <!-- registrationfirst -->
  <testcase classname="VGApplication.VG_UP.Stage_2" name="registrationfirst" time="0.0">
    <skipped/>
  </testcase> <!-- registrationfirst -->
  <testcase classname="VGApplication.VG_UP.Stage_2" name="registrationfirst" time="0.0">
    <skipped/>
  </testcase> <!-- registrationfirst -->
  <testcase classname="VGApplication.VG_UP.Stage_2" name="registrationfirst" time="0.0">
    <skipped/>
  </testcase> <!-- registrationfirst -->
  <testcase classname="VGApplication.VG_UP.Stage_2" name="registrationfirst" time="0.0">
    <skipped/>
  </testcase> <!-- registrationfirst -->
  <testcase classname="VGApplication.VG_UP.Stage_2" name="registrationfirst" time="0.0">
    <skipped/>
  </testcase> <!-- registrationfirst -->
  <testcase classname="VGApplication.VG_UP.Stage_2" name="registrationfirst" time="0.0">
    <skipped/>
  </testcase> <!-- registrationfirst -->
  <testcase classname="VGApplication.VG_UP.Stage_2" name="registrationfirst" time="0.0">
    <skipped/>
  </testcase> <!-- registrationfirst -->
  <testcase classname="VGApplication.VG_UP.Stage_2" name="registrationfirst" time="0.0">
    <skipped/>
  </testcase> <!-- registrationfirst -->
  <testcase classname="VGApplication.VG_UP.Stage_2" name="registrationfirst" time="0.0">
    <skipped/>
  </testcase> <!-- registrationfirst -->
  <testcase classname="VGApplication.VG_UP.Stage_2" name="registrationfirst" time="0.0">
    <skipped/>
  </testcase> <!-- registrationfirst -->
  <testcase classname="VGApplication.VG_UP.Stage_2" name="registrationfirst" time="0.0">
    <skipped/>
  </testcase> <!-- registrationfirst -->
  <testcase classname="VGApplication.VG_UP.Stage_2" name="registrationfirst" time="0.0">
    <skipped/>
  </testcase> <!-- registrationfirst -->
  <testcase classname="VGApplication.VG_UP.Stage_2" name="registrationfirst" time="0.0">
    <skipped/>
  </testcase> <!-- registrationfirst -->
  <testcase classname="VGApplication.VG_UP.Stage_2" name="registrationfirst" time="0.0">
    <skipped/>
  </testcase> <!-- registrationfirst -->
  <testcase classname="VGApplication.VG_UP.Stage_2" name="registrationfirst" time="0.0">
    <skipped/>
  </testcase> <!-- registrationfirst -->
  <testcase classname="VGApplication.VG_UP.Stage_2" name="registrationfirst" time="0.0">
    <skipped/>
  </testcase> <!-- registrationfirst -->
  <testcase classname="VGApplication.VG_UP.Stage_2" name="registrationfirst" time="0.0">
    <skipped/>
  </testcase> <!-- registrationfirst -->
  <testcase classname="VGApplication.VG_UP.Stage_2" name="registrationfirst" time="0.0">
    <skipped/>
  </testcase> <!-- registrationfirst -->
  <testcase classname="VGApplication.VG_UP.Stage_2" name="registrationfirst" time="0.0">
    <skipped/>
  </testcase> <!-- registrationfirst -->
  <testcase classname="VGApplication.VG_UP.Stage_2" name="registrationfirst" time="0.0">
    <skipped/>
  </testcase> <!-- registrationfirst -->
  <testcase classname="VGApplication.VG_UP.Stage_2" name="registrationfirst" time="0.0">
    <skipped/>
  </testcase> <!-- registrationfirst -->
  <testcase classname="VGApplication.VG_UP.Stage_2" name="registrationfirst" time="0.0">
    <skipped/>
  </testcase> <!-- registrationfirst -->
  <testcase classname="VGApplication.VG_UP.Stage_2" name="registrationfirst" time="0.0">
    <skipped/>
  </testcase> <!-- registrationfirst -->
  <testcase classname="VGApplication.VG_UP.Stage_2" name="registrationfirst" time="0.0">
    <skipped/>
  </testcase> <!-- registrationfirst -->
  <testcase classname="VGApplication.VG_UP.Stage_2" name="registrationfirst" time="0.0">
    <skipped/>
  </testcase> <!-- registrationfirst -->
  <testcase classname="VGApplication.VG_UP.Stage_2" name="registrationfirst" time="0.0">
    <skipped/>
  </testcase> <!-- registrationfirst -->
  <testcase classname="VGApplication.VG_UP.Stage_2" name="registrationfirst" time="0.0">
    <skipped/>
  </testcase> <!-- registrationfirst -->
  <testcase classname="VGApplication.VG_UP.Stage_2" name="registrationfirst" time="0.0">
    <skipped/>
  </testcase> <!-- registrationfirst -->
  <testcase classname="VGApplication.VG_UP.Stage_2" name="registrationfirst" time="0.0">
    <skipped/>
  </testcase> <!-- registrationfirst -->
  <testcase classname="VGApplication.VG_UP.Stage_2" name="registrationfirst" time="0.0">
    <skipped/>
  </testcase> <!-- registrationfirst -->
  <testcase classname="VGApplication.VG_UP.Stage_2" name="registrationfirst" time="0.0">
    <skipped/>
  </testcase> <!-- registrationfirst -->
  <testcase classname="VGApplication.VG_UP.Stage_2" name="registrationfirst" time="0.0">
    <skipped/>
  </testcase> <!-- registrationfirst -->
  <testcase classname="VGApplication.VG_UP.Stage_2" name="registrationfirst" time="0.0">
    <skipped/>
  </testcase> <!-- registrationfirst -->
  <testcase classname="VGApplication.VG_UP.Stage_2" name="registrationfirst" time="0.0">
    <skipped/>
  </testcase> <!-- registrationfirst -->
  <testcase classname="VGApplication.VG_UP.Stage_2" name="registrationfirst" time="0.0">
    <skipped/>
  </testcase> <!-- registrationfirst -->
  <testcase classname="VGApplication.VG_UP.Stage_2" name="registrationfirst" time="0.0">
    <skipped/>
  </testcase> <!-- registrationfirst -->
  <testcase classname="VGApplication.VG_UP.Stage_2" name="registrationfirst" time="0.0">
    <skipped/>
  </testcase> <!-- registrationfirst -->
  <testcase classname="VGApplication.VG_UP.Stage_2" name="registrationfirst" time="0.0">
    <skipped/>
  </testcase> <!-- registrationfirst -->
  <testcase classname="VGApplication.VG_UP.Stage_2" name="registrationfirst" time="0.0">
    <skipped/>
  </testcase> <!-- registrationfirst -->
  <testcase classname="VGApplication.VG_UP.Stage_2" name="registrationfirst" time="0.0">
    <skipped/>
  </testcase> <!-- registrationfirst -->
  <testcase classname="VGApplication.VG_UP.Stage_2" name="registrationfirst" time="0.0">
    <skipped/>
  </testcase> <!-- registrationfirst -->
  <testcase classname="VGApplication.VG_UP.Stage_2" name="registrationfirst" time="0.0">
    <skipped/>
  </testcase> <!-- registrationfirst -->
  <testcase classname="VGApplication.VG_UP.Stage_2" name="registrationfirst" time="0.0">
    <skipped/>
  </testcase> <!-- registrationfirst -->
  <testcase classname="VGApplication.VG_UP.Stage_2" name="registrationfirst" time="0.0">
    <skipped/>
  </testcase> <!-- registrationfirst -->
  <testcase classname="VGApplication.VG_UP.Stage_2" name="registrationfirst" time="0.0">
    <skipped/>
  </testcase> <!-- registrationfirst -->
  <testcase classname="VGApplication.VG_UP.Stage_2" name="registrationfirst" time="0.0">
    <skipped/>
  </testcase> <!-- registrationfirst -->
  <testcase classname="VGApplication.VG_UP.Stage_2" name="registrationfirst" time="0.0">
    <skipped/>
  </testcase> <!-- registrationfirst -->
  <testcase classname="VGApplication.VG_UP.Stage_2" name="registrationfirst" time="0.0">
    <skipped/>
  </testcase> <!-- registrationfirst -->
  <testcase classname="VGApplication.VG_UP.Stage_2" name="registrationfirst" time="0.0">
    <skipped/>
  </testcase> <!-- registrationfirst -->
  <testcase classname="VGApplication.VG_UP.Stage_2" name="registrationfirst" time="0.0">
    <skipped/>
  </testcase> <!-- registrationfirst -->
  <testcase classname="VGApplication.VG_UP.Stage_2" name="registrationfirst" time="0.0">
    <skipped/>
  </testcase> <!-- registrationfirst -->
  <testcase classname="VGApplication.VG_UP.Stage_2" name="registrationfirst" time="0.0">
    <skipped/>
  </testcase> <!-- registrationfirst -->
  <testcase classname="VGApplication.VG_UP.Stage_2" name="registrationfirst" time="0.0">
    <skipped/>
  </testcase> <!-- registrationfirst -->
  <testcase classname="VGApplication.VG_UP.Stage_2" name="registrationfirst" time="0.0">
    <skipped/>
  </testcase> <!-- registrationfirst -->
  <testcase classname="VGApplication.VG_UP.Stage_2" name="registrationfirst" time="0.0">
    <skipped/>
  </testcase> <!-- registrationfirst -->
</testsuite> <!-- Edge tests -->
