<?xml version="1.0" encoding="UTF-8"?>
<!-- Generated by org.testng.reporters.JUnitXMLReporter -->
<testsuite ignored="0" hostname="YOGESH-CHAUHAN" failures="1" tests="1" name="Test" time="10.837" errors="0" timestamp="2026-03-09T12:26:53 IST">
  <testcase classname="Udemy.Assignment3" name="section9" time="10.792">
    <failure type="org.openqa.selenium.ElementClickInterceptedException" message="Element &amp;lt;select class=&amp;quot;form-control&amp;quot;&amp;gt; is not clickable at point (640,439) because another element &amp;lt;div id=&amp;quot;myModal&amp;quot; class=&amp;quot;modal fade&amp;quot;&amp;gt; obscures it
Build info: version: &amp;apos;4.39.0&amp;apos;, revision: &amp;apos;126f156aee&amp;apos;
System info: os.name: &amp;apos;Windows 11&amp;apos;, os.arch: &amp;apos;amd64&amp;apos;, os.version: &amp;apos;10.0&amp;apos;, java.version: &amp;apos;21.0.1&amp;apos;
Driver info: org.openqa.selenium.firefox.FirefoxDriver
Command: [d59afe20-47e6-4f1c-9a8f-162011f7344c, clickElement {id=df4a235a-4ebe-4a03-bda5-d2e5f21ba397}]
Capabilities {acceptInsecureCerts: true, browserName: firefox, browserVersion: 148.0, moz:accessibilityChecks: false, moz:buildID: 20260216153405, moz:geckodriverVersion: 0.36.0, moz:headless: false, moz:platformVersion: 10.0, moz:processID: 42400, moz:profile: C:\Users\YOGESH~1\AppData\L..., moz:shutdownTimeout: 60000, moz:webdriverClick: true, moz:windowless: false, pageLoadStrategy: normal, platformName: windows, proxy: Proxy(), setWindowRect: true, strictFileInteractability: false, timeouts: {implicit: 0, pageLoad: 300000, script: 30000}, unhandledPromptBehavior: dismiss and notify, userAgent: Mozilla/5.0 (Windows NT 10....}
Element: [[[[FirefoxDriver: firefox on windows (d59afe20-47e6-4f1c-9a8f-162011f7344c)] -&amp;gt; xpath: //select[@class=&amp;apos;form-control&amp;apos;]]] -&amp;gt; xpath: .//option[@value = &amp;quot;consult&amp;quot;]]
Session ID: d59afe20-47e6-4f1c-9a8f-162011f7344c">
      <![CDATA[org.openqa.selenium.ElementClickInterceptedException: Element <select class="form-control"> is not clickable at point (640,439) because another element <div id="myModal" class="modal fade"> obscures it
Build info: version: '4.39.0', revision: '126f156aee'
System info: os.name: 'Windows 11', os.arch: 'amd64', os.version: '10.0', java.version: '21.0.1'
Driver info: org.openqa.selenium.firefox.FirefoxDriver
Command: [d59afe20-47e6-4f1c-9a8f-162011f7344c, clickElement {id=df4a235a-4ebe-4a03-bda5-d2e5f21ba397}]
Capabilities {acceptInsecureCerts: true, browserName: firefox, browserVersion: 148.0, moz:accessibilityChecks: false, moz:buildID: 20260216153405, moz:geckodriverVersion: 0.36.0, moz:headless: false, moz:platformVersion: 10.0, moz:processID: 42400, moz:profile: C:\Users\YOGESH~1\AppData\L..., moz:shutdownTimeout: 60000, moz:webdriverClick: true, moz:windowless: false, pageLoadStrategy: normal, platformName: windows, proxy: Proxy(), setWindowRect: true, strictFileInteractability: false, timeouts: {implicit: 0, pageLoad: 300000, script: 30000}, unhandledPromptBehavior: dismiss and notify, userAgent: Mozilla/5.0 (Windows NT 10....}
Element: [[[[FirefoxDriver: firefox on windows (d59afe20-47e6-4f1c-9a8f-162011f7344c)] -> xpath: //select[@class='form-control']]] -> xpath: .//option[@value = "consult"]]
Session ID: d59afe20-47e6-4f1c-9a8f-162011f7344c
at org.openqa.selenium.remote.ErrorCodec.decode(ErrorCodec.java:167)
at org.openqa.selenium.remote.codec.w3c.W3CHttpResponseCodec.decode(W3CHttpResponseCodec.java:142)
at org.openqa.selenium.remote.codec.w3c.W3CHttpResponseCodec.decode(W3CHttpResponseCodec.java:49)
at org.openqa.selenium.remote.HttpCommandExecutor.execute(HttpCommandExecutor.java:215)
at org.openqa.selenium.remote.service.DriverCommandExecutor.invokeExecute(DriverCommandExecutor.java:216)
at org.openqa.selenium.remote.service.DriverCommandExecutor.execute(DriverCommandExecutor.java:174)
at org.openqa.selenium.remote.RemoteWebDriver.execute(RemoteWebDriver.java:561)
at org.openqa.selenium.remote.RemoteWebElement.execute(RemoteWebElement.java:223)
at org.openqa.selenium.remote.RemoteWebElement.click(RemoteWebElement.java:76)
at org.openqa.selenium.support.ui.Select.setSelected(Select.java:330)
at org.openqa.selenium.support.ui.Select.selectByValue(Select.java:189)
at Udemy.Assignment3.section9(Assignment3.java:60)
at java.base/java.util.ArrayList.forEach(ArrayList.java:1596)
... Removed 32 stack frames]]>
    </failure>
  </testcase> <!-- section9 -->
</testsuite> <!-- Test -->
