<?xml version="1.0" encoding="UTF-8"?>
<testng-results ignored="0" total="1" passed="1" failed="0" skipped="0">
  <reporter-output>
  </reporter-output>
  <suite started-at="2026-02-23T11:47:20 IST" name="Default suite" finished-at="2026-02-23T11:47:29 IST" duration-ms="9379">
    <groups>
    </groups>
    <test started-at="2026-02-23T11:47:20 IST" name="Default test" finished-at="2026-02-23T11:47:29 IST" duration-ms="9379">
      <class name="Udemy.Assignment8">
        <test-method signature="section12part2()[pri:0, instance:Udemy.Assignment8@77f1baf5]" started-at="2026-02-23T11:47:20 IST" name="section12part2" finished-at="2026-02-23T11:47:29 IST" duration-ms="9335" status="PASS">
          <reporter-output>
          </reporter-output>
        </test-method> <!-- section12part2 -->
      </class> <!-- Udemy.Assignment8 -->
    </test> <!-- Default test -->
  </suite> <!-- Default suite -->
</testng-results>
