<?xml version="1.0" encoding="UTF-8"?>
<!-- Generated by org.testng.reporters.JUnitReportReporter -->
<testsuite hostname="YOGESH-CHAUHAN" failures="0" tests="1331" name="VGApplication.VG_UP.Stage_01" time="9312.099" errors="1" timestamp="2025-07-29T13:43:52 IST" skipped="1165">
  <testcase classname="VGApplication.VG_UP.Stage_01" name="registrationfirst" time="0.075">
    <skipped/>
  </testcase> <!-- registrationfirst -->
  <testcase classname="VGApplication.VG_UP.Stage_01" name="registrationfirst" time="54.985"/>
  <testcase classname="VGApplication.VG_UP.Stage_01" name="registrationfirst" time="0.070">
    <skipped/>
  </testcase> <!-- registrationfirst -->
  <testcase classname="VGApplication.VG_UP.Stage_01" name="registrationfirst" time="0.083">
    <skipped/>
  </testcase> <!-- registrationfirst -->
  <testcase classname="VGApplication.VG_UP.Stage_01" name="registrationfirst" time="0.073">
    <skipped/>
  </testcase> <!-- registrationfirst -->
  <testcase classname="VGApplication.VG_UP.Stage_01" name="registrationfirst" time="0.067">
    <skipped/>
  </testcase> <!-- registrationfirst -->
  <testcase classname="VGApplication.VG_UP.Stage_01" name="registrationfirst" time="0.077">
    <skipped/>
  </testcase> <!-- registrationfirst -->
  <testcase classname="VGApplication.VG_UP.Stage_01" name="registrationfirst" time="0.075">
    <skipped/>
  </testcase> <!-- registrationfirst -->
  <testcase classname="VGApplication.VG_UP.Stage_01" name="registrationfirst" time="0.072">
    <skipped/>
  </testcase> <!-- registrationfirst -->
  <testcase classname="VGApplication.VG_UP.Stage_01" name="registrationfirst" time="0.063">
    <skipped/>
  </testcase> <!-- registrationfirst -->
  <testcase classname="VGApplication.VG_UP.Stage_01" name="registrationfirst" time="0.107">
    <skipped/>
  </testcase> <!-- registrationfirst -->
  <testcase classname="VGApplication.VG_UP.Stage_01" name="registrationfirst" time="0.069">
    <skipped/>
  </testcase> <!-- registrationfirst -->
  <testcase classname="VGApplication.VG_UP.Stage_01" name="registrationfirst" time="41.583"/>
  <testcase classname="VGApplication.VG_UP.Stage_01" name="registrationfirst" time="0.071">
    <skipped/>
  </testcase> <!-- registrationfirst -->
  <testcase classname="VGApplication.VG_UP.Stage_01" name="registrationfirst" time="57.613"/>
  <testcase classname="VGApplication.VG_UP.Stage_01" name="registrationfirst" time="0.063">
    <skipped/>
  </testcase> <!-- registrationfirst -->
  <testcase classname="VGApplication.VG_UP.Stage_01" name="registrationfirst" time="0.073">
    <skipped/>
  </testcase> <!-- registrationfirst -->
  <testcase classname="VGApplication.VG_UP.Stage_01" name="registrationfirst" time="0.073">
    <skipped/>
  </testcase> <!-- registrationfirst -->
  <testcase classname="VGApplication.VG_UP.Stage_01" name="registrationfirst" time="0.078">
    <skipped/>
  </testcase> <!-- registrationfirst -->
  <testcase classname="VGApplication.VG_UP.Stage_01" name="registrationfirst" time="56.336"/>
  <testcase classname="VGApplication.VG_UP.Stage_01" name="registrationfirst" time="0.073">
    <skipped/>
  </testcase> <!-- registrationfirst -->
  <testcase classname="VGApplication.VG_UP.Stage_01" name="registrationfirst" time="58.268"/>
  <testcase classname="VGApplication.VG_UP.Stage_01" name="registrationfirst" time="57.004"/>
  <testcase classname="VGApplication.VG_UP.Stage_01" name="registrationfirst" time="0.080">
    <skipped/>
  </testcase> <!-- registrationfirst -->
  <testcase classname="VGApplication.VG_UP.Stage_01" name="registrationfirst" time="0.082">
    <skipped/>
  </testcase> <!-- registrationfirst -->
  <testcase classname="VGApplication.VG_UP.Stage_01" name="registrationfirst" time="0.069">
    <skipped/>
  </testcase> <!-- registrationfirst -->
  <testcase classname="VGApplication.VG_UP.Stage_01" name="registrationfirst" time="0.074">
    <skipped/>
  </testcase> <!-- registrationfirst -->
  <testcase classname="VGApplication.VG_UP.Stage_01" name="registrationfirst" time="0.106">
    <skipped/>
  </testcase> <!-- registrationfirst -->
  <testcase classname="VGApplication.VG_UP.Stage_01" name="registrationfirst" time="0.068">
    <skipped/>
  </testcase> <!-- registrationfirst -->
  <testcase classname="VGApplication.VG_UP.Stage_01" name="registrationfirst" time="57.346"/>
  <testcase classname="VGApplication.VG_UP.Stage_01" name="registrationfirst" time="0.067">
    <skipped/>
  </testcase> <!-- registrationfirst -->
  <testcase classname="VGApplication.VG_UP.Stage_01" name="registrationfirst" time="0.072">
    <skipped/>
  </testcase> <!-- registrationfirst -->
  <testcase classname="VGApplication.VG_UP.Stage_01" name="registrationfirst" time="0.070">
    <skipped/>
  </testcase> <!-- registrationfirst -->
  <testcase classname="VGApplication.VG_UP.Stage_01" name="registrationfirst" time="0.075">
    <skipped/>
  </testcase> <!-- registrationfirst -->
  <testcase classname="VGApplication.VG_UP.Stage_01" name="registrationfirst" time="0.112">
    <skipped/>
  </testcase> <!-- registrationfirst -->
  <testcase classname="VGApplication.VG_UP.Stage_01" name="registrationfirst" time="0.075">
    <skipped/>
  </testcase> <!-- registrationfirst -->
  <testcase classname="VGApplication.VG_UP.Stage_01" name="registrationfirst" time="59.225"/>
  <testcase classname="VGApplication.VG_UP.Stage_01" name="registrationfirst" time="0.075">
    <skipped/>
  </testcase> <!-- registrationfirst -->
  <testcase classname="VGApplication.VG_UP.Stage_01" name="registrationfirst" time="0.068">
    <skipped/>
  </testcase> <!-- registrationfirst -->
  <testcase classname="VGApplication.VG_UP.Stage_01" name="registrationfirst" time="56.262"/>
  <testcase classname="VGApplication.VG_UP.Stage_01" name="registrationfirst" time="0.068">
    <skipped/>
  </testcase> <!-- registrationfirst -->
  <testcase classname="VGApplication.VG_UP.Stage_01" name="registrationfirst" time="57.593"/>
  <testcase classname="VGApplication.VG_UP.Stage_01" name="registrationfirst" time="0.065">
    <skipped/>
  </testcase> <!-- registrationfirst -->
  <testcase classname="VGApplication.VG_UP.Stage_01" name="registrationfirst" time="0.077">
    <skipped/>
  </testcase> <!-- registrationfirst -->
  <testcase classname="VGApplication.VG_UP.Stage_01" name="registrationfirst" time="0.074">
    <skipped/>
  </testcase> <!-- registrationfirst -->
  <testcase classname="VGApplication.VG_UP.Stage_01" name="registrationfirst" time="58.440"/>
  <testcase classname="VGApplication.VG_UP.Stage_01" name="registrationfirst" time="0.075">
    <skipped/>
  </testcase> <!-- registrationfirst -->
  <testcase classname="VGApplication.VG_UP.Stage_01" name="registrationfirst" time="0.063">
    <skipped/>
  </testcase> <!-- registrationfirst -->
  <testcase classname="VGApplication.VG_UP.Stage_01" name="registrationfirst" time="0.067">
    <skipped/>
  </testcase> <!-- registrationfirst -->
  <testcase classname="VGApplication.VG_UP.Stage_01" name="registrationfirst" time="0.085">
    <skipped/>
  </testcase> <!-- registrationfirst -->
  <testcase classname="VGApplication.VG_UP.Stage_01" name="registrationfirst" time="0.079">
    <skipped/>
  </testcase> <!-- registrationfirst -->
  <testcase classname="VGApplication.VG_UP.Stage_01" name="registrationfirst" time="59.168"/>
  <testcase classname="VGApplication.VG_UP.Stage_01" name="registrationfirst" time="0.073">
    <skipped/>
  </testcase> <!-- registrationfirst -->
  <testcase classname="VGApplication.VG_UP.Stage_01" name="registrationfirst" time="0.066">
    <skipped/>
  </testcase> <!-- registrationfirst -->
  <testcase classname="VGApplication.VG_UP.Stage_01" name="registrationfirst" time="0.069">
    <skipped/>
  </testcase> <!-- registrationfirst -->
  <testcase classname="VGApplication.VG_UP.Stage_01" name="registrationfirst" time="0.066">
    <skipped/>
  </testcase> <!-- registrationfirst -->
  <testcase classname="VGApplication.VG_UP.Stage_01" name="registrationfirst" time="57.178"/>
  <testcase classname="VGApplication.VG_UP.Stage_01" name="registrationfirst" time="57.202"/>
  <testcase classname="VGApplication.VG_UP.Stage_01" name="registrationfirst" time="0.067">
    <skipped/>
  </testcase> <!-- registrationfirst -->
  <testcase classname="VGApplication.VG_UP.Stage_01" name="registrationfirst" time="0.068">
    <skipped/>
  </testcase> <!-- registrationfirst -->
  <testcase classname="VGApplication.VG_UP.Stage_01" name="registrationfirst" time="57.324"/>
  <testcase classname="VGApplication.VG_UP.Stage_01" name="registrationfirst" time="0.079">
    <skipped/>
  </testcase> <!-- registrationfirst -->
  <testcase classname="VGApplication.VG_UP.Stage_01" name="registrationfirst" time="0.071">
    <skipped/>
  </testcase> <!-- registrationfirst -->
  <testcase classname="VGApplication.VG_UP.Stage_01" name="registrationfirst" time="57.352"/>
  <testcase classname="VGApplication.VG_UP.Stage_01" name="registrationfirst" time="0.071">
    <skipped/>
  </testcase> <!-- registrationfirst -->
  <testcase classname="VGApplication.VG_UP.Stage_01" name="registrationfirst" time="0.076">
    <skipped/>
  </testcase> <!-- registrationfirst -->
  <testcase classname="VGApplication.VG_UP.Stage_01" name="registrationfirst" time="0.070">
    <skipped/>
  </testcase> <!-- registrationfirst -->
  <testcase classname="VGApplication.VG_UP.Stage_01" name="registrationfirst" time="0.071">
    <skipped/>
  </testcase> <!-- registrationfirst -->
  <testcase classname="VGApplication.VG_UP.Stage_01" name="registrationfirst" time="0.075">
    <skipped/>
  </testcase> <!-- registrationfirst -->
  <testcase classname="VGApplication.VG_UP.Stage_01" name="registrationfirst" time="56.171"/>
  <testcase classname="VGApplication.VG_UP.Stage_01" name="registrationfirst" time="0.075">
    <skipped/>
  </testcase> <!-- registrationfirst -->
  <testcase classname="VGApplication.VG_UP.Stage_01" name="registrationfirst" time="0.072">
    <skipped/>
  </testcase> <!-- registrationfirst -->
  <testcase classname="VGApplication.VG_UP.Stage_01" name="registrationfirst" time="0.065">
    <skipped/>
  </testcase> <!-- registrationfirst -->
  <testcase classname="VGApplication.VG_UP.Stage_01" name="registrationfirst" time="0.077">
    <skipped/>
  </testcase> <!-- registrationfirst -->
  <testcase classname="VGApplication.VG_UP.Stage_01" name="registrationfirst" time="0.066">
    <skipped/>
  </testcase> <!-- registrationfirst -->
  <testcase classname="VGApplication.VG_UP.Stage_01" name="registrationfirst" time="56.177"/>
  <testcase classname="VGApplication.VG_UP.Stage_01" name="registrationfirst" time="0.073">
    <skipped/>
  </testcase> <!-- registrationfirst -->
  <testcase classname="VGApplication.VG_UP.Stage_01" name="registrationfirst" time="0.067">
    <skipped/>
  </testcase> <!-- registrationfirst -->
  <testcase classname="VGApplication.VG_UP.Stage_01" name="registrationfirst" time="0.065">
    <skipped/>
  </testcase> <!-- registrationfirst -->
  <testcase classname="VGApplication.VG_UP.Stage_01" name="registrationfirst" time="0.074">
    <skipped/>
  </testcase> <!-- registrationfirst -->
  <testcase classname="VGApplication.VG_UP.Stage_01" name="registrationfirst" time="0.144">
    <skipped/>
  </testcase> <!-- registrationfirst -->
  <testcase classname="VGApplication.VG_UP.Stage_01" name="registrationfirst" time="56.191"/>
  <testcase classname="VGApplication.VG_UP.Stage_01" name="registrationfirst" time="0.071">
    <skipped/>
  </testcase> <!-- registrationfirst -->
  <testcase classname="VGApplication.VG_UP.Stage_01" name="registrationfirst" time="0.070">
    <skipped/>
  </testcase> <!-- registrationfirst -->
  <testcase classname="VGApplication.VG_UP.Stage_01" name="registrationfirst" time="0.062">
    <skipped/>
  </testcase> <!-- registrationfirst -->
  <testcase classname="VGApplication.VG_UP.Stage_01" name="registrationfirst" time="0.069">
    <skipped/>
  </testcase> <!-- registrationfirst -->
  <testcase classname="VGApplication.VG_UP.Stage_01" name="registrationfirst" time="0.066">
    <skipped/>
  </testcase> <!-- registrationfirst -->
  <testcase classname="VGApplication.VG_UP.Stage_01" name="registrationfirst" time="0.063">
    <skipped/>
  </testcase> <!-- registrationfirst -->
  <testcase classname="VGApplication.VG_UP.Stage_01" name="registrationfirst" time="0.067">
    <skipped/>
  </testcase> <!-- registrationfirst -->
  <testcase classname="VGApplication.VG_UP.Stage_01" name="registrationfirst" time="0.074">
    <skipped/>
  </testcase> <!-- registrationfirst -->
  <testcase classname="VGApplication.VG_UP.Stage_01" name="registrationfirst" time="0.106">
    <skipped/>
  </testcase> <!-- registrationfirst -->
  <testcase classname="VGApplication.VG_UP.Stage_01" name="registrationfirst" time="0.067">
    <skipped/>
  </testcase> <!-- registrationfirst -->
  <testcase classname="VGApplication.VG_UP.Stage_01" name="registrationfirst" time="0.066">
    <skipped/>
  </testcase> <!-- registrationfirst -->
  <testcase classname="VGApplication.VG_UP.Stage_01" name="registrationfirst" time="0.082">
    <skipped/>
  </testcase> <!-- registrationfirst -->
  <testcase classname="VGApplication.VG_UP.Stage_01" name="registrationfirst" time="56.248"/>
  <testcase classname="VGApplication.VG_UP.Stage_01" name="registrationfirst" time="0.072">
    <skipped/>
  </testcase> <!-- registrationfirst -->
  <testcase classname="VGApplication.VG_UP.Stage_01" name="registrationfirst" time="0.070">
    <skipped/>
  </testcase> <!-- registrationfirst -->
  <testcase classname="VGApplication.VG_UP.Stage_01" name="registrationfirst" time="0.064">
    <skipped/>
  </testcase> <!-- registrationfirst -->
  <testcase classname="VGApplication.VG_UP.Stage_01" name="registrationfirst" time="0.067">
    <skipped/>
  </testcase> <!-- registrationfirst -->
  <testcase classname="VGApplication.VG_UP.Stage_01" name="registrationfirst" time="0.074">
    <skipped/>
  </testcase> <!-- registrationfirst -->
  <testcase classname="VGApplication.VG_UP.Stage_01" name="registrationfirst" time="0.064">
    <skipped/>
  </testcase> <!-- registrationfirst -->
  <testcase classname="VGApplication.VG_UP.Stage_01" name="registrationfirst" time="0.082">
    <skipped/>
  </testcase> <!-- registrationfirst -->
  <testcase classname="VGApplication.VG_UP.Stage_01" name="registrationfirst" time="0.074">
    <skipped/>
  </testcase> <!-- registrationfirst -->
  <testcase classname="VGApplication.VG_UP.Stage_01" name="registrationfirst" time="0.082">
    <skipped/>
  </testcase> <!-- registrationfirst -->
  <testcase classname="VGApplication.VG_UP.Stage_01" name="registrationfirst" time="0.073">
    <skipped/>
  </testcase> <!-- registrationfirst -->
  <testcase classname="VGApplication.VG_UP.Stage_01" name="registrationfirst" time="60.109"/>
  <testcase classname="VGApplication.VG_UP.Stage_01" name="registrationfirst" time="0.067">
    <skipped/>
  </testcase> <!-- registrationfirst -->
  <testcase classname="VGApplication.VG_UP.Stage_01" name="registrationfirst" time="0.081">
    <skipped/>
  </testcase> <!-- registrationfirst -->
  <testcase classname="VGApplication.VG_UP.Stage_01" name="registrationfirst" time="0.069">
    <skipped/>
  </testcase> <!-- registrationfirst -->
  <testcase classname="VGApplication.VG_UP.Stage_01" name="registrationfirst" time="0.070">
    <skipped/>
  </testcase> <!-- registrationfirst -->
  <testcase classname="VGApplication.VG_UP.Stage_01" name="registrationfirst" time="0.142">
    <skipped/>
  </testcase> <!-- registrationfirst -->
  <testcase classname="VGApplication.VG_UP.Stage_01" name="registrationfirst" time="0.098">
    <skipped/>
  </testcase> <!-- registrationfirst -->
  <testcase classname="VGApplication.VG_UP.Stage_01" name="registrationfirst" time="0.067">
    <skipped/>
  </testcase> <!-- registrationfirst -->
  <testcase classname="VGApplication.VG_UP.Stage_01" name="registrationfirst" time="0.070">
    <skipped/>
  </testcase> <!-- registrationfirst -->
  <testcase classname="VGApplication.VG_UP.Stage_01" name="registrationfirst" time="0.071">
    <skipped/>
  </testcase> <!-- registrationfirst -->
  <testcase classname="VGApplication.VG_UP.Stage_01" name="registrationfirst" time="0.097">
    <skipped/>
  </testcase> <!-- registrationfirst -->
  <testcase classname="VGApplication.VG_UP.Stage_01" name="registrationfirst" time="0.075">
    <skipped/>
  </testcase> <!-- registrationfirst -->
  <testcase classname="VGApplication.VG_UP.Stage_01" name="registrationfirst" time="0.069">
    <skipped/>
  </testcase> <!-- registrationfirst -->
  <testcase classname="VGApplication.VG_UP.Stage_01" name="registrationfirst" time="0.075">
    <skipped/>
  </testcase> <!-- registrationfirst -->
  <testcase classname="VGApplication.VG_UP.Stage_01" name="registrationfirst" time="0.070">
    <skipped/>
  </testcase> <!-- registrationfirst -->
  <testcase classname="VGApplication.VG_UP.Stage_01" name="registrationfirst" time="0.070">
    <skipped/>
  </testcase> <!-- registrationfirst -->
  <testcase classname="VGApplication.VG_UP.Stage_01" name="registrationfirst" time="0.070">
    <skipped/>
  </testcase> <!-- registrationfirst -->
  <testcase classname="VGApplication.VG_UP.Stage_01" name="registrationfirst" time="0.062">
    <skipped/>
  </testcase> <!-- registrationfirst -->
  <testcase classname="VGApplication.VG_UP.Stage_01" name="registrationfirst" time="0.068">
    <skipped/>
  </testcase> <!-- registrationfirst -->
  <testcase classname="VGApplication.VG_UP.Stage_01" name="registrationfirst" time="57.418"/>
  <testcase classname="VGApplication.VG_UP.Stage_01" name="registrationfirst" time="0.071">
    <skipped/>
  </testcase> <!-- registrationfirst -->
  <testcase classname="VGApplication.VG_UP.Stage_01" name="registrationfirst" time="0.069">
    <skipped/>
  </testcase> <!-- registrationfirst -->
  <testcase classname="VGApplication.VG_UP.Stage_01" name="registrationfirst" time="0.068">
    <skipped/>
  </testcase> <!-- registrationfirst -->
  <testcase classname="VGApplication.VG_UP.Stage_01" name="registrationfirst" time="0.068">
    <skipped/>
  </testcase> <!-- registrationfirst -->
  <testcase classname="VGApplication.VG_UP.Stage_01" name="registrationfirst" time="0.081">
    <skipped/>
  </testcase> <!-- registrationfirst -->
  <testcase classname="VGApplication.VG_UP.Stage_01" name="registrationfirst" time="0.070">
    <skipped/>
  </testcase> <!-- registrationfirst -->
  <testcase classname="VGApplication.VG_UP.Stage_01" name="registrationfirst" time="0.072">
    <skipped/>
  </testcase> <!-- registrationfirst -->
  <testcase classname="VGApplication.VG_UP.Stage_01" name="registrationfirst" time="0.068">
    <skipped/>
  </testcase> <!-- registrationfirst -->
  <testcase classname="VGApplication.VG_UP.Stage_01" name="registrationfirst" time="0.065">
    <skipped/>
  </testcase> <!-- registrationfirst -->
  <testcase classname="VGApplication.VG_UP.Stage_01" name="registrationfirst" time="0.065">
    <skipped/>
  </testcase> <!-- registrationfirst -->
  <testcase classname="VGApplication.VG_UP.Stage_01" name="registrationfirst" time="0.067">
    <skipped/>
  </testcase> <!-- registrationfirst -->
  <testcase classname="VGApplication.VG_UP.Stage_01" name="registrationfirst" time="0.083">
    <skipped/>
  </testcase> <!-- registrationfirst -->
  <testcase classname="VGApplication.VG_UP.Stage_01" name="registrationfirst" time="0.062">
    <skipped/>
  </testcase> <!-- registrationfirst -->
  <testcase classname="VGApplication.VG_UP.Stage_01" name="registrationfirst" time="0.071">
    <skipped/>
  </testcase> <!-- registrationfirst -->
  <testcase classname="VGApplication.VG_UP.Stage_01" name="registrationfirst" time="0.064">
    <skipped/>
  </testcase> <!-- registrationfirst -->
  <testcase classname="VGApplication.VG_UP.Stage_01" name="registrationfirst" time="0.065">
    <skipped/>
  </testcase> <!-- registrationfirst -->
  <testcase classname="VGApplication.VG_UP.Stage_01" name="registrationfirst" time="0.075">
    <skipped/>
  </testcase> <!-- registrationfirst -->
  <testcase classname="VGApplication.VG_UP.Stage_01" name="registrationfirst" time="0.073">
    <skipped/>
  </testcase> <!-- registrationfirst -->
  <testcase classname="VGApplication.VG_UP.Stage_01" name="registrationfirst" time="0.065">
    <skipped/>
  </testcase> <!-- registrationfirst -->
  <testcase classname="VGApplication.VG_UP.Stage_01" name="registrationfirst" time="0.065">
    <skipped/>
  </testcase> <!-- registrationfirst -->
  <testcase classname="VGApplication.VG_UP.Stage_01" name="registrationfirst" time="0.067">
    <skipped/>
  </testcase> <!-- registrationfirst -->
  <testcase classname="VGApplication.VG_UP.Stage_01" name="registrationfirst" time="0.072">
    <skipped/>
  </testcase> <!-- registrationfirst -->
  <testcase classname="VGApplication.VG_UP.Stage_01" name="registrationfirst" time="0.064">
    <skipped/>
  </testcase> <!-- registrationfirst -->
  <testcase classname="VGApplication.VG_UP.Stage_01" name="registrationfirst" time="0.066">
    <skipped/>
  </testcase> <!-- registrationfirst -->
  <testcase classname="VGApplication.VG_UP.Stage_01" name="registrationfirst" time="0.065">
    <skipped/>
  </testcase> <!-- registrationfirst -->
  <testcase classname="VGApplication.VG_UP.Stage_01" name="registrationfirst" time="0.074">
    <skipped/>
  </testcase> <!-- registrationfirst -->
  <testcase classname="VGApplication.VG_UP.Stage_01" name="registrationfirst" time="0.069">
    <skipped/>
  </testcase> <!-- registrationfirst -->
  <testcase classname="VGApplication.VG_UP.Stage_01" name="registrationfirst" time="0.076">
    <skipped/>
  </testcase> <!-- registrationfirst -->
  <testcase classname="VGApplication.VG_UP.Stage_01" name="registrationfirst" time="0.069">
    <skipped/>
  </testcase> <!-- registrationfirst -->
  <testcase classname="VGApplication.VG_UP.Stage_01" name="registrationfirst" time="0.064">
    <skipped/>
  </testcase> <!-- registrationfirst -->
  <testcase classname="VGApplication.VG_UP.Stage_01" name="registrationfirst" time="63.336"/>
  <testcase classname="VGApplication.VG_UP.Stage_01" name="registrationfirst" time="56.126"/>
  <testcase classname="VGApplication.VG_UP.Stage_01" name="registrationfirst" time="0.068">
    <skipped/>
  </testcase> <!-- registrationfirst -->
  <testcase classname="VGApplication.VG_UP.Stage_01" name="registrationfirst" time="0.076">
    <skipped/>
  </testcase> <!-- registrationfirst -->
  <testcase classname="VGApplication.VG_UP.Stage_01" name="registrationfirst" time="0.074">
    <skipped/>
  </testcase> <!-- registrationfirst -->
  <testcase classname="VGApplication.VG_UP.Stage_01" name="registrationfirst" time="0.068">
    <skipped/>
  </testcase> <!-- registrationfirst -->
  <testcase classname="VGApplication.VG_UP.Stage_01" name="registrationfirst" time="0.074">
    <skipped/>
  </testcase> <!-- registrationfirst -->
  <testcase classname="VGApplication.VG_UP.Stage_01" name="registrationfirst" time="0.086">
    <skipped/>
  </testcase> <!-- registrationfirst -->
  <testcase classname="VGApplication.VG_UP.Stage_01" name="registrationfirst" time="0.074">
    <skipped/>
  </testcase> <!-- registrationfirst -->
  <testcase classname="VGApplication.VG_UP.Stage_01" name="registrationfirst" time="0.000">
    <skipped/>
  </testcase> <!-- registrationfirst -->
  <testcase classname="VGApplication.VG_UP.Stage_01" name="registrationfirst" time="0.000">
    <skipped/>
  </testcase> <!-- registrationfirst -->
  <testcase classname="VGApplication.VG_UP.Stage_01" name="registrationfirst" time="0.000">
    <skipped/>
  </testcase> <!-- registrationfirst -->
  <testcase classname="VGApplication.VG_UP.Stage_01" name="registrationfirst" time="0.000">
    <skipped/>
  </testcase> <!-- registrationfirst -->
  <testcase classname="VGApplication.VG_UP.Stage_01" name="registrationfirst" time="0.000">
    <skipped/>
  </testcase> <!-- registrationfirst -->
  <testcase classname="VGApplication.VG_UP.Stage_01" name="registrationfirst" time="55.781"/>
  <testcase classname="VGApplication.VG_UP.Stage_01" name="registrationfirst" time="0.001">
    <skipped/>
  </testcase> <!-- registrationfirst -->
  <testcase classname="VGApplication.VG_UP.Stage_01" name="registrationfirst" time="0.000">
    <skipped/>
  </testcase> <!-- registrationfirst -->
  <testcase classname="VGApplication.VG_UP.Stage_01" name="registrationfirst" time="0.000">
    <skipped/>
  </testcase> <!-- registrationfirst -->
  <testcase classname="VGApplication.VG_UP.Stage_01" name="registrationfirst" time="0.000">
    <skipped/>
  </testcase> <!-- registrationfirst -->
  <testcase classname="VGApplication.VG_UP.Stage_01" name="registrationfirst" time="0.000">
    <skipped/>
  </testcase> <!-- registrationfirst -->
  <testcase classname="VGApplication.VG_UP.Stage_01" name="registrationfirst" time="0.000">
    <skipped/>
  </testcase> <!-- registrationfirst -->
  <testcase classname="VGApplication.VG_UP.Stage_01" name="registrationfirst" time="0.000">
    <skipped/>
  </testcase> <!-- registrationfirst -->
  <testcase classname="VGApplication.VG_UP.Stage_01" name="registrationfirst" time="0.000">
    <skipped/>
  </testcase> <!-- registrationfirst -->
  <testcase classname="VGApplication.VG_UP.Stage_01" name="registrationfirst" time="0.000">
    <skipped/>
  </testcase> <!-- registrationfirst -->
  <testcase classname="VGApplication.VG_UP.Stage_01" name="registrationfirst" time="0.000">
    <skipped/>
  </testcase> <!-- registrationfirst -->
  <testcase classname="VGApplication.VG_UP.Stage_01" name="registrationfirst" time="0.000">
    <skipped/>
  </testcase> <!-- registrationfirst -->
  <testcase classname="VGApplication.VG_UP.Stage_01" name="registrationfirst" time="0.000">
    <skipped/>
  </testcase> <!-- registrationfirst -->
  <testcase classname="VGApplication.VG_UP.Stage_01" name="registrationfirst" time="0.000">
    <skipped/>
  </testcase> <!-- registrationfirst -->
  <testcase classname="VGApplication.VG_UP.Stage_01" name="registrationfirst" time="0.000">
    <skipped/>
  </testcase> <!-- registrationfirst -->
  <testcase classname="VGApplication.VG_UP.Stage_01" name="registrationfirst" time="0.000">
    <skipped/>
  </testcase> <!-- registrationfirst -->
  <testcase classname="VGApplication.VG_UP.Stage_01" name="registrationfirst" time="0.000">
    <skipped/>
  </testcase> <!-- registrationfirst -->
  <testcase classname="VGApplication.VG_UP.Stage_01" name="registrationfirst" time="56.021"/>
  <testcase classname="VGApplication.VG_UP.Stage_01" name="registrationfirst" time="0.000">
    <skipped/>
  </testcase> <!-- registrationfirst -->
  <testcase classname="VGApplication.VG_UP.Stage_01" name="registrationfirst" time="0.000">
    <skipped/>
  </testcase> <!-- registrationfirst -->
  <testcase classname="VGApplication.VG_UP.Stage_01" name="registrationfirst" time="0.000">
    <skipped/>
  </testcase> <!-- registrationfirst -->
  <testcase classname="VGApplication.VG_UP.Stage_01" name="registrationfirst" time="56.001"/>
  <testcase classname="VGApplication.VG_UP.Stage_01" name="registrationfirst" time="0.000">
    <skipped/>
  </testcase> <!-- registrationfirst -->
  <testcase classname="VGApplication.VG_UP.Stage_01" name="registrationfirst" time="0.000">
    <skipped/>
  </testcase> <!-- registrationfirst -->
  <testcase classname="VGApplication.VG_UP.Stage_01" name="registrationfirst" time="0.000">
    <skipped/>
  </testcase> <!-- registrationfirst -->
  <testcase classname="VGApplication.VG_UP.Stage_01" name="registrationfirst" time="0.000">
    <skipped/>
  </testcase> <!-- registrationfirst -->
  <testcase classname="VGApplication.VG_UP.Stage_01" name="registrationfirst" time="0.000">
    <skipped/>
  </testcase> <!-- registrationfirst -->
  <testcase classname="VGApplication.VG_UP.Stage_01" name="registrationfirst" time="0.000">
    <skipped/>
  </testcase> <!-- registrationfirst -->
  <testcase classname="VGApplication.VG_UP.Stage_01" name="registrationfirst" time="0.000">
    <skipped/>
  </testcase> <!-- registrationfirst -->
  <testcase classname="VGApplication.VG_UP.Stage_01" name="registrationfirst" time="0.000">
    <skipped/>
  </testcase> <!-- registrationfirst -->
  <testcase classname="VGApplication.VG_UP.Stage_01" name="registrationfirst" time="0.000">
    <skipped/>
  </testcase> <!-- registrationfirst -->
  <testcase classname="VGApplication.VG_UP.Stage_01" name="registrationfirst" time="0.000">
    <skipped/>
  </testcase> <!-- registrationfirst -->
  <testcase classname="VGApplication.VG_UP.Stage_01" name="registrationfirst" time="0.000">
    <skipped/>
  </testcase> <!-- registrationfirst -->
  <testcase classname="VGApplication.VG_UP.Stage_01" name="registrationfirst" time="0.000">
    <skipped/>
  </testcase> <!-- registrationfirst -->
  <testcase classname="VGApplication.VG_UP.Stage_01" name="registrationfirst" time="0.000">
    <skipped/>
  </testcase> <!-- registrationfirst -->
  <testcase classname="VGApplication.VG_UP.Stage_01" name="registrationfirst" time="0.000">
    <skipped/>
  </testcase> <!-- registrationfirst -->
  <testcase classname="VGApplication.VG_UP.Stage_01" name="registrationfirst" time="0.000">
    <skipped/>
  </testcase> <!-- registrationfirst -->
  <testcase classname="VGApplication.VG_UP.Stage_01" name="registrationfirst" time="0.000">
    <skipped/>
  </testcase> <!-- registrationfirst -->
  <testcase classname="VGApplication.VG_UP.Stage_01" name="registrationfirst" time="0.000">
    <skipped/>
  </testcase> <!-- registrationfirst -->
  <testcase classname="VGApplication.VG_UP.Stage_01" name="registrationfirst" time="0.000">
    <skipped/>
  </testcase> <!-- registrationfirst -->
  <testcase classname="VGApplication.VG_UP.Stage_01" name="registrationfirst" time="57.260"/>
  <testcase classname="VGApplication.VG_UP.Stage_01" name="registrationfirst" time="0.000">
    <skipped/>
  </testcase> <!-- registrationfirst -->
  <testcase classname="VGApplication.VG_UP.Stage_01" name="registrationfirst" time="0.000">
    <skipped/>
  </testcase> <!-- registrationfirst -->
  <testcase classname="VGApplication.VG_UP.Stage_01" name="registrationfirst" time="0.000">
    <skipped/>
  </testcase> <!-- registrationfirst -->
  <testcase classname="VGApplication.VG_UP.Stage_01" name="registrationfirst" time="0.000">
    <skipped/>
  </testcase> <!-- registrationfirst -->
  <testcase classname="VGApplication.VG_UP.Stage_01" name="registrationfirst" time="0.000">
    <skipped/>
  </testcase> <!-- registrationfirst -->
  <testcase classname="VGApplication.VG_UP.Stage_01" name="registrationfirst" time="0.000">
    <skipped/>
  </testcase> <!-- registrationfirst -->
  <testcase classname="VGApplication.VG_UP.Stage_01" name="registrationfirst" time="0.000">
    <skipped/>
  </testcase> <!-- registrationfirst -->
  <testcase classname="VGApplication.VG_UP.Stage_01" name="registrationfirst" time="0.000">
    <skipped/>
  </testcase> <!-- registrationfirst -->
  <testcase classname="VGApplication.VG_UP.Stage_01" name="registrationfirst" time="0.000">
    <skipped/>
  </testcase> <!-- registrationfirst -->
  <testcase classname="VGApplication.VG_UP.Stage_01" name="registrationfirst" time="56.530"/>
  <testcase classname="VGApplication.VG_UP.Stage_01" name="registrationfirst" time="0.000">
    <skipped/>
  </testcase> <!-- registrationfirst -->
  <testcase classname="VGApplication.VG_UP.Stage_01" name="registrationfirst" time="0.000">
    <skipped/>
  </testcase> <!-- registrationfirst -->
  <testcase classname="VGApplication.VG_UP.Stage_01" name="registrationfirst" time="0.000">
    <skipped/>
  </testcase> <!-- registrationfirst -->
  <testcase classname="VGApplication.VG_UP.Stage_01" name="registrationfirst" time="0.000">
    <skipped/>
  </testcase> <!-- registrationfirst -->
  <testcase classname="VGApplication.VG_UP.Stage_01" name="registrationfirst" time="0.000">
    <skipped/>
  </testcase> <!-- registrationfirst -->
  <testcase classname="VGApplication.VG_UP.Stage_01" name="registrationfirst" time="0.000">
    <skipped/>
  </testcase> <!-- registrationfirst -->
  <testcase classname="VGApplication.VG_UP.Stage_01" name="registrationfirst" time="0.000">
    <skipped/>
  </testcase> <!-- registrationfirst -->
  <testcase classname="VGApplication.VG_UP.Stage_01" name="registrationfirst" time="0.000">
    <skipped/>
  </testcase> <!-- registrationfirst -->
  <testcase classname="VGApplication.VG_UP.Stage_01" name="registrationfirst" time="0.000">
    <skipped/>
  </testcase> <!-- registrationfirst -->
  <testcase classname="VGApplication.VG_UP.Stage_01" name="registrationfirst" time="0.000">
    <skipped/>
  </testcase> <!-- registrationfirst -->
  <testcase classname="VGApplication.VG_UP.Stage_01" name="registrationfirst" time="0.000">
    <skipped/>
  </testcase> <!-- registrationfirst -->
  <testcase classname="VGApplication.VG_UP.Stage_01" name="registrationfirst" time="0.000">
    <skipped/>
  </testcase> <!-- registrationfirst -->
  <testcase classname="VGApplication.VG_UP.Stage_01" name="registrationfirst" time="57.528"/>
  <testcase classname="VGApplication.VG_UP.Stage_01" name="registrationfirst" time="61.626"/>
  <testcase classname="VGApplication.VG_UP.Stage_01" name="registrationfirst" time="0.000">
    <skipped/>
  </testcase> <!-- registrationfirst -->
  <testcase classname="VGApplication.VG_UP.Stage_01" name="registrationfirst" time="0.000">
    <skipped/>
  </testcase> <!-- registrationfirst -->
  <testcase classname="VGApplication.VG_UP.Stage_01" name="registrationfirst" time="0.000">
    <skipped/>
  </testcase> <!-- registrationfirst -->
  <testcase classname="VGApplication.VG_UP.Stage_01" name="registrationfirst" time="0.000">
    <skipped/>
  </testcase> <!-- registrationfirst -->
  <testcase classname="VGApplication.VG_UP.Stage_01" name="registrationfirst" time="0.000">
    <skipped/>
  </testcase> <!-- registrationfirst -->
  <testcase classname="VGApplication.VG_UP.Stage_01" name="registrationfirst" time="0.000">
    <skipped/>
  </testcase> <!-- registrationfirst -->
  <testcase classname="VGApplication.VG_UP.Stage_01" name="registrationfirst" time="0.000">
    <skipped/>
  </testcase> <!-- registrationfirst -->
  <testcase classname="VGApplication.VG_UP.Stage_01" name="registrationfirst" time="0.000">
    <skipped/>
  </testcase> <!-- registrationfirst -->
  <testcase classname="VGApplication.VG_UP.Stage_01" name="registrationfirst" time="0.000">
    <skipped/>
  </testcase> <!-- registrationfirst -->
  <testcase classname="VGApplication.VG_UP.Stage_01" name="registrationfirst" time="0.000">
    <skipped/>
  </testcase> <!-- registrationfirst -->
  <testcase classname="VGApplication.VG_UP.Stage_01" name="registrationfirst" time="0.000">
    <skipped/>
  </testcase> <!-- registrationfirst -->
  <testcase classname="VGApplication.VG_UP.Stage_01" name="registrationfirst" time="56.271"/>
  <testcase classname="VGApplication.VG_UP.Stage_01" name="registrationfirst" time="57.293"/>
  <testcase classname="VGApplication.VG_UP.Stage_01" name="registrationfirst" time="0.000">
    <skipped/>
  </testcase> <!-- registrationfirst -->
  <testcase classname="VGApplication.VG_UP.Stage_01" name="registrationfirst" time="0.000">
    <skipped/>
  </testcase> <!-- registrationfirst -->
  <testcase classname="VGApplication.VG_UP.Stage_01" name="registrationfirst" time="0.000">
    <skipped/>
  </testcase> <!-- registrationfirst -->
  <testcase classname="VGApplication.VG_UP.Stage_01" name="registrationfirst" time="0.000">
    <skipped/>
  </testcase> <!-- registrationfirst -->
  <testcase classname="VGApplication.VG_UP.Stage_01" name="registrationfirst" time="0.000">
    <skipped/>
  </testcase> <!-- registrationfirst -->
  <testcase classname="VGApplication.VG_UP.Stage_01" name="registrationfirst" time="0.000">
    <skipped/>
  </testcase> <!-- registrationfirst -->
  <testcase classname="VGApplication.VG_UP.Stage_01" name="registrationfirst" time="0.000">
    <skipped/>
  </testcase> <!-- registrationfirst -->
  <testcase classname="VGApplication.VG_UP.Stage_01" name="registrationfirst" time="0.000">
    <skipped/>
  </testcase> <!-- registrationfirst -->
  <testcase classname="VGApplication.VG_UP.Stage_01" name="registrationfirst" time="0.000">
    <skipped/>
  </testcase> <!-- registrationfirst -->
  <testcase classname="VGApplication.VG_UP.Stage_01" name="registrationfirst" time="0.000">
    <skipped/>
  </testcase> <!-- registrationfirst -->
  <testcase classname="VGApplication.VG_UP.Stage_01" name="registrationfirst" time="0.000">
    <skipped/>
  </testcase> <!-- registrationfirst -->
  <testcase classname="VGApplication.VG_UP.Stage_01" name="registrationfirst" time="0.000">
    <skipped/>
  </testcase> <!-- registrationfirst -->
  <testcase classname="VGApplication.VG_UP.Stage_01" name="registrationfirst" time="0.000">
    <skipped/>
  </testcase> <!-- registrationfirst -->
  <testcase classname="VGApplication.VG_UP.Stage_01" name="registrationfirst" time="0.000">
    <skipped/>
  </testcase> <!-- registrationfirst -->
  <testcase classname="VGApplication.VG_UP.Stage_01" name="registrationfirst" time="0.000">
    <skipped/>
  </testcase> <!-- registrationfirst -->
  <testcase classname="VGApplication.VG_UP.Stage_01" name="registrationfirst" time="0.000">
    <skipped/>
  </testcase> <!-- registrationfirst -->
  <testcase classname="VGApplication.VG_UP.Stage_01" name="registrationfirst" time="57.545"/>
  <testcase classname="VGApplication.VG_UP.Stage_01" name="registrationfirst" time="0.000">
    <skipped/>
  </testcase> <!-- registrationfirst -->
  <testcase classname="VGApplication.VG_UP.Stage_01" name="registrationfirst" time="0.000">
    <skipped/>
  </testcase> <!-- registrationfirst -->
  <testcase classname="VGApplication.VG_UP.Stage_01" name="registrationfirst" time="0.000">
    <skipped/>
  </testcase> <!-- registrationfirst -->
  <testcase classname="VGApplication.VG_UP.Stage_01" name="registrationfirst" time="0.000">
    <skipped/>
  </testcase> <!-- registrationfirst -->
  <testcase classname="VGApplication.VG_UP.Stage_01" name="registrationfirst" time="0.000">
    <skipped/>
  </testcase> <!-- registrationfirst -->
  <testcase classname="VGApplication.VG_UP.Stage_01" name="registrationfirst" time="0.000">
    <skipped/>
  </testcase> <!-- registrationfirst -->
  <testcase classname="VGApplication.VG_UP.Stage_01" name="registrationfirst" time="0.000">
    <skipped/>
  </testcase> <!-- registrationfirst -->
  <testcase classname="VGApplication.VG_UP.Stage_01" name="registrationfirst" time="0.000">
    <skipped/>
  </testcase> <!-- registrationfirst -->
  <testcase classname="VGApplication.VG_UP.Stage_01" name="registrationfirst" time="57.236"/>
  <testcase classname="VGApplication.VG_UP.Stage_01" name="registrationfirst" time="0.000">
    <skipped/>
  </testcase> <!-- registrationfirst -->
  <testcase classname="VGApplication.VG_UP.Stage_01" name="registrationfirst" time="0.000">
    <skipped/>
  </testcase> <!-- registrationfirst -->
  <testcase classname="VGApplication.VG_UP.Stage_01" name="registrationfirst" time="0.000">
    <skipped/>
  </testcase> <!-- registrationfirst -->
  <testcase classname="VGApplication.VG_UP.Stage_01" name="registrationfirst" time="0.000">
    <skipped/>
  </testcase> <!-- registrationfirst -->
  <testcase classname="VGApplication.VG_UP.Stage_01" name="registrationfirst" time="0.000">
    <skipped/>
  </testcase> <!-- registrationfirst -->
  <testcase classname="VGApplication.VG_UP.Stage_01" name="registrationfirst" time="0.000">
    <skipped/>
  </testcase> <!-- registrationfirst -->
  <testcase classname="VGApplication.VG_UP.Stage_01" name="registrationfirst" time="0.000">
    <skipped/>
  </testcase> <!-- registrationfirst -->
  <testcase classname="VGApplication.VG_UP.Stage_01" name="registrationfirst" time="0.000">
    <skipped/>
  </testcase> <!-- registrationfirst -->
  <testcase classname="VGApplication.VG_UP.Stage_01" name="registrationfirst" time="0.000">
    <skipped/>
  </testcase> <!-- registrationfirst -->
  <testcase classname="VGApplication.VG_UP.Stage_01" name="registrationfirst" time="0.000">
    <skipped/>
  </testcase> <!-- registrationfirst -->
  <testcase classname="VGApplication.VG_UP.Stage_01" name="registrationfirst" time="0.000">
    <skipped/>
  </testcase> <!-- registrationfirst -->
  <testcase classname="VGApplication.VG_UP.Stage_01" name="registrationfirst" time="0.000">
    <skipped/>
  </testcase> <!-- registrationfirst -->
  <testcase classname="VGApplication.VG_UP.Stage_01" name="registrationfirst" time="0.000">
    <skipped/>
  </testcase> <!-- registrationfirst -->
  <testcase classname="VGApplication.VG_UP.Stage_01" name="registrationfirst" time="0.000">
    <skipped/>
  </testcase> <!-- registrationfirst -->
  <testcase classname="VGApplication.VG_UP.Stage_01" name="registrationfirst" time="0.000">
    <skipped/>
  </testcase> <!-- registrationfirst -->
  <testcase classname="VGApplication.VG_UP.Stage_01" name="registrationfirst" time="0.000">
    <skipped/>
  </testcase> <!-- registrationfirst -->
  <testcase classname="VGApplication.VG_UP.Stage_01" name="registrationfirst" time="0.000">
    <skipped/>
  </testcase> <!-- registrationfirst -->
  <testcase classname="VGApplication.VG_UP.Stage_01" name="registrationfirst" time="56.252"/>
  <testcase classname="VGApplication.VG_UP.Stage_01" name="registrationfirst" time="57.050"/>
  <testcase classname="VGApplication.VG_UP.Stage_01" name="registrationfirst" time="0.000">
    <skipped/>
  </testcase> <!-- registrationfirst -->
  <testcase classname="VGApplication.VG_UP.Stage_01" name="registrationfirst" time="0.000">
    <skipped/>
  </testcase> <!-- registrationfirst -->
  <testcase classname="VGApplication.VG_UP.Stage_01" name="registrationfirst" time="0.000">
    <skipped/>
  </testcase> <!-- registrationfirst -->
  <testcase classname="VGApplication.VG_UP.Stage_01" name="registrationfirst" time="0.000">
    <skipped/>
  </testcase> <!-- registrationfirst -->
  <testcase classname="VGApplication.VG_UP.Stage_01" name="registrationfirst" time="0.000">
    <skipped/>
  </testcase> <!-- registrationfirst -->
  <testcase classname="VGApplication.VG_UP.Stage_01" name="registrationfirst" time="0.000">
    <skipped/>
  </testcase> <!-- registrationfirst -->
  <testcase classname="VGApplication.VG_UP.Stage_01" name="registrationfirst" time="0.000">
    <skipped/>
  </testcase> <!-- registrationfirst -->
  <testcase classname="VGApplication.VG_UP.Stage_01" name="registrationfirst" time="0.000">
    <skipped/>
  </testcase> <!-- registrationfirst -->
  <testcase classname="VGApplication.VG_UP.Stage_01" name="registrationfirst" time="0.000">
    <skipped/>
  </testcase> <!-- registrationfirst -->
  <testcase classname="VGApplication.VG_UP.Stage_01" name="registrationfirst" time="0.000">
    <skipped/>
  </testcase> <!-- registrationfirst -->
  <testcase classname="VGApplication.VG_UP.Stage_01" name="registrationfirst" time="0.000">
    <skipped/>
  </testcase> <!-- registrationfirst -->
  <testcase classname="VGApplication.VG_UP.Stage_01" name="registrationfirst" time="0.000">
    <skipped/>
  </testcase> <!-- registrationfirst -->
  <testcase classname="VGApplication.VG_UP.Stage_01" name="registrationfirst" time="0.000">
    <skipped/>
  </testcase> <!-- registrationfirst -->
  <testcase classname="VGApplication.VG_UP.Stage_01" name="registrationfirst" time="0.000">
    <skipped/>
  </testcase> <!-- registrationfirst -->
  <testcase classname="VGApplication.VG_UP.Stage_01" name="registrationfirst" time="0.000">
    <skipped/>
  </testcase> <!-- registrationfirst -->
  <testcase classname="VGApplication.VG_UP.Stage_01" name="registrationfirst" time="0.000">
    <skipped/>
  </testcase> <!-- registrationfirst -->
  <testcase classname="VGApplication.VG_UP.Stage_01" name="registrationfirst" time="0.000">
    <skipped/>
  </testcase> <!-- registrationfirst -->
  <testcase classname="VGApplication.VG_UP.Stage_01" name="registrationfirst" time="0.000">
    <skipped/>
  </testcase> <!-- registrationfirst -->
  <testcase classname="VGApplication.VG_UP.Stage_01" name="registrationfirst" time="0.000">
    <skipped/>
  </testcase> <!-- registrationfirst -->
  <testcase classname="VGApplication.VG_UP.Stage_01" name="registrationfirst" time="0.000">
    <skipped/>
  </testcase> <!-- registrationfirst -->
  <testcase classname="VGApplication.VG_UP.Stage_01" name="registrationfirst" time="0.000">
    <skipped/>
  </testcase> <!-- registrationfirst -->
  <testcase classname="VGApplication.VG_UP.Stage_01" name="registrationfirst" time="0.000">
    <skipped/>
  </testcase> <!-- registrationfirst -->
  <testcase classname="VGApplication.VG_UP.Stage_01" name="registrationfirst" time="0.000">
    <skipped/>
  </testcase> <!-- registrationfirst -->
  <testcase classname="VGApplication.VG_UP.Stage_01" name="registrationfirst" time="0.000">
    <skipped/>
  </testcase> <!-- registrationfirst -->
  <testcase classname="VGApplication.VG_UP.Stage_01" name="registrationfirst" time="0.000">
    <skipped/>
  </testcase> <!-- registrationfirst -->
  <testcase classname="VGApplication.VG_UP.Stage_01" name="registrationfirst" time="56.085"/>
  <testcase classname="VGApplication.VG_UP.Stage_01" name="registrationfirst" time="0.000">
    <skipped/>
  </testcase> <!-- registrationfirst -->
  <testcase classname="VGApplication.VG_UP.Stage_01" name="registrationfirst" time="0.000">
    <skipped/>
  </testcase> <!-- registrationfirst -->
  <testcase classname="VGApplication.VG_UP.Stage_01" name="registrationfirst" time="0.000">
    <skipped/>
  </testcase> <!-- registrationfirst -->
  <testcase classname="VGApplication.VG_UP.Stage_01" name="registrationfirst" time="0.000">
    <skipped/>
  </testcase> <!-- registrationfirst -->
  <testcase classname="VGApplication.VG_UP.Stage_01" name="registrationfirst" time="0.000">
    <skipped/>
  </testcase> <!-- registrationfirst -->
  <testcase classname="VGApplication.VG_UP.Stage_01" name="registrationfirst" time="0.000">
    <skipped/>
  </testcase> <!-- registrationfirst -->
  <testcase classname="VGApplication.VG_UP.Stage_01" name="registrationfirst" time="0.000">
    <skipped/>
  </testcase> <!-- registrationfirst -->
  <testcase classname="VGApplication.VG_UP.Stage_01" name="registrationfirst" time="0.000">
    <skipped/>
  </testcase> <!-- registrationfirst -->
  <testcase classname="VGApplication.VG_UP.Stage_01" name="registrationfirst" time="0.000">
    <skipped/>
  </testcase> <!-- registrationfirst -->
  <testcase classname="VGApplication.VG_UP.Stage_01" name="registrationfirst" time="0.000">
    <skipped/>
  </testcase> <!-- registrationfirst -->
  <testcase classname="VGApplication.VG_UP.Stage_01" name="registrationfirst" time="0.000">
    <skipped/>
  </testcase> <!-- registrationfirst -->
  <testcase classname="VGApplication.VG_UP.Stage_01" name="registrationfirst" time="57.016"/>
  <testcase classname="VGApplication.VG_UP.Stage_01" name="registrationfirst" time="0.000">
    <skipped/>
  </testcase> <!-- registrationfirst -->
  <testcase classname="VGApplication.VG_UP.Stage_01" name="registrationfirst" time="0.000">
    <skipped/>
  </testcase> <!-- registrationfirst -->
  <testcase classname="VGApplication.VG_UP.Stage_01" name="registrationfirst" time="0.000">
    <skipped/>
  </testcase> <!-- registrationfirst -->
  <testcase classname="VGApplication.VG_UP.Stage_01" name="registrationfirst" time="0.000">
    <skipped/>
  </testcase> <!-- registrationfirst -->
  <testcase classname="VGApplication.VG_UP.Stage_01" name="registrationfirst" time="0.000">
    <skipped/>
  </testcase> <!-- registrationfirst -->
  <testcase classname="VGApplication.VG_UP.Stage_01" name="registrationfirst" time="58.570"/>
  <testcase classname="VGApplication.VG_UP.Stage_01" name="registrationfirst" time="0.000">
    <skipped/>
  </testcase> <!-- registrationfirst -->
  <testcase classname="VGApplication.VG_UP.Stage_01" name="registrationfirst" time="0.000">
    <skipped/>
  </testcase> <!-- registrationfirst -->
  <testcase classname="VGApplication.VG_UP.Stage_01" name="registrationfirst" time="0.000">
    <skipped/>
  </testcase> <!-- registrationfirst -->
  <testcase classname="VGApplication.VG_UP.Stage_01" name="registrationfirst" time="0.000">
    <skipped/>
  </testcase> <!-- registrationfirst -->
  <testcase classname="VGApplication.VG_UP.Stage_01" name="registrationfirst" time="58.176"/>
  <testcase classname="VGApplication.VG_UP.Stage_01" name="registrationfirst" time="0.000">
    <skipped/>
  </testcase> <!-- registrationfirst -->
  <testcase classname="VGApplication.VG_UP.Stage_01" name="registrationfirst" time="0.000">
    <skipped/>
  </testcase> <!-- registrationfirst -->
  <testcase classname="VGApplication.VG_UP.Stage_01" name="registrationfirst" time="0.000">
    <skipped/>
  </testcase> <!-- registrationfirst -->
  <testcase classname="VGApplication.VG_UP.Stage_01" name="registrationfirst" time="0.000">
    <skipped/>
  </testcase> <!-- registrationfirst -->
  <testcase classname="VGApplication.VG_UP.Stage_01" name="shutdown" time="0.182">
    <error message="invalid session id
Build info: version: &#039;4.33.0&#039;, revision: &#039;2c6aaad03a&#039;
System info: os.name: &#039;Windows 11&#039;, os.arch: &#039;amd64&#039;, os.version: &#039;10.0&#039;, java.version: &#039;21.0.1&#039;
Driver info: org.openqa.selenium.chrome.ChromeDriver
Command: [7ac047ad7fd83fd720415d8540aac487, close {}]
Capabilities {acceptInsecureCerts: false, browserName: chrome, browserVersion: 138.0.7204.169, chrome: {chromedriverVersion: 138.0.7204.168 (3e8d82e86e9..., userDataDir: C:\Users\YOGESH~1\AppData\L...}, fedcm:accounts: true, goog:chromeOptions: {debuggerAddress: localhost:64454}, networkConnectionEnabled: false, pageLoadStrategy: normal, platformName: windows, proxy: Proxy(), se:cdp: ws://localhost:64454/devtoo..., se:cdpVersion: 138.0.7204.169, setWindowRect: true, strictFileInteractability: false, timeouts: {implicit: 0, pageLoad: 300000, script: 30000}, unhandledPromptBehavior: dismiss and notify, webauthn:extension:credBlob: true, webauthn:extension:largeBlob: true, webauthn:extension:minPinLength: true, webauthn:extension:prf: true, webauthn:virtualAuthenticators: true}
Session ID: 7ac047ad7fd83fd720415d8540aac487" type="org.openqa.selenium.NoSuchSessionException">
      <![CDATA[org.openqa.selenium.NoSuchSessionException: invalid session id
Build info: version: '4.33.0', revision: '2c6aaad03a'
System info: os.name: 'Windows 11', os.arch: 'amd64', os.version: '10.0', java.version: '21.0.1'
Driver info: org.openqa.selenium.chrome.ChromeDriver
Command: [7ac047ad7fd83fd720415d8540aac487, close {}]
Capabilities {acceptInsecureCerts: false, browserName: chrome, browserVersion: 138.0.7204.169, chrome: {chromedriverVersion: 138.0.7204.168 (3e8d82e86e9..., userDataDir: C:\Users\YOGESH~1\AppData\L...}, fedcm:accounts: true, goog:chromeOptions: {debuggerAddress: localhost:64454}, networkConnectionEnabled: false, pageLoadStrategy: normal, platformName: windows, proxy: Proxy(), se:cdp: ws://localhost:64454/devtoo..., se:cdpVersion: 138.0.7204.169, setWindowRect: true, strictFileInteractability: false, timeouts: {implicit: 0, pageLoad: 300000, script: 30000}, unhandledPromptBehavior: dismiss and notify, webauthn:extension:credBlob: true, webauthn:extension:largeBlob: true, webauthn:extension:minPinLength: true, webauthn:extension:prf: true, webauthn:virtualAuthenticators: true}
Session ID: 7ac047ad7fd83fd720415d8540aac487
at java.base/jdk.internal.reflect.DirectConstructorHandleAccessor.newInstance(DirectConstructorHandleAccessor.java:62)
at java.base/java.lang.reflect.Constructor.newInstanceWithCaller(Constructor.java:502)
at java.base/java.lang.reflect.Constructor.newInstance(Constructor.java:486)
at org.openqa.selenium.remote.ErrorCodec.decode(ErrorCodec.java:167)
at org.openqa.selenium.remote.codec.w3c.W3CHttpResponseCodec.decode(W3CHttpResponseCodec.java:138)
at org.openqa.selenium.remote.codec.w3c.W3CHttpResponseCodec.decode(W3CHttpResponseCodec.java:50)
at org.openqa.selenium.remote.HttpCommandExecutor.execute(HttpCommandExecutor.java:215)
at org.openqa.selenium.remote.service.DriverCommandExecutor.invokeExecute(DriverCommandExecutor.java:216)
at org.openqa.selenium.remote.service.DriverCommandExecutor.execute(DriverCommandExecutor.java:174)
at org.openqa.selenium.remote.RemoteWebDriver.execute(RemoteWebDriver.java:544)
at org.openqa.selenium.remote.RemoteWebDriver.execute(RemoteWebDriver.java:617)
at org.openqa.selenium.remote.RemoteWebDriver.execute(RemoteWebDriver.java:621)
at org.openqa.selenium.remote.RemoteWebDriver.close(RemoteWebDriver.java:417)
at VGApplication.VG_UP.Stage_01.shutdown(Stage_01.java:59)
at java.base/jdk.internal.reflect.DirectMethodHandleAccessor.invoke(DirectMethodHandleAccessor.java:103)
at java.base/java.lang.reflect.Method.invoke(Method.java:580)
at org.testng.internal.invokers.MethodInvocationHelper.invokeMethod(MethodInvocationHelper.java:139)
at org.testng.internal.invokers.MethodInvocationHelper.invokeMethodConsideringTimeout(MethodInvocationHelper.java:69)
at org.testng.internal.invokers.ConfigInvoker.invokeConfigurationMethod(ConfigInvoker.java:390)
at org.testng.internal.invokers.ConfigInvoker.invokeConfigurations(ConfigInvoker.java:325)
at org.testng.internal.invokers.TestInvoker.runConfigMethods(TestInvoker.java:810)
at org.testng.internal.invokers.TestInvoker.runAfterConfigurations(TestInvoker.java:779)
at org.testng.internal.invokers.TestInvoker.invokeMethod(TestInvoker.java:755)
at org.testng.internal.invokers.TestInvoker.invokeTestMethod(TestInvoker.java:227)
at org.testng.internal.invokers.MethodRunner.runInSequence(MethodRunner.java:50)
at org.testng.internal.invokers.TestInvoker$MethodInvocationAgent.invoke(TestInvoker.java:957)
at org.testng.internal.invokers.TestInvoker.invokeTestMethods(TestInvoker.java:200)
at org.testng.internal.invokers.TestMethodWorker.invokeTestMethods(TestMethodWorker.java:148)
at org.testng.internal.invokers.TestMethodWorker.run(TestMethodWorker.java:128)
at java.base/java.util.ArrayList.forEach(ArrayList.java:1596)
at org.testng.TestRunner.privateRun(TestRunner.java:848)
at org.testng.TestRunner.run(TestRunner.java:621)
at org.testng.SuiteRunner.runTest(SuiteRunner.java:443)
at org.testng.SuiteRunner.runSequentially(SuiteRunner.java:437)
at org.testng.SuiteRunner.privateRun(SuiteRunner.java:397)
at org.testng.SuiteRunner.run(SuiteRunner.java:336)
at org.testng.SuiteRunnerWorker.runSuite(SuiteRunnerWorker.java:52)
at org.testng.SuiteRunnerWorker.run(SuiteRunnerWorker.java:95)
at org.testng.TestNG.runSuitesSequentially(TestNG.java:1280)
at org.testng.TestNG.runSuitesLocally(TestNG.java:1200)
at org.testng.TestNG.runSuites(TestNG.java:1114)
at org.testng.TestNG.run(TestNG.java:1082)
at org.testng.remote.AbstractRemoteTestNG.run(AbstractRemoteTestNG.java:115)
at org.testng.remote.RemoteTestNG.initAndRun(RemoteTestNG.java:251)
at org.testng.remote.RemoteTestNG.main(RemoteTestNG.java:77)
]]>
    </error>
  </testcase> <!-- shutdown -->
  <testcase classname="VGApplication.VG_UP.Stage_01" name="registrationfirst" time="0.000">
    <skipped/>
  </testcase> <!-- registrationfirst -->
  <testcase classname="VGApplication.VG_UP.Stage_01" name="registrationfirst" time="0.000">
    <skipped/>
  </testcase> <!-- registrationfirst -->
  <testcase classname="VGApplication.VG_UP.Stage_01" name="registrationfirst" time="0.000">
    <skipped/>
  </testcase> <!-- registrationfirst -->
  <testcase classname="VGApplication.VG_UP.Stage_01" name="registrationfirst" time="0.000">
    <skipped/>
  </testcase> <!-- registrationfirst -->
  <testcase classname="VGApplication.VG_UP.Stage_01" name="registrationfirst" time="0.000">
    <skipped/>
  </testcase> <!-- registrationfirst -->
  <testcase classname="VGApplication.VG_UP.Stage_01" name="registrationfirst" time="0.000">
    <skipped/>
  </testcase> <!-- registrationfirst -->
  <testcase classname="VGApplication.VG_UP.Stage_01" name="registrationfirst" time="0.000">
    <skipped/>
  </testcase> <!-- registrationfirst -->
  <testcase classname="VGApplication.VG_UP.Stage_01" name="registrationfirst" time="0.000">
    <skipped/>
  </testcase> <!-- registrationfirst -->
  <testcase classname="VGApplication.VG_UP.Stage_01" name="registrationfirst" time="0.000">
    <skipped/>
  </testcase> <!-- registrationfirst -->
  <testcase classname="VGApplication.VG_UP.Stage_01" name="registrationfirst" time="0.000">
    <skipped/>
  </testcase> <!-- registrationfirst -->
  <testcase classname="VGApplication.VG_UP.Stage_01" name="registrationfirst" time="0.000">
    <skipped/>
  </testcase> <!-- registrationfirst -->
  <testcase classname="VGApplication.VG_UP.Stage_01" name="registrationfirst" time="0.000">
    <skipped/>
  </testcase> <!-- registrationfirst -->
  <testcase classname="VGApplication.VG_UP.Stage_01" name="registrationfirst" time="0.000">
    <skipped/>
  </testcase> <!-- registrationfirst -->
  <testcase classname="VGApplication.VG_UP.Stage_01" name="registrationfirst" time="0.000">
    <skipped/>
  </testcase> <!-- registrationfirst -->
  <testcase classname="VGApplication.VG_UP.Stage_01" name="registrationfirst" time="0.000">
    <skipped/>
  </testcase> <!-- registrationfirst -->
  <testcase classname="VGApplication.VG_UP.Stage_01" name="registrationfirst" time="0.000">
    <skipped/>
  </testcase> <!-- registrationfirst -->
  <testcase classname="VGApplication.VG_UP.Stage_01" name="registrationfirst" time="0.000">
    <skipped/>
  </testcase> <!-- registrationfirst -->
  <testcase classname="VGApplication.VG_UP.Stage_01" name="registrationfirst" time="0.000">
    <skipped/>
  </testcase> <!-- registrationfirst -->
  <testcase classname="VGApplication.VG_UP.Stage_01" name="registrationfirst" time="0.000">
    <skipped/>
  </testcase> <!-- registrationfirst -->
  <testcase classname="VGApplication.VG_UP.Stage_01" name="registrationfirst" time="0.000">
    <skipped/>
  </testcase> <!-- registrationfirst -->
  <testcase classname="VGApplication.VG_UP.Stage_01" name="registrationfirst" time="0.000">
    <skipped/>
  </testcase> <!-- registrationfirst -->
  <testcase classname="VGApplication.VG_UP.Stage_01" name="registrationfirst" time="0.000">
    <skipped/>
  </testcase> <!-- registrationfirst -->
  <testcase classname="VGApplication.VG_UP.Stage_01" name="registrationfirst" time="0.000">
    <skipped/>
  </testcase> <!-- registrationfirst -->
  <testcase classname="VGApplication.VG_UP.Stage_01" name="registrationfirst" time="58.865"/>
  <testcase classname="VGApplication.VG_UP.Stage_01" name="registrationfirst" time="0.000">
    <skipped/>
  </testcase> <!-- registrationfirst -->
  <testcase classname="VGApplication.VG_UP.Stage_01" name="registrationfirst" time="0.000">
    <skipped/>
  </testcase> <!-- registrationfirst -->
  <testcase classname="VGApplication.VG_UP.Stage_01" name="registrationfirst" time="0.000">
    <skipped/>
  </testcase> <!-- registrationfirst -->
  <testcase classname="VGApplication.VG_UP.Stage_01" name="registrationfirst" time="0.000">
    <skipped/>
  </testcase> <!-- registrationfirst -->
  <testcase classname="VGApplication.VG_UP.Stage_01" name="registrationfirst" time="0.000">
    <skipped/>
  </testcase> <!-- registrationfirst -->
  <testcase classname="VGApplication.VG_UP.Stage_01" name="registrationfirst" time="55.929"/>
  <testcase classname="VGApplication.VG_UP.Stage_01" name="registrationfirst" time="55.044"/>
  <testcase classname="VGApplication.VG_UP.Stage_01" name="registrationfirst" time="0.000">
    <skipped/>
  </testcase> <!-- registrationfirst -->
  <testcase classname="VGApplication.VG_UP.Stage_01" name="registrationfirst" time="0.000">
    <skipped/>
  </testcase> <!-- registrationfirst -->
  <testcase classname="VGApplication.VG_UP.Stage_01" name="registrationfirst" time="0.000">
    <skipped/>
  </testcase> <!-- registrationfirst -->
  <testcase classname="VGApplication.VG_UP.Stage_01" name="registrationfirst" time="57.240"/>
  <testcase classname="VGApplication.VG_UP.Stage_01" name="registrationfirst" time="0.000">
    <skipped/>
  </testcase> <!-- registrationfirst -->
  <testcase classname="VGApplication.VG_UP.Stage_01" name="registrationfirst" time="0.000">
    <skipped/>
  </testcase> <!-- registrationfirst -->
  <testcase classname="VGApplication.VG_UP.Stage_01" name="registrationfirst" time="0.000">
    <skipped/>
  </testcase> <!-- registrationfirst -->
  <testcase classname="VGApplication.VG_UP.Stage_01" name="registrationfirst" time="0.000">
    <skipped/>
  </testcase> <!-- registrationfirst -->
  <testcase classname="VGApplication.VG_UP.Stage_01" name="registrationfirst" time="0.000">
    <skipped/>
  </testcase> <!-- registrationfirst -->
  <testcase classname="VGApplication.VG_UP.Stage_01" name="registrationfirst" time="0.000">
    <skipped/>
  </testcase> <!-- registrationfirst -->
  <testcase classname="VGApplication.VG_UP.Stage_01" name="registrationfirst" time="0.000">
    <skipped/>
  </testcase> <!-- registrationfirst -->
  <testcase classname="VGApplication.VG_UP.Stage_01" name="registrationfirst" time="0.000">
    <skipped/>
  </testcase> <!-- registrationfirst -->
  <testcase classname="VGApplication.VG_UP.Stage_01" name="registrationfirst" time="57.588"/>
  <testcase classname="VGApplication.VG_UP.Stage_01" name="registrationfirst" time="0.000">
    <skipped/>
  </testcase> <!-- registrationfirst -->
  <testcase classname="VGApplication.VG_UP.Stage_01" name="registrationfirst" time="0.000">
    <skipped/>
  </testcase> <!-- registrationfirst -->
  <testcase classname="VGApplication.VG_UP.Stage_01" name="registrationfirst" time="0.000">
    <skipped/>
  </testcase> <!-- registrationfirst -->
  <testcase classname="VGApplication.VG_UP.Stage_01" name="registrationfirst" time="0.000">
    <skipped/>
  </testcase> <!-- registrationfirst -->
  <testcase classname="VGApplication.VG_UP.Stage_01" name="registrationfirst" time="57.841"/>
  <testcase classname="VGApplication.VG_UP.Stage_01" name="registrationfirst" time="0.000">
    <skipped/>
  </testcase> <!-- registrationfirst -->
  <testcase classname="VGApplication.VG_UP.Stage_01" name="registrationfirst" time="0.000">
    <skipped/>
  </testcase> <!-- registrationfirst -->
  <testcase classname="VGApplication.VG_UP.Stage_01" name="registrationfirst" time="57.286"/>
  <testcase classname="VGApplication.VG_UP.Stage_01" name="registrationfirst" time="57.732"/>
  <testcase classname="VGApplication.VG_UP.Stage_01" name="registrationfirst" time="0.000">
    <skipped/>
  </testcase> <!-- registrationfirst -->
  <testcase classname="VGApplication.VG_UP.Stage_01" name="registrationfirst" time="0.001">
    <skipped/>
  </testcase> <!-- registrationfirst -->
  <testcase classname="VGApplication.VG_UP.Stage_01" name="registrationfirst" time="0.000">
    <skipped/>
  </testcase> <!-- registrationfirst -->
  <testcase classname="VGApplication.VG_UP.Stage_01" name="registrationfirst" time="0.000">
    <skipped/>
  </testcase> <!-- registrationfirst -->
  <testcase classname="VGApplication.VG_UP.Stage_01" name="registrationfirst" time="0.000">
    <skipped/>
  </testcase> <!-- registrationfirst -->
  <testcase classname="VGApplication.VG_UP.Stage_01" name="registrationfirst" time="0.000">
    <skipped/>
  </testcase> <!-- registrationfirst -->
  <testcase classname="VGApplication.VG_UP.Stage_01" name="registrationfirst" time="0.000">
    <skipped/>
  </testcase> <!-- registrationfirst -->
  <testcase classname="VGApplication.VG_UP.Stage_01" name="registrationfirst" time="0.000">
    <skipped/>
  </testcase> <!-- registrationfirst -->
  <testcase classname="VGApplication.VG_UP.Stage_01" name="registrationfirst" time="0.000">
    <skipped/>
  </testcase> <!-- registrationfirst -->
  <testcase classname="VGApplication.VG_UP.Stage_01" name="registrationfirst" time="0.000">
    <skipped/>
  </testcase> <!-- registrationfirst -->
  <testcase classname="VGApplication.VG_UP.Stage_01" name="registrationfirst" time="0.000">
    <skipped/>
  </testcase> <!-- registrationfirst -->
  <testcase classname="VGApplication.VG_UP.Stage_01" name="registrationfirst" time="0.000">
    <skipped/>
  </testcase> <!-- registrationfirst -->
  <testcase classname="VGApplication.VG_UP.Stage_01" name="registrationfirst" time="0.000">
    <skipped/>
  </testcase> <!-- registrationfirst -->
  <testcase classname="VGApplication.VG_UP.Stage_01" name="registrationfirst" time="0.000">
    <skipped/>
  </testcase> <!-- registrationfirst -->
  <testcase classname="VGApplication.VG_UP.Stage_01" name="registrationfirst" time="0.000">
    <skipped/>
  </testcase> <!-- registrationfirst -->
  <testcase classname="VGApplication.VG_UP.Stage_01" name="registrationfirst" time="0.000">
    <skipped/>
  </testcase> <!-- registrationfirst -->
  <testcase classname="VGApplication.VG_UP.Stage_01" name="registrationfirst" time="0.000">
    <skipped/>
  </testcase> <!-- registrationfirst -->
  <testcase classname="VGApplication.VG_UP.Stage_01" name="registrationfirst" time="0.000">
    <skipped/>
  </testcase> <!-- registrationfirst -->
  <testcase classname="VGApplication.VG_UP.Stage_01" name="registrationfirst" time="0.000">
    <skipped/>
  </testcase> <!-- registrationfirst -->
  <testcase classname="VGApplication.VG_UP.Stage_01" name="registrationfirst" time="0.000">
    <skipped/>
  </testcase> <!-- registrationfirst -->
  <testcase classname="VGApplication.VG_UP.Stage_01" name="registrationfirst" time="0.000">
    <skipped/>
  </testcase> <!-- registrationfirst -->
  <testcase classname="VGApplication.VG_UP.Stage_01" name="registrationfirst" time="0.000">
    <skipped/>
  </testcase> <!-- registrationfirst -->
  <testcase classname="VGApplication.VG_UP.Stage_01" name="registrationfirst" time="0.000">
    <skipped/>
  </testcase> <!-- registrationfirst -->
  <testcase classname="VGApplication.VG_UP.Stage_01" name="registrationfirst" time="0.000">
    <skipped/>
  </testcase> <!-- registrationfirst -->
  <testcase classname="VGApplication.VG_UP.Stage_01" name="registrationfirst" time="0.000">
    <skipped/>
  </testcase> <!-- registrationfirst -->
  <testcase classname="VGApplication.VG_UP.Stage_01" name="registrationfirst" time="59.542"/>
  <testcase classname="VGApplication.VG_UP.Stage_01" name="registrationfirst" time="0.000">
    <skipped/>
  </testcase> <!-- registrationfirst -->
  <testcase classname="VGApplication.VG_UP.Stage_01" name="registrationfirst" time="0.000">
    <skipped/>
  </testcase> <!-- registrationfirst -->
  <testcase classname="VGApplication.VG_UP.Stage_01" name="registrationfirst" time="0.000">
    <skipped/>
  </testcase> <!-- registrationfirst -->
  <testcase classname="VGApplication.VG_UP.Stage_01" name="registrationfirst" time="0.000">
    <skipped/>
  </testcase> <!-- registrationfirst -->
  <testcase classname="VGApplication.VG_UP.Stage_01" name="registrationfirst" time="0.000">
    <skipped/>
  </testcase> <!-- registrationfirst -->
  <testcase classname="VGApplication.VG_UP.Stage_01" name="registrationfirst" time="0.000">
    <skipped/>
  </testcase> <!-- registrationfirst -->
  <testcase classname="VGApplication.VG_UP.Stage_01" name="registrationfirst" time="0.000">
    <skipped/>
  </testcase> <!-- registrationfirst -->
  <testcase classname="VGApplication.VG_UP.Stage_01" name="registrationfirst" time="0.000">
    <skipped/>
  </testcase> <!-- registrationfirst -->
  <testcase classname="VGApplication.VG_UP.Stage_01" name="registrationfirst" time="0.000">
    <skipped/>
  </testcase> <!-- registrationfirst -->
  <testcase classname="VGApplication.VG_UP.Stage_01" name="registrationfirst" time="0.000">
    <skipped/>
  </testcase> <!-- registrationfirst -->
  <testcase classname="VGApplication.VG_UP.Stage_01" name="registrationfirst" time="0.000">
    <skipped/>
  </testcase> <!-- registrationfirst -->
  <testcase classname="VGApplication.VG_UP.Stage_01" name="registrationfirst" time="0.000">
    <skipped/>
  </testcase> <!-- registrationfirst -->
  <testcase classname="VGApplication.VG_UP.Stage_01" name="registrationfirst" time="56.583"/>
  <testcase classname="VGApplication.VG_UP.Stage_01" name="registrationfirst" time="0.000">
    <skipped/>
  </testcase> <!-- registrationfirst -->
  <testcase classname="VGApplication.VG_UP.Stage_01" name="registrationfirst" time="0.000">
    <skipped/>
  </testcase> <!-- registrationfirst -->
  <testcase classname="VGApplication.VG_UP.Stage_01" name="registrationfirst" time="0.000">
    <skipped/>
  </testcase> <!-- registrationfirst -->
  <testcase classname="VGApplication.VG_UP.Stage_01" name="registrationfirst" time="0.000">
    <skipped/>
  </testcase> <!-- registrationfirst -->
  <testcase classname="VGApplication.VG_UP.Stage_01" name="registrationfirst" time="0.000">
    <skipped/>
  </testcase> <!-- registrationfirst -->
  <testcase classname="VGApplication.VG_UP.Stage_01" name="registrationfirst" time="0.000">
    <skipped/>
  </testcase> <!-- registrationfirst -->
  <testcase classname="VGApplication.VG_UP.Stage_01" name="registrationfirst" time="56.145"/>
  <testcase classname="VGApplication.VG_UP.Stage_01" name="registrationfirst" time="0.000">
    <skipped/>
  </testcase> <!-- registrationfirst -->
  <testcase classname="VGApplication.VG_UP.Stage_01" name="registrationfirst" time="0.000">
    <skipped/>
  </testcase> <!-- registrationfirst -->
  <testcase classname="VGApplication.VG_UP.Stage_01" name="registrationfirst" time="0.000">
    <skipped/>
  </testcase> <!-- registrationfirst -->
  <testcase classname="VGApplication.VG_UP.Stage_01" name="registrationfirst" time="0.000">
    <skipped/>
  </testcase> <!-- registrationfirst -->
  <testcase classname="VGApplication.VG_UP.Stage_01" name="registrationfirst" time="0.000">
    <skipped/>
  </testcase> <!-- registrationfirst -->
  <testcase classname="VGApplication.VG_UP.Stage_01" name="registrationfirst" time="0.000">
    <skipped/>
  </testcase> <!-- registrationfirst -->
  <testcase classname="VGApplication.VG_UP.Stage_01" name="registrationfirst" time="0.000">
    <skipped/>
  </testcase> <!-- registrationfirst -->
  <testcase classname="VGApplication.VG_UP.Stage_01" name="registrationfirst" time="0.000">
    <skipped/>
  </testcase> <!-- registrationfirst -->
  <testcase classname="VGApplication.VG_UP.Stage_01" name="registrationfirst" time="56.441"/>
  <testcase classname="VGApplication.VG_UP.Stage_01" name="registrationfirst" time="0.000">
    <skipped/>
  </testcase> <!-- registrationfirst -->
  <testcase classname="VGApplication.VG_UP.Stage_01" name="registrationfirst" time="0.000">
    <skipped/>
  </testcase> <!-- registrationfirst -->
  <testcase classname="VGApplication.VG_UP.Stage_01" name="registrationfirst" time="0.000">
    <skipped/>
  </testcase> <!-- registrationfirst -->
  <testcase classname="VGApplication.VG_UP.Stage_01" name="registrationfirst" time="0.000">
    <skipped/>
  </testcase> <!-- registrationfirst -->
  <testcase classname="VGApplication.VG_UP.Stage_01" name="registrationfirst" time="0.000">
    <skipped/>
  </testcase> <!-- registrationfirst -->
  <testcase classname="VGApplication.VG_UP.Stage_01" name="registrationfirst" time="0.000">
    <skipped/>
  </testcase> <!-- registrationfirst -->
  <testcase classname="VGApplication.VG_UP.Stage_01" name="registrationfirst" time="0.000">
    <skipped/>
  </testcase> <!-- registrationfirst -->
  <testcase classname="VGApplication.VG_UP.Stage_01" name="registrationfirst" time="0.000">
    <skipped/>
  </testcase> <!-- registrationfirst -->
  <testcase classname="VGApplication.VG_UP.Stage_01" name="registrationfirst" time="56.373"/>
  <testcase classname="VGApplication.VG_UP.Stage_01" name="registrationfirst" time="0.000">
    <skipped/>
  </testcase> <!-- registrationfirst -->
  <testcase classname="VGApplication.VG_UP.Stage_01" name="registrationfirst" time="57.290"/>
  <testcase classname="VGApplication.VG_UP.Stage_01" name="registrationfirst" time="0.000">
    <skipped/>
  </testcase> <!-- registrationfirst -->
  <testcase classname="VGApplication.VG_UP.Stage_01" name="registrationfirst" time="0.000">
    <skipped/>
  </testcase> <!-- registrationfirst -->
  <testcase classname="VGApplication.VG_UP.Stage_01" name="registrationfirst" time="0.000">
    <skipped/>
  </testcase> <!-- registrationfirst -->
  <testcase classname="VGApplication.VG_UP.Stage_01" name="registrationfirst" time="0.000">
    <skipped/>
  </testcase> <!-- registrationfirst -->
  <testcase classname="VGApplication.VG_UP.Stage_01" name="registrationfirst" time="0.000">
    <skipped/>
  </testcase> <!-- registrationfirst -->
  <testcase classname="VGApplication.VG_UP.Stage_01" name="registrationfirst" time="0.000">
    <skipped/>
  </testcase> <!-- registrationfirst -->
  <testcase classname="VGApplication.VG_UP.Stage_01" name="registrationfirst" time="0.000">
    <skipped/>
  </testcase> <!-- registrationfirst -->
  <testcase classname="VGApplication.VG_UP.Stage_01" name="registrationfirst" time="0.000">
    <skipped/>
  </testcase> <!-- registrationfirst -->
  <testcase classname="VGApplication.VG_UP.Stage_01" name="registrationfirst" time="0.000">
    <skipped/>
  </testcase> <!-- registrationfirst -->
  <testcase classname="VGApplication.VG_UP.Stage_01" name="registrationfirst" time="0.000">
    <skipped/>
  </testcase> <!-- registrationfirst -->
  <testcase classname="VGApplication.VG_UP.Stage_01" name="registrationfirst" time="0.000">
    <skipped/>
  </testcase> <!-- registrationfirst -->
  <testcase classname="VGApplication.VG_UP.Stage_01" name="registrationfirst" time="0.000">
    <skipped/>
  </testcase> <!-- registrationfirst -->
  <testcase classname="VGApplication.VG_UP.Stage_01" name="registrationfirst" time="0.000">
    <skipped/>
  </testcase> <!-- registrationfirst -->
  <testcase classname="VGApplication.VG_UP.Stage_01" name="registrationfirst" time="59.566"/>
  <testcase classname="VGApplication.VG_UP.Stage_01" name="registrationfirst" time="0.000">
    <skipped/>
  </testcase> <!-- registrationfirst -->
  <testcase classname="VGApplication.VG_UP.Stage_01" name="registrationfirst" time="0.000">
    <skipped/>
  </testcase> <!-- registrationfirst -->
  <testcase classname="VGApplication.VG_UP.Stage_01" name="registrationfirst" time="0.000">
    <skipped/>
  </testcase> <!-- registrationfirst -->
  <testcase classname="VGApplication.VG_UP.Stage_01" name="registrationfirst" time="57.498"/>
  <testcase classname="VGApplication.VG_UP.Stage_01" name="registrationfirst" time="29.036"/>
  <testcase classname="VGApplication.VG_UP.Stage_01" name="registrationfirst" time="57.745"/>
  <testcase classname="VGApplication.VG_UP.Stage_01" name="registrationfirst" time="0.000">
    <skipped/>
  </testcase> <!-- registrationfirst -->
  <testcase classname="VGApplication.VG_UP.Stage_01" name="registrationfirst" time="55.960"/>
  <testcase classname="VGApplication.VG_UP.Stage_01" name="registrationfirst" time="0.000">
    <skipped/>
  </testcase> <!-- registrationfirst -->
  <testcase classname="VGApplication.VG_UP.Stage_01" name="registrationfirst" time="0.000">
    <skipped/>
  </testcase> <!-- registrationfirst -->
  <testcase classname="VGApplication.VG_UP.Stage_01" name="registrationfirst" time="56.467"/>
  <testcase classname="VGApplication.VG_UP.Stage_01" name="registrationfirst" time="56.291"/>
  <testcase classname="VGApplication.VG_UP.Stage_01" name="registrationfirst" time="0.000">
    <skipped/>
  </testcase> <!-- registrationfirst -->
  <testcase classname="VGApplication.VG_UP.Stage_01" name="registrationfirst" time="0.000">
    <skipped/>
  </testcase> <!-- registrationfirst -->
  <testcase classname="VGApplication.VG_UP.Stage_01" name="registrationfirst" time="0.000">
    <skipped/>
  </testcase> <!-- registrationfirst -->
  <testcase classname="VGApplication.VG_UP.Stage_01" name="registrationfirst" time="0.000">
    <skipped/>
  </testcase> <!-- registrationfirst -->
  <testcase classname="VGApplication.VG_UP.Stage_01" name="registrationfirst" time="1.153"/>
  <testcase classname="VGApplication.VG_UP.Stage_01" name="registrationfirst" time="0.000">
    <skipped/>
  </testcase> <!-- registrationfirst -->
  <testcase classname="VGApplication.VG_UP.Stage_01" name="registrationfirst" time="0.000">
    <skipped/>
  </testcase> <!-- registrationfirst -->
  <testcase classname="VGApplication.VG_UP.Stage_01" name="registrationfirst" time="0.000">
    <skipped/>
  </testcase> <!-- registrationfirst -->
  <testcase classname="VGApplication.VG_UP.Stage_01" name="registrationfirst" time="0.000">
    <skipped/>
  </testcase> <!-- registrationfirst -->
  <testcase classname="VGApplication.VG_UP.Stage_01" name="registrationfirst" time="56.581"/>
  <testcase classname="VGApplication.VG_UP.Stage_01" name="registrationfirst" time="0.000">
    <skipped/>
  </testcase> <!-- registrationfirst -->
  <testcase classname="VGApplication.VG_UP.Stage_01" name="registrationfirst" time="56.205"/>
  <testcase classname="VGApplication.VG_UP.Stage_01" name="registrationfirst" time="0.000">
    <skipped/>
  </testcase> <!-- registrationfirst -->
  <testcase classname="VGApplication.VG_UP.Stage_01" name="registrationfirst" time="0.000">
    <skipped/>
  </testcase> <!-- registrationfirst -->
  <testcase classname="VGApplication.VG_UP.Stage_01" name="registrationfirst" time="0.000">
    <skipped/>
  </testcase> <!-- registrationfirst -->
  <testcase classname="VGApplication.VG_UP.Stage_01" name="registrationfirst" time="57.337"/>
  <testcase classname="VGApplication.VG_UP.Stage_01" name="registrationfirst" time="0.000">
    <skipped/>
  </testcase> <!-- registrationfirst -->
  <testcase classname="VGApplication.VG_UP.Stage_01" name="registrationfirst" time="0.000">
    <skipped/>
  </testcase> <!-- registrationfirst -->
  <testcase classname="VGApplication.VG_UP.Stage_01" name="registrationfirst" time="0.000">
    <skipped/>
  </testcase> <!-- registrationfirst -->
  <testcase classname="VGApplication.VG_UP.Stage_01" name="registrationfirst" time="0.000">
    <skipped/>
  </testcase> <!-- registrationfirst -->
  <testcase classname="VGApplication.VG_UP.Stage_01" name="registrationfirst" time="0.000">
    <skipped/>
  </testcase> <!-- registrationfirst -->
  <testcase classname="VGApplication.VG_UP.Stage_01" name="registrationfirst" time="0.000">
    <skipped/>
  </testcase> <!-- registrationfirst -->
  <testcase classname="VGApplication.VG_UP.Stage_01" name="registrationfirst" time="0.000">
    <skipped/>
  </testcase> <!-- registrationfirst -->
  <testcase classname="VGApplication.VG_UP.Stage_01" name="registrationfirst" time="0.000">
    <skipped/>
  </testcase> <!-- registrationfirst -->
  <testcase classname="VGApplication.VG_UP.Stage_01" name="registrationfirst" time="55.078"/>
  <testcase classname="VGApplication.VG_UP.Stage_01" name="registrationfirst" time="0.000">
    <skipped/>
  </testcase> <!-- registrationfirst -->
  <testcase classname="VGApplication.VG_UP.Stage_01" name="registrationfirst" time="0.000">
    <skipped/>
  </testcase> <!-- registrationfirst -->
  <testcase classname="VGApplication.VG_UP.Stage_01" name="registrationfirst" time="0.000">
    <skipped/>
  </testcase> <!-- registrationfirst -->
  <testcase classname="VGApplication.VG_UP.Stage_01" name="registrationfirst" time="0.000">
    <skipped/>
  </testcase> <!-- registrationfirst -->
  <testcase classname="VGApplication.VG_UP.Stage_01" name="registrationfirst" time="0.000">
    <skipped/>
  </testcase> <!-- registrationfirst -->
  <testcase classname="VGApplication.VG_UP.Stage_01" name="registrationfirst" time="56.289"/>
  <testcase classname="VGApplication.VG_UP.Stage_01" name="registrationfirst" time="56.990"/>
  <testcase classname="VGApplication.VG_UP.Stage_01" name="registrationfirst" time="0.000">
    <skipped/>
[...]
    <skipped/>
  </testcase> <!-- registrationfirst -->
  <testcase classname="VGApplication.VG_UP.Stage_01" name="registrationfirst" time="0.000">
    <skipped/>
  </testcase> <!-- registrationfirst -->
  <testcase classname="VGApplication.VG_UP.Stage_01" name="registrationfirst" time="0.000">
    <skipped/>
  </testcase> <!-- registrationfirst -->
  <testcase classname="VGApplication.VG_UP.Stage_01" name="registrationfirst" time="56.025"/>
  <testcase classname="VGApplication.VG_UP.Stage_01" name="registrationfirst" time="0.000">
    <skipped/>
  </testcase> <!-- registrationfirst -->
  <testcase classname="VGApplication.VG_UP.Stage_01" name="registrationfirst" time="0.000">
    <skipped/>
  </testcase> <!-- registrationfirst -->
  <testcase classname="VGApplication.VG_UP.Stage_01" name="registrationfirst" time="54.921"/>
  <testcase classname="VGApplication.VG_UP.Stage_01" name="registrationfirst" time="0.000">
    <skipped/>
  </testcase> <!-- registrationfirst -->
  <testcase classname="VGApplication.VG_UP.Stage_01" name="registrationfirst" time="0.000">
    <skipped/>
  </testcase> <!-- registrationfirst -->
  <testcase classname="VGApplication.VG_UP.Stage_01" name="registrationfirst" time="0.000">
    <skipped/>
  </testcase> <!-- registrationfirst -->
  <testcase classname="VGApplication.VG_UP.Stage_01" name="registrationfirst" time="0.000">
    <skipped/>
  </testcase> <!-- registrationfirst -->
  <testcase classname="VGApplication.VG_UP.Stage_01" name="registrationfirst" time="0.000">
    <skipped/>
  </testcase> <!-- registrationfirst -->
  <testcase classname="VGApplication.VG_UP.Stage_01" name="registrationfirst" time="0.000">
    <skipped/>
  </testcase> <!-- registrationfirst -->
  <testcase classname="VGApplication.VG_UP.Stage_01" name="registrationfirst" time="0.000">
    <skipped/>
  </testcase> <!-- registrationfirst -->
  <testcase classname="VGApplication.VG_UP.Stage_01" name="registrationfirst" time="58.968"/>
  <testcase classname="VGApplication.VG_UP.Stage_01" name="registrationfirst" time="0.000">
    <skipped/>
  </testcase> <!-- registrationfirst -->
  <testcase classname="VGApplication.VG_UP.Stage_01" name="registrationfirst" time="56.982"/>
  <testcase classname="VGApplication.VG_UP.Stage_01" name="registrationfirst" time="0.000">
    <skipped/>
  </testcase> <!-- registrationfirst -->
  <testcase classname="VGApplication.VG_UP.Stage_01" name="registrationfirst" time="0.000">
    <skipped/>
  </testcase> <!-- registrationfirst -->
  <testcase classname="VGApplication.VG_UP.Stage_01" name="registrationfirst" time="0.000">
    <skipped/>
  </testcase> <!-- registrationfirst -->
  <testcase classname="VGApplication.VG_UP.Stage_01" name="registrationfirst" time="0.000">
    <skipped/>
  </testcase> <!-- registrationfirst -->
  <testcase classname="VGApplication.VG_UP.Stage_01" name="registrationfirst" time="0.000">
    <skipped/>
  </testcase> <!-- registrationfirst -->
  <testcase classname="VGApplication.VG_UP.Stage_01" name="registrationfirst" time="0.000">
    <skipped/>
  </testcase> <!-- registrationfirst -->
  <testcase classname="VGApplication.VG_UP.Stage_01" name="registrationfirst" time="57.547"/>
  <testcase classname="VGApplication.VG_UP.Stage_01" name="registrationfirst" time="54.665"/>
  <testcase classname="VGApplication.VG_UP.Stage_01" name="registrationfirst" time="0.000">
    <skipped/>
  </testcase> <!-- registrationfirst -->
  <testcase classname="VGApplication.VG_UP.Stage_01" name="registrationfirst" time="0.000">
    <skipped/>
  </testcase> <!-- registrationfirst -->
  <testcase classname="VGApplication.VG_UP.Stage_01" name="registrationfirst" time="0.000">
    <skipped/>
  </testcase> <!-- registrationfirst -->
  <testcase classname="VGApplication.VG_UP.Stage_01" name="registrationfirst" time="0.000">
    <skipped/>
  </testcase> <!-- registrationfirst -->
  <testcase classname="VGApplication.VG_UP.Stage_01" name="registrationfirst" time="0.000">
    <skipped/>
  </testcase> <!-- registrationfirst -->
  <testcase classname="VGApplication.VG_UP.Stage_01" name="registrationfirst" time="0.000">
    <skipped/>
  </testcase> <!-- registrationfirst -->
  <testcase classname="VGApplication.VG_UP.Stage_01" name="registrationfirst" time="0.000">
    <skipped/>
  </testcase> <!-- registrationfirst -->
  <testcase classname="VGApplication.VG_UP.Stage_01" name="registrationfirst" time="0.000">
    <skipped/>
  </testcase> <!-- registrationfirst -->
  <testcase classname="VGApplication.VG_UP.Stage_01" name="registrationfirst" time="57.709"/>
  <testcase classname="VGApplication.VG_UP.Stage_01" name="registrationfirst" time="0.000">
    <skipped/>
  </testcase> <!-- registrationfirst -->
  <testcase classname="VGApplication.VG_UP.Stage_01" name="registrationfirst" time="0.000">
    <skipped/>
  </testcase> <!-- registrationfirst -->
  <testcase classname="VGApplication.VG_UP.Stage_01" name="registrationfirst" time="0.000">
    <skipped/>
  </testcase> <!-- registrationfirst -->
  <testcase classname="VGApplication.VG_UP.Stage_01" name="registrationfirst" time="56.497"/>
  <testcase classname="VGApplication.VG_UP.Stage_01" name="registrationfirst" time="0.000">
    <skipped/>
  </testcase> <!-- registrationfirst -->
  <testcase classname="VGApplication.VG_UP.Stage_01" name="registrationfirst" time="0.000">
    <skipped/>
  </testcase> <!-- registrationfirst -->
  <testcase classname="VGApplication.VG_UP.Stage_01" name="registrationfirst" time="0.000">
    <skipped/>
  </testcase> <!-- registrationfirst -->
  <testcase classname="VGApplication.VG_UP.Stage_01" name="registrationfirst" time="0.000">
    <skipped/>
  </testcase> <!-- registrationfirst -->
  <testcase classname="VGApplication.VG_UP.Stage_01" name="registrationfirst" time="0.000">
    <skipped/>
  </testcase> <!-- registrationfirst -->
  <testcase classname="VGApplication.VG_UP.Stage_01" name="registrationfirst" time="0.000">
    <skipped/>
  </testcase> <!-- registrationfirst -->
  <testcase classname="VGApplication.VG_UP.Stage_01" name="registrationfirst" time="0.000">
    <skipped/>
  </testcase> <!-- registrationfirst -->
  <testcase classname="VGApplication.VG_UP.Stage_01" name="registrationfirst" time="0.000">
    <skipped/>
  </testcase> <!-- registrationfirst -->
  <testcase classname="VGApplication.VG_UP.Stage_01" name="registrationfirst" time="56.405"/>
  <testcase classname="VGApplication.VG_UP.Stage_01" name="registrationfirst" time="0.000">
    <skipped/>
  </testcase> <!-- registrationfirst -->
  <testcase classname="VGApplication.VG_UP.Stage_01" name="registrationfirst" time="0.000">
    <skipped/>
  </testcase> <!-- registrationfirst -->
  <testcase classname="VGApplication.VG_UP.Stage_01" name="registrationfirst" time="0.000">
    <skipped/>
  </testcase> <!-- registrationfirst -->
  <testcase classname="VGApplication.VG_UP.Stage_01" name="registrationfirst" time="0.000">
    <skipped/>
  </testcase> <!-- registrationfirst -->
  <testcase classname="VGApplication.VG_UP.Stage_01" name="registrationfirst" time="0.000">
    <skipped/>
  </testcase> <!-- registrationfirst -->
  <testcase classname="VGApplication.VG_UP.Stage_01" name="registrationfirst" time="0.000">
    <skipped/>
  </testcase> <!-- registrationfirst -->
  <testcase classname="VGApplication.VG_UP.Stage_01" name="registrationfirst" time="0.000">
    <skipped/>
  </testcase> <!-- registrationfirst -->
  <testcase classname="VGApplication.VG_UP.Stage_01" name="registrationfirst" time="0.000">
    <skipped/>
  </testcase> <!-- registrationfirst -->
  <testcase classname="VGApplication.VG_UP.Stage_01" name="registrationfirst" time="0.000">
    <skipped/>
  </testcase> <!-- registrationfirst -->
  <testcase classname="VGApplication.VG_UP.Stage_01" name="registrationfirst" time="0.000">
    <skipped/>
  </testcase> <!-- registrationfirst -->
  <testcase classname="VGApplication.VG_UP.Stage_01" name="registrationfirst" time="0.000">
    <skipped/>
  </testcase> <!-- registrationfirst -->
  <testcase classname="VGApplication.VG_UP.Stage_01" name="registrationfirst" time="0.000">
    <skipped/>
  </testcase> <!-- registrationfirst -->
  <testcase classname="VGApplication.VG_UP.Stage_01" name="registrationfirst" time="0.000">
    <skipped/>
  </testcase> <!-- registrationfirst -->
  <testcase classname="VGApplication.VG_UP.Stage_01" name="registrationfirst" time="0.000">
    <skipped/>
  </testcase> <!-- registrationfirst -->
  <testcase classname="VGApplication.VG_UP.Stage_01" name="registrationfirst" time="55.998"/>
  <testcase classname="VGApplication.VG_UP.Stage_01" name="registrationfirst" time="0.000">
    <skipped/>
  </testcase> <!-- registrationfirst -->
  <testcase classname="VGApplication.VG_UP.Stage_01" name="registrationfirst" time="0.000">
    <skipped/>
  </testcase> <!-- registrationfirst -->
  <testcase classname="VGApplication.VG_UP.Stage_01" name="registrationfirst" time="0.000">
    <skipped/>
  </testcase> <!-- registrationfirst -->
  <testcase classname="VGApplication.VG_UP.Stage_01" name="registrationfirst" time="0.000">
    <skipped/>
  </testcase> <!-- registrationfirst -->
  <testcase classname="VGApplication.VG_UP.Stage_01" name="registrationfirst" time="0.000">
    <skipped/>
  </testcase> <!-- registrationfirst -->
  <testcase classname="VGApplication.VG_UP.Stage_01" name="registrationfirst" time="0.000">
    <skipped/>
  </testcase> <!-- registrationfirst -->
  <testcase classname="VGApplication.VG_UP.Stage_01" name="registrationfirst" time="0.000">
    <skipped/>
  </testcase> <!-- registrationfirst -->
  <testcase classname="VGApplication.VG_UP.Stage_01" name="registrationfirst" time="0.000">
    <skipped/>
  </testcase> <!-- registrationfirst -->
  <testcase classname="VGApplication.VG_UP.Stage_01" name="registrationfirst" time="54.747"/>
  <testcase classname="VGApplication.VG_UP.Stage_01" name="registrationfirst" time="56.026"/>
  <testcase classname="VGApplication.VG_UP.Stage_01" name="registrationfirst" time="0.000">
    <skipped/>
  </testcase> <!-- registrationfirst -->
  <testcase classname="VGApplication.VG_UP.Stage_01" name="registrationfirst" time="0.000">
    <skipped/>
  </testcase> <!-- registrationfirst -->
  <testcase classname="VGApplication.VG_UP.Stage_01" name="registrationfirst" time="56.030"/>
  <testcase classname="VGApplication.VG_UP.Stage_01" name="registrationfirst" time="0.000">
    <skipped/>
  </testcase> <!-- registrationfirst -->
  <testcase classname="VGApplication.VG_UP.Stage_01" name="registrationfirst" time="0.000">
    <skipped/>
  </testcase> <!-- registrationfirst -->
  <testcase classname="VGApplication.VG_UP.Stage_01" name="registrationfirst" time="0.000">
    <skipped/>
  </testcase> <!-- registrationfirst -->
  <testcase classname="VGApplication.VG_UP.Stage_01" name="registrationfirst" time="0.000">
    <skipped/>
  </testcase> <!-- registrationfirst -->
  <testcase classname="VGApplication.VG_UP.Stage_01" name="registrationfirst" time="0.000">
    <skipped/>
  </testcase> <!-- registrationfirst -->
  <testcase classname="VGApplication.VG_UP.Stage_01" name="registrationfirst" time="0.000">
    <skipped/>
  </testcase> <!-- registrationfirst -->
  <testcase classname="VGApplication.VG_UP.Stage_01" name="registrationfirst" time="0.000">
    <skipped/>
  </testcase> <!-- registrationfirst -->
  <testcase classname="VGApplication.VG_UP.Stage_01" name="registrationfirst" time="0.000">
    <skipped/>
  </testcase> <!-- registrationfirst -->
  <testcase classname="VGApplication.VG_UP.Stage_01" name="registrationfirst" time="0.000">
    <skipped/>
  </testcase> <!-- registrationfirst -->
  <testcase classname="VGApplication.VG_UP.Stage_01" name="registrationfirst" time="0.000">
    <skipped/>
  </testcase> <!-- registrationfirst -->
  <testcase classname="VGApplication.VG_UP.Stage_01" name="registrationfirst" time="0.000">
    <skipped/>
  </testcase> <!-- registrationfirst -->
  <testcase classname="VGApplication.VG_UP.Stage_01" name="registrationfirst" time="0.000">
    <skipped/>
  </testcase> <!-- registrationfirst -->
  <testcase classname="VGApplication.VG_UP.Stage_01" name="registrationfirst" time="0.000">
    <skipped/>
  </testcase> <!-- registrationfirst -->
  <testcase classname="VGApplication.VG_UP.Stage_01" name="registrationfirst" time="0.000">
    <skipped/>
  </testcase> <!-- registrationfirst -->
  <testcase classname="VGApplication.VG_UP.Stage_01" name="registrationfirst" time="0.000">
    <skipped/>
  </testcase> <!-- registrationfirst -->
  <testcase classname="VGApplication.VG_UP.Stage_01" name="registrationfirst" time="0.000">
    <skipped/>
  </testcase> <!-- registrationfirst -->
  <testcase classname="VGApplication.VG_UP.Stage_01" name="registrationfirst" time="0.000">
    <skipped/>
  </testcase> <!-- registrationfirst -->
  <testcase classname="VGApplication.VG_UP.Stage_01" name="registrationfirst" time="59.157"/>
  <testcase classname="VGApplication.VG_UP.Stage_01" name="registrationfirst" time="0.000">
    <skipped/>
  </testcase> <!-- registrationfirst -->
  <testcase classname="VGApplication.VG_UP.Stage_01" name="registrationfirst" time="0.000">
    <skipped/>
  </testcase> <!-- registrationfirst -->
  <testcase classname="VGApplication.VG_UP.Stage_01" name="registrationfirst" time="0.000">
    <skipped/>
  </testcase> <!-- registrationfirst -->
  <testcase classname="VGApplication.VG_UP.Stage_01" name="registrationfirst" time="56.194"/>
  <testcase classname="VGApplication.VG_UP.Stage_01" name="registrationfirst" time="0.000">
    <skipped/>
  </testcase> <!-- registrationfirst -->
  <testcase classname="VGApplication.VG_UP.Stage_01" name="registrationfirst" time="0.000">
    <skipped/>
  </testcase> <!-- registrationfirst -->
  <testcase classname="VGApplication.VG_UP.Stage_01" name="registrationfirst" time="0.000">
    <skipped/>
  </testcase> <!-- registrationfirst -->
  <testcase classname="VGApplication.VG_UP.Stage_01" name="registrationfirst" time="0.000">
    <skipped/>
  </testcase> <!-- registrationfirst -->
  <testcase classname="VGApplication.VG_UP.Stage_01" name="registrationfirst" time="0.000">
    <skipped/>
  </testcase> <!-- registrationfirst -->
  <testcase classname="VGApplication.VG_UP.Stage_01" name="registrationfirst" time="0.000">
    <skipped/>
  </testcase> <!-- registrationfirst -->
  <testcase classname="VGApplication.VG_UP.Stage_01" name="registrationfirst" time="56.326"/>
  <testcase classname="VGApplication.VG_UP.Stage_01" name="registrationfirst" time="0.000">
    <skipped/>
  </testcase> <!-- registrationfirst -->
  <testcase classname="VGApplication.VG_UP.Stage_01" name="registrationfirst" time="0.000">
    <skipped/>
  </testcase> <!-- registrationfirst -->
  <testcase classname="VGApplication.VG_UP.Stage_01" name="registrationfirst" time="0.000">
    <skipped/>
  </testcase> <!-- registrationfirst -->
  <testcase classname="VGApplication.VG_UP.Stage_01" name="registrationfirst" time="0.000">
    <skipped/>
  </testcase> <!-- registrationfirst -->
  <testcase classname="VGApplication.VG_UP.Stage_01" name="registrationfirst" time="0.000">
    <skipped/>
  </testcase> <!-- registrationfirst -->
  <testcase classname="VGApplication.VG_UP.Stage_01" name="registrationfirst" time="0.000">
    <skipped/>
  </testcase> <!-- registrationfirst -->
  <testcase classname="VGApplication.VG_UP.Stage_01" name="registrationfirst" time="0.000">
    <skipped/>
  </testcase> <!-- registrationfirst -->
  <testcase classname="VGApplication.VG_UP.Stage_01" name="registrationfirst" time="56.359"/>
  <testcase classname="VGApplication.VG_UP.Stage_01" name="registrationfirst" time="57.655"/>
  <testcase classname="VGApplication.VG_UP.Stage_01" name="registrationfirst" time="0.000">
    <skipped/>
  </testcase> <!-- registrationfirst -->
  <testcase classname="VGApplication.VG_UP.Stage_01" name="registrationfirst" time="0.000">
    <skipped/>
  </testcase> <!-- registrationfirst -->
  <testcase classname="VGApplication.VG_UP.Stage_01" name="registrationfirst" time="0.000">
    <skipped/>
  </testcase> <!-- registrationfirst -->
  <testcase classname="VGApplication.VG_UP.Stage_01" name="registrationfirst" time="0.000">
    <skipped/>
  </testcase> <!-- registrationfirst -->
  <testcase classname="VGApplication.VG_UP.Stage_01" name="registrationfirst" time="57.429"/>
  <testcase classname="VGApplication.VG_UP.Stage_01" name="registrationfirst" time="0.000">
    <skipped/>
  </testcase> <!-- registrationfirst -->
  <testcase classname="VGApplication.VG_UP.Stage_01" name="registrationfirst" time="0.000">
    <skipped/>
  </testcase> <!-- registrationfirst -->
  <testcase classname="VGApplication.VG_UP.Stage_01" name="registrationfirst" time="0.000">
    <skipped/>
  </testcase> <!-- registrationfirst -->
  <testcase classname="VGApplication.VG_UP.Stage_01" name="registrationfirst" time="0.000">
    <skipped/>
  </testcase> <!-- registrationfirst -->
  <testcase classname="VGApplication.VG_UP.Stage_01" name="registrationfirst" time="0.000">
    <skipped/>
  </testcase> <!-- registrationfirst -->
  <testcase classname="VGApplication.VG_UP.Stage_01" name="registrationfirst" time="0.000">
    <skipped/>
  </testcase> <!-- registrationfirst -->
  <testcase classname="VGApplication.VG_UP.Stage_01" name="registrationfirst" time="0.000">
    <skipped/>
  </testcase> <!-- registrationfirst -->
  <testcase classname="VGApplication.VG_UP.Stage_01" name="registrationfirst" time="0.000">
    <skipped/>
  </testcase> <!-- registrationfirst -->
  <testcase classname="VGApplication.VG_UP.Stage_01" name="registrationfirst" time="0.000">
    <skipped/>
  </testcase> <!-- registrationfirst -->
  <testcase classname="VGApplication.VG_UP.Stage_01" name="registrationfirst" time="0.000">
    <skipped/>
  </testcase> <!-- registrationfirst -->
  <testcase classname="VGApplication.VG_UP.Stage_01" name="registrationfirst" time="57.086"/>
  <testcase classname="VGApplication.VG_UP.Stage_01" name="registrationfirst" time="0.000">
    <skipped/>
  </testcase> <!-- registrationfirst -->
  <testcase classname="VGApplication.VG_UP.Stage_01" name="registrationfirst" time="0.000">
    <skipped/>
  </testcase> <!-- registrationfirst -->
  <testcase classname="VGApplication.VG_UP.Stage_01" name="registrationfirst" time="0.000">
    <skipped/>
  </testcase> <!-- registrationfirst -->
  <testcase classname="VGApplication.VG_UP.Stage_01" name="registrationfirst" time="55.967"/>
  <testcase classname="VGApplication.VG_UP.Stage_01" name="registrationfirst" time="56.466"/>
  <testcase classname="VGApplication.VG_UP.Stage_01" name="registrationfirst" time="0.000">
    <skipped/>
  </testcase> <!-- registrationfirst -->
  <testcase classname="VGApplication.VG_UP.Stage_01" name="registrationfirst" time="0.000">
    <skipped/>
  </testcase> <!-- registrationfirst -->
  <testcase classname="VGApplication.VG_UP.Stage_01" name="registrationfirst" time="0.000">
    <skipped/>
  </testcase> <!-- registrationfirst -->
  <testcase classname="VGApplication.VG_UP.Stage_01" name="registrationfirst" time="0.000">
    <skipped/>
  </testcase> <!-- registrationfirst -->
  <testcase classname="VGApplication.VG_UP.Stage_01" name="registrationfirst" time="0.000">
    <skipped/>
  </testcase> <!-- registrationfirst -->
  <testcase classname="VGApplication.VG_UP.Stage_01" name="registrationfirst" time="0.000">
    <skipped/>
  </testcase> <!-- registrationfirst -->
  <testcase classname="VGApplication.VG_UP.Stage_01" name="registrationfirst" time="0.000">
    <skipped/>
  </testcase> <!-- registrationfirst -->
  <testcase classname="VGApplication.VG_UP.Stage_01" name="registrationfirst" time="0.000">
    <skipped/>
  </testcase> <!-- registrationfirst -->
  <testcase classname="VGApplication.VG_UP.Stage_01" name="registrationfirst" time="0.000">
    <skipped/>
  </testcase> <!-- registrationfirst -->
</testsuite> <!-- VGApplication.VG_UP.Stage_01 -->
